<!doctype html>
<html lang="en"><head><meta charSet="utf-8"/><meta http-equiv="X-UA-Compatible" content="IE=edge"/><meta name="viewport" content="width=device-width, initial-scale=1"/><title>Mochawesome Report</title><link rel="stylesheet" href="assets/app.css"/></head><body data-raw="{&quot;stats&quot;:{&quot;suites&quot;:1,&quot;tests&quot;:26,&quot;passes&quot;:0,&quot;pending&quot;:0,&quot;failures&quot;:26,&quot;start&quot;:&quot;2022-12-20T22:56:33.159Z&quot;,&quot;end&quot;:&quot;2022-12-20T23:00:04.089Z&quot;,&quot;duration&quot;:210930,&quot;testsRegistered&quot;:26,&quot;passPercent&quot;:0,&quot;pendingPercent&quot;:0,&quot;other&quot;:0,&quot;hasOther&quot;:false,&quot;skipped&quot;:0,&quot;hasSkipped&quot;:false},&quot;results&quot;:[{&quot;uuid&quot;:&quot;17d024fd-3708-41e0-9170-7e3cca697872&quot;,&quot;title&quot;:&quot;&quot;,&quot;fullFile&quot;:&quot;cypress/e2e/SWE_PROJECT/PostActions/postAction.cy.js&quot;,&quot;file&quot;:&quot;cypress/e2e/SWE_PROJECT/PostActions/postAction.cy.js&quot;,&quot;beforeHooks&quot;:[],&quot;afterHooks&quot;:[],&quot;tests&quot;:[],&quot;suites&quot;:[{&quot;uuid&quot;:&quot;ec57778a-1391-401c-b3e2-587d22688a11&quot;,&quot;title&quot;:&quot;Test some actions on post&quot;,&quot;fullFile&quot;:&quot;&quot;,&quot;file&quot;:&quot;&quot;,&quot;beforeHooks&quot;:[],&quot;afterHooks&quot;:[],&quot;tests&quot;:[{&quot;title&quot;:&quot;Check saving arbitrary post in (SAVED) page in user profile&quot;,&quot;fullTitle&quot;:&quot;Test some actions on post Check saving arbitrary post in (SAVED) page in user profile&quot;,&quot;duration&quot;:8593,&quot;state&quot;:&quot;failed&quot;,&quot;pass&quot;:false,&quot;fail&quot;:true,&quot;pending&quot;:false,&quot;code&quot;:&quot;const postAct = new _postActionObjects.default();\nconst userProfile = new _userProfileObject.default();\npostAct.firstPostActionsList();\npostAct.savePost();\npostAct.getFirstPostTitle().then(title =&gt; {\n  postAct.showSettingsSubmenu();\n  postAct.goUserProfile();\n  userProfile.saved();\n  userProfile.findPost(title);\n});&quot;,&quot;err&quot;:{&quot;message&quot;:&quot;CypressError: Timed out retrying after 4050ms: `cy.click()` failed because this element:\n\n`&lt;li id=\&quot;submenu\&quot; data-v-5e748030=\&quot;\&quot;&gt;...&lt;/li&gt;`\n\nis being covered by another element:\n\n`&lt;input type=\&quot;text\&quot; class=\&quot;header-search-input\&quot; placeholder=\&quot;Search Reddit\&quot; id=\&quot;header-search\&quot; data-v-1524e344=\&quot;\&quot;&gt;`\n\nFix this problem, or use {force: true} to disable error checking.\n\nhttps://on.cypress.io/element-cannot-be-interacted-with&quot;,&quot;estack&quot;:&quot;CypressError: Timed out retrying after 4050ms: `cy.click()` failed because this element:\n\n`&lt;li id=\&quot;submenu\&quot; data-v-5e748030=\&quot;\&quot;&gt;...&lt;/li&gt;`\n\nis being covered by another element:\n\n`&lt;input type=\&quot;text\&quot; class=\&quot;header-search-input\&quot; placeholder=\&quot;Search Reddit\&quot; id=\&quot;header-search\&quot; data-v-1524e344=\&quot;\&quot;&gt;`\n\nFix this problem, or use {force: true} to disable error checking.\n\nhttps://on.cypress.io/element-cannot-be-interacted-with\n    at ensureIsDescendent (https://www.read-it.live/__cypress/runner/cypress_runner.js:133130:76)\n    at ensureDescendents (https://www.read-it.live/__cypress/runner/cypress_runner.js:133181:5)\n    at ensureDescendentsAndScroll (https://www.read-it.live/__cypress/runner/cypress_runner.js:133187:14)\n    at ensureElIsNotCovered (https://www.read-it.live/__cypress/runner/cypress_runner.js:133318:5)\n    at runAllChecks (https://www.read-it.live/__cypress/runner/cypress_runner.js:133498:52)\n    at retryActionability (https://www.read-it.live/__cypress/runner/cypress_runner.js:133535:16)\n    at tryCatcher (https://www.read-it.live/__cypress/runner/cypress_runner.js:11327:23)\n    at Promise.attempt.Promise.try (https://www.read-it.live/__cypress/runner/cypress_runner.js:8601:29)\n    at whenStable (https://www.read-it.live/__cypress/runner/cypress_runner.js:149610:65)\n    at &lt;unknown&gt; (https://www.read-it.live/__cypress/runner/cypress_runner.js:149051:14)\n    at tryCatcher (https://www.read-it.live/__cypress/runner/cypress_runner.js:11327:23)\n    at Promise._settlePromiseFromHandler (https://www.read-it.live/__cypress/runner/cypress_runner.js:9262:31)\n    at Promise._settlePromise (https://www.read-it.live/__cypress/runner/cypress_runner.js:9319:18)\n    at Promise._settlePromise0 (https://www.read-it.live/__cypress/runner/cypress_runner.js:9364:10)\n    at Promise._settlePromises (https://www.read-it.live/__cypress/runner/cypress_runner.js:9444:18)\n    at Promise._fulfill (https://www.read-it.live/__cypress/runner/cypress_runner.js:9388:18)\n    at &lt;unknown&gt; (https://www.read-it.live/__cypress/runner/cypress_runner.js:11002:46)\nFrom Your Spec Code:\n    at postActionObjects.firstPostActionsList (webpack:///./cypress/e2e/SWE_PROJECT/PageObjects/CreatePostObjects/postActionObjects.js:210:13)\n    at Context.eval (webpack:///./cypress/e2e/SWE_PROJECT/PostActions/postAction.cy.js:21:12)&quot;},&quot;uuid&quot;:&quot;13d7d422-32a1-42b4-aff3-043bf13f1b0a&quot;,&quot;parentUUID&quot;:&quot;ec57778a-1391-401c-b3e2-587d22688a11&quot;,&quot;isHook&quot;:false,&quot;skipped&quot;:false},{&quot;title&quot;:&quot;Appearance of saving post message and its syntax&quot;,&quot;fullTitle&quot;:&quot;Test some actions on post Appearance of saving post message and its syntax&quot;,&quot;duration&quot;:7358,&quot;state&quot;:&quot;failed&quot;,&quot;pass&quot;:false,&quot;fail&quot;:true,&quot;pending&quot;:false,&quot;code&quot;:&quot;const postAct = new _postActionObjects.default();\npostAct.firstPostActionsList();\npostAct.savePost();\npostAct.saveMsgSyntax();&quot;,&quot;err&quot;:{&quot;message&quot;:&quot;CypressError: Timed out retrying after 4050ms: `cy.click()` failed because this element:\n\n`&lt;li id=\&quot;submenu\&quot; data-v-5e748030=\&quot;\&quot;&gt;...&lt;/li&gt;`\n\nis being covered by another element:\n\n`&lt;input type=\&quot;text\&quot; class=\&quot;header-search-input\&quot; placeholder=\&quot;Search Reddit\&quot; id=\&quot;header-search\&quot; data-v-1524e344=\&quot;\&quot;&gt;`\n\nFix this problem, or use {force: true} to disable error checking.\n\nhttps://on.cypress.io/element-cannot-be-interacted-with&quot;,&quot;estack&quot;:&quot;CypressError: Timed out retrying after 4050ms: `cy.click()` failed because this element:\n\n`&lt;li id=\&quot;submenu\&quot; data-v-5e748030=\&quot;\&quot;&gt;...&lt;/li&gt;`\n\nis being covered by another element:\n\n`&lt;input type=\&quot;text\&quot; class=\&quot;header-search-input\&quot; placeholder=\&quot;Search Reddit\&quot; id=\&quot;header-search\&quot; data-v-1524e344=\&quot;\&quot;&gt;`\n\nFix this problem, or use {force: true} to disable error checking.\n\nhttps://on.cypress.io/element-cannot-be-interacted-with\n    at ensureIsDescendent (https://www.read-it.live/__cypress/runner/cypress_runner.js:133130:76)\n    at ensureDescendents (https://www.read-it.live/__cypress/runner/cypress_runner.js:133181:5)\n    at ensureDescendentsAndScroll (https://www.read-it.live/__cypress/runner/cypress_runner.js:133187:14)\n    at ensureElIsNotCovered (https://www.read-it.live/__cypress/runner/cypress_runner.js:133318:5)\n    at runAllChecks (https://www.read-it.live/__cypress/runner/cypress_runner.js:133498:52)\n    at retryActionability (https://www.read-it.live/__cypress/runner/cypress_runner.js:133535:16)\n    at tryCatcher (https://www.read-it.live/__cypress/runner/cypress_runner.js:11327:23)\n    at Promise.attempt.Promise.try (https://www.read-it.live/__cypress/runner/cypress_runner.js:8601:29)\n    at whenStable (https://www.read-it.live/__cypress/runner/cypress_runner.js:149610:65)\n    at &lt;unknown&gt; (https://www.read-it.live/__cypress/runner/cypress_runner.js:149051:14)\n    at tryCatcher (https://www.read-it.live/__cypress/runner/cypress_runner.js:11327:23)\n    at Promise._settlePromiseFromHandler (https://www.read-it.live/__cypress/runner/cypress_runner.js:9262:31)\n    at Promise._settlePromise (https://www.read-it.live/__cypress/runner/cypress_runner.js:9319:18)\n    at Promise._settlePromise0 (https://www.read-it.live/__cypress/runner/cypress_runner.js:9364:10)\n    at Promise._settlePromises (https://www.read-it.live/__cypress/runner/cypress_runner.js:9444:18)\n    at Promise._fulfill (https://www.read-it.live/__cypress/runner/cypress_runner.js:9388:18)\n    at &lt;unknown&gt; (https://www.read-it.live/__cypress/runner/cypress_runner.js:11002:46)\nFrom Your Spec Code:\n    at postActionObjects.firstPostActionsList (webpack:///./cypress/e2e/SWE_PROJECT/PageObjects/CreatePostObjects/postActionObjects.js:210:13)\n    at Context.eval (webpack:///./cypress/e2e/SWE_PROJECT/PostActions/postAction.cy.js:34:12)&quot;},&quot;uuid&quot;:&quot;bf9d1626-8d0e-4907-aa5e-81bc67e7825f&quot;,&quot;parentUUID&quot;:&quot;ec57778a-1391-401c-b3e2-587d22688a11&quot;,&quot;isHook&quot;:false,&quot;skipped&quot;:false},{&quot;title&quot;:&quot;Check message after clicking on (Undo) in saving post message&quot;,&quot;fullTitle&quot;:&quot;Test some actions on post Check message after clicking on (Undo) in saving post message&quot;,&quot;duration&quot;:6541,&quot;state&quot;:&quot;failed&quot;,&quot;pass&quot;:false,&quot;fail&quot;:true,&quot;pending&quot;:false,&quot;code&quot;:&quot;const postAct = new _postActionObjects.default();\npostAct.firstPostActionsList();\npostAct.savePost();\npostAct.unsaveMsgSyntax();&quot;,&quot;err&quot;:{&quot;message&quot;:&quot;CypressError: Timed out retrying after 4050ms: `cy.click()` failed because this element:\n\n`&lt;li id=\&quot;submenu\&quot; data-v-5e748030=\&quot;\&quot;&gt;...&lt;/li&gt;`\n\nis being covered by another element:\n\n`&lt;input type=\&quot;text\&quot; class=\&quot;header-search-input\&quot; placeholder=\&quot;Search Reddit\&quot; id=\&quot;header-search\&quot; data-v-1524e344=\&quot;\&quot;&gt;`\n\nFix this problem, or use {force: true} to disable error checking.\n\nhttps://on.cypress.io/element-cannot-be-interacted-with&quot;,&quot;estack&quot;:&quot;CypressError: Timed out retrying after 4050ms: `cy.click()` failed because this element:\n\n`&lt;li id=\&quot;submenu\&quot; data-v-5e748030=\&quot;\&quot;&gt;...&lt;/li&gt;`\n\nis being covered by another element:\n\n`&lt;input type=\&quot;text\&quot; class=\&quot;header-search-input\&quot; placeholder=\&quot;Search Reddit\&quot; id=\&quot;header-search\&quot; data-v-1524e344=\&quot;\&quot;&gt;`\n\nFix this problem, or use {force: true} to disable error checking.\n\nhttps://on.cypress.io/element-cannot-be-interacted-with\n    at ensureIsDescendent (https://www.read-it.live/__cypress/runner/cypress_runner.js:133130:76)\n    at ensureDescendents (https://www.read-it.live/__cypress/runner/cypress_runner.js:133181:5)\n    at ensureDescendentsAndScroll (https://www.read-it.live/__cypress/runner/cypress_runner.js:133187:14)\n    at ensureElIsNotCovered (https://www.read-it.live/__cypress/runner/cypress_runner.js:133318:5)\n    at runAllChecks (https://www.read-it.live/__cypress/runner/cypress_runner.js:133498:52)\n    at retryActionability (https://www.read-it.live/__cypress/runner/cypress_runner.js:133535:16)\n    at tryCatcher (https://www.read-it.live/__cypress/runner/cypress_runner.js:11327:23)\n    at Promise.attempt.Promise.try (https://www.read-it.live/__cypress/runner/cypress_runner.js:8601:29)\n    at whenStable (https://www.read-it.live/__cypress/runner/cypress_runner.js:149610:65)\n    at &lt;unknown&gt; (https://www.read-it.live/__cypress/runner/cypress_runner.js:149051:14)\n    at tryCatcher (https://www.read-it.live/__cypress/runner/cypress_runner.js:11327:23)\n    at Promise._settlePromiseFromHandler (https://www.read-it.live/__cypress/runner/cypress_runner.js:9262:31)\n    at Promise._settlePromise (https://www.read-it.live/__cypress/runner/cypress_runner.js:9319:18)\n    at Promise._settlePromise0 (https://www.read-it.live/__cypress/runner/cypress_runner.js:9364:10)\n    at Promise._settlePromises (https://www.read-it.live/__cypress/runner/cypress_runner.js:9444:18)\n    at Promise._fulfill (https://www.read-it.live/__cypress/runner/cypress_runner.js:9388:18)\n    at &lt;unknown&gt; (https://www.read-it.live/__cypress/runner/cypress_runner.js:11002:46)\nFrom Your Spec Code:\n    at postActionObjects.firstPostActionsList (webpack:///./cypress/e2e/SWE_PROJECT/PageObjects/CreatePostObjects/postActionObjects.js:210:13)\n    at Context.eval (webpack:///./cypress/e2e/SWE_PROJECT/PostActions/postAction.cy.js:42:12)&quot;},&quot;uuid&quot;:&quot;7d1b66e0-c27a-4dd9-b8bf-14ad9a5fd004&quot;,&quot;parentUUID&quot;:&quot;ec57778a-1391-401c-b3e2-587d22688a11&quot;,&quot;isHook&quot;:false,&quot;skipped&quot;:false},{&quot;title&quot;:&quot;Check unsaving post in (SAVED) page in user profile after click on (Undo) in save message&quot;,&quot;fullTitle&quot;:&quot;Test some actions on post Check unsaving post in (SAVED) page in user profile after click on (Undo) in save message&quot;,&quot;duration&quot;:7944,&quot;state&quot;:&quot;failed&quot;,&quot;pass&quot;:false,&quot;fail&quot;:true,&quot;pending&quot;:false,&quot;code&quot;:&quot;const postAct = new _postActionObjects.default();\nconst userProfile = new _userProfileObject.default();\npostAct.firstPostActionsList();\npostAct.savePost();\npostAct.saveUndoByMsg();\npostAct.getFirstPostTitle().then(title =&gt; {\n  postAct.showSettingsSubmenu();\n  postAct.goUserProfile();\n  userProfile.saved();\n  userProfile.disappearanceOfPost(title);\n});\n//save a post go to SAVED in your profile and chrck if it is unsaved or not\n//?Later:how to check for the post that i unsaved right now not another post?&quot;,&quot;err&quot;:{&quot;message&quot;:&quot;CypressError: Timed out retrying after 4050ms: `cy.click()` failed because this element:\n\n`&lt;li id=\&quot;submenu\&quot; data-v-5e748030=\&quot;\&quot;&gt;...&lt;/li&gt;`\n\nis being covered by another element:\n\n`&lt;input type=\&quot;text\&quot; class=\&quot;header-search-input\&quot; placeholder=\&quot;Search Reddit\&quot; id=\&quot;header-search\&quot; data-v-1524e344=\&quot;\&quot;&gt;`\n\nFix this problem, or use {force: true} to disable error checking.\n\nhttps://on.cypress.io/element-cannot-be-interacted-with&quot;,&quot;estack&quot;:&quot;CypressError: Timed out retrying after 4050ms: `cy.click()` failed because this element:\n\n`&lt;li id=\&quot;submenu\&quot; data-v-5e748030=\&quot;\&quot;&gt;...&lt;/li&gt;`\n\nis being covered by another element:\n\n`&lt;input type=\&quot;text\&quot; class=\&quot;header-search-input\&quot; placeholder=\&quot;Search Reddit\&quot; id=\&quot;header-search\&quot; data-v-1524e344=\&quot;\&quot;&gt;`\n\nFix this problem, or use {force: true} to disable error checking.\n\nhttps://on.cypress.io/element-cannot-be-interacted-with\n    at ensureIsDescendent (https://www.read-it.live/__cypress/runner/cypress_runner.js:133130:76)\n    at ensureDescendents (https://www.read-it.live/__cypress/runner/cypress_runner.js:133181:5)\n    at ensureDescendentsAndScroll (https://www.read-it.live/__cypress/runner/cypress_runner.js:133187:14)\n    at ensureElIsNotCovered (https://www.read-it.live/__cypress/runner/cypress_runner.js:133318:5)\n    at runAllChecks (https://www.read-it.live/__cypress/runner/cypress_runner.js:133498:52)\n    at retryActionability (https://www.read-it.live/__cypress/runner/cypress_runner.js:133535:16)\n    at tryCatcher (https://www.read-it.live/__cypress/runner/cypress_runner.js:11327:23)\n    at Promise.attempt.Promise.try (https://www.read-it.live/__cypress/runner/cypress_runner.js:8601:29)\n    at whenStable (https://www.read-it.live/__cypress/runner/cypress_runner.js:149610:65)\n    at &lt;unknown&gt; (https://www.read-it.live/__cypress/runner/cypress_runner.js:149051:14)\n    at tryCatcher (https://www.read-it.live/__cypress/runner/cypress_runner.js:11327:23)\n    at Promise._settlePromiseFromHandler (https://www.read-it.live/__cypress/runner/cypress_runner.js:9262:31)\n    at Promise._settlePromise (https://www.read-it.live/__cypress/runner/cypress_runner.js:9319:18)\n    at Promise._settlePromise0 (https://www.read-it.live/__cypress/runner/cypress_runner.js:9364:10)\n    at Promise._settlePromises (https://www.read-it.live/__cypress/runner/cypress_runner.js:9444:18)\n    at Promise._fulfill (https://www.read-it.live/__cypress/runner/cypress_runner.js:9388:18)\n    at &lt;unknown&gt; (https://www.read-it.live/__cypress/runner/cypress_runner.js:11002:46)\nFrom Your Spec Code:\n    at postActionObjects.firstPostActionsList (webpack:///./cypress/e2e/SWE_PROJECT/PageObjects/CreatePostObjects/postActionObjects.js:210:13)\n    at Context.eval (webpack:///./cypress/e2e/SWE_PROJECT/PostActions/postAction.cy.js:51:12)&quot;},&quot;uuid&quot;:&quot;3d415fe7-98db-493c-9059-8c24486aeb87&quot;,&quot;parentUUID&quot;:&quot;ec57778a-1391-401c-b3e2-587d22688a11&quot;,&quot;isHook&quot;:false,&quot;skipped&quot;:false},{&quot;title&quot;:&quot;Check unsaving arbitrary saved post in (SAVED) page in user profile&quot;,&quot;fullTitle&quot;:&quot;Test some actions on post Check unsaving arbitrary saved post in (SAVED) page in user profile&quot;,&quot;duration&quot;:7347,&quot;state&quot;:&quot;failed&quot;,&quot;pass&quot;:false,&quot;fail&quot;:true,&quot;pending&quot;:false,&quot;code&quot;:&quot;const postAct = new _postActionObjects.default();\nconst userProfile = new _userProfileObject.default();\npostAct.firstPostActionsList();\npostAct.savePost();\n//NOTE: wait some time until the message of saving post diappeare\ncy.wait(8000);\npostAct.firstPostActionsList();\npostAct.unsavePost();\npostAct.getFirstPostTitle().then(title =&gt; {\n  postAct.showSettingsSubmenu();\n  postAct.goUserProfile();\n  userProfile.saved();\n  userProfile.disappearanceOfPost(title);\n});\n//save a post go to SAVED in your profile and chrck if it is saved or not\n//?Later:how to check for the post that i saved right now not another post?&quot;,&quot;err&quot;:{&quot;message&quot;:&quot;CypressError: Timed out retrying after 4050ms: `cy.click()` failed because this element:\n\n`&lt;li id=\&quot;submenu\&quot; data-v-5e748030=\&quot;\&quot;&gt;...&lt;/li&gt;`\n\nis being covered by another element:\n\n`&lt;input type=\&quot;text\&quot; class=\&quot;header-search-input\&quot; placeholder=\&quot;Search Reddit\&quot; id=\&quot;header-search\&quot; data-v-1524e344=\&quot;\&quot;&gt;`\n\nFix this problem, or use {force: true} to disable error checking.\n\nhttps://on.cypress.io/element-cannot-be-interacted-with&quot;,&quot;estack&quot;:&quot;CypressError: Timed out retrying after 4050ms: `cy.click()` failed because this element:\n\n`&lt;li id=\&quot;submenu\&quot; data-v-5e748030=\&quot;\&quot;&gt;...&lt;/li&gt;`\n\nis being covered by another element:\n\n`&lt;input type=\&quot;text\&quot; class=\&quot;header-search-input\&quot; placeholder=\&quot;Search Reddit\&quot; id=\&quot;header-search\&quot; data-v-1524e344=\&quot;\&quot;&gt;`\n\nFix this problem, or use {force: true} to disable error checking.\n\nhttps://on.cypress.io/element-cannot-be-interacted-with\n    at ensureIsDescendent (https://www.read-it.live/__cypress/runner/cypress_runner.js:133130:76)\n    at ensureDescendents (https://www.read-it.live/__cypress/runner/cypress_runner.js:133181:5)\n    at ensureDescendentsAndScroll (https://www.read-it.live/__cypress/runner/cypress_runner.js:133187:14)\n    at ensureElIsNotCovered (https://www.read-it.live/__cypress/runner/cypress_runner.js:133318:5)\n    at runAllChecks (https://www.read-it.live/__cypress/runner/cypress_runner.js:133498:52)\n    at retryActionability (https://www.read-it.live/__cypress/runner/cypress_runner.js:133535:16)\n    at tryCatcher (https://www.read-it.live/__cypress/runner/cypress_runner.js:11327:23)\n    at Promise.attempt.Promise.try (https://www.read-it.live/__cypress/runner/cypress_runner.js:8601:29)\n    at whenStable (https://www.read-it.live/__cypress/runner/cypress_runner.js:149610:65)\n    at &lt;unknown&gt; (https://www.read-it.live/__cypress/runner/cypress_runner.js:149051:14)\n    at tryCatcher (https://www.read-it.live/__cypress/runner/cypress_runner.js:11327:23)\n    at Promise._settlePromiseFromHandler (https://www.read-it.live/__cypress/runner/cypress_runner.js:9262:31)\n    at Promise._settlePromise (https://www.read-it.live/__cypress/runner/cypress_runner.js:9319:18)\n    at Promise._settlePromise0 (https://www.read-it.live/__cypress/runner/cypress_runner.js:9364:10)\n    at Promise._settlePromises (https://www.read-it.live/__cypress/runner/cypress_runner.js:9444:18)\n    at Promise._fulfill (https://www.read-it.live/__cypress/runner/cypress_runner.js:9388:18)\n    at &lt;unknown&gt; (https://www.read-it.live/__cypress/runner/cypress_runner.js:11002:46)\nFrom Your Spec Code:\n    at postActionObjects.firstPostActionsList (webpack:///./cypress/e2e/SWE_PROJECT/PageObjects/CreatePostObjects/postActionObjects.js:210:13)\n    at Context.eval (webpack:///./cypress/e2e/SWE_PROJECT/PostActions/postAction.cy.js:69:12)&quot;},&quot;uuid&quot;:&quot;9ab93182-ee8f-491e-a67e-b990c2eeacca&quot;,&quot;parentUUID&quot;:&quot;ec57778a-1391-401c-b3e2-587d22688a11&quot;,&quot;isHook&quot;:false,&quot;skipped&quot;:false},{&quot;title&quot;:&quot;Appearance of unsaving post message and its syntax&quot;,&quot;fullTitle&quot;:&quot;Test some actions on post Appearance of unsaving post message and its syntax&quot;,&quot;duration&quot;:7252,&quot;state&quot;:&quot;failed&quot;,&quot;pass&quot;:false,&quot;fail&quot;:true,&quot;pending&quot;:false,&quot;code&quot;:&quot;const postAct = new _postActionObjects.default();\npostAct.firstPostActionsList();\npostAct.savePost();\n//NOTE: wait some time until the message of saving post diappeare\ncy.wait(8000);\npostAct.firstPostActionsList();\npostAct.unsavePost();\npostAct.unsaveMsgSyntax();&quot;,&quot;err&quot;:{&quot;message&quot;:&quot;CypressError: Timed out retrying after 4050ms: `cy.click()` failed because this element:\n\n`&lt;li id=\&quot;submenu\&quot; data-v-5e748030=\&quot;\&quot;&gt;...&lt;/li&gt;`\n\nis being covered by another element:\n\n`&lt;input type=\&quot;text\&quot; class=\&quot;header-search-input\&quot; placeholder=\&quot;Search Reddit\&quot; id=\&quot;header-search\&quot; data-v-1524e344=\&quot;\&quot;&gt;`\n\nFix this problem, or use {force: true} to disable error checking.\n\nhttps://on.cypress.io/element-cannot-be-interacted-with&quot;,&quot;estack&quot;:&quot;CypressError: Timed out retrying after 4050ms: `cy.click()` failed because this element:\n\n`&lt;li id=\&quot;submenu\&quot; data-v-5e748030=\&quot;\&quot;&gt;...&lt;/li&gt;`\n\nis being covered by another element:\n\n`&lt;input type=\&quot;text\&quot; class=\&quot;header-search-input\&quot; placeholder=\&quot;Search Reddit\&quot; id=\&quot;header-search\&quot; data-v-1524e344=\&quot;\&quot;&gt;`\n\nFix this problem, or use {force: true} to disable error checking.\n\nhttps://on.cypress.io/element-cannot-be-interacted-with\n    at ensureIsDescendent (https://www.read-it.live/__cypress/runner/cypress_runner.js:133130:76)\n    at ensureDescendents (https://www.read-it.live/__cypress/runner/cypress_runner.js:133181:5)\n    at ensureDescendentsAndScroll (https://www.read-it.live/__cypress/runner/cypress_runner.js:133187:14)\n    at ensureElIsNotCovered (https://www.read-it.live/__cypress/runner/cypress_runner.js:133318:5)\n    at runAllChecks (https://www.read-it.live/__cypress/runner/cypress_runner.js:133498:52)\n    at retryActionability (https://www.read-it.live/__cypress/runner/cypress_runner.js:133535:16)\n    at tryCatcher (https://www.read-it.live/__cypress/runner/cypress_runner.js:11327:23)\n    at Promise.attempt.Promise.try (https://www.read-it.live/__cypress/runner/cypress_runner.js:8601:29)\n    at whenStable (https://www.read-it.live/__cypress/runner/cypress_runner.js:149610:65)\n    at &lt;unknown&gt; (https://www.read-it.live/__cypress/runner/cypress_runner.js:149051:14)\n    at tryCatcher (https://www.read-it.live/__cypress/runner/cypress_runner.js:11327:23)\n    at Promise._settlePromiseFromHandler (https://www.read-it.live/__cypress/runner/cypress_runner.js:9262:31)\n    at Promise._settlePromise (https://www.read-it.live/__cypress/runner/cypress_runner.js:9319:18)\n    at Promise._settlePromise0 (https://www.read-it.live/__cypress/runner/cypress_runner.js:9364:10)\n    at Promise._settlePromises (https://www.read-it.live/__cypress/runner/cypress_runner.js:9444:18)\n    at Promise._fulfill (https://www.read-it.live/__cypress/runner/cypress_runner.js:9388:18)\n    at &lt;unknown&gt; (https://www.read-it.live/__cypress/runner/cypress_runner.js:11002:46)\nFrom Your Spec Code:\n    at postActionObjects.firstPostActionsList (webpack:///./cypress/e2e/SWE_PROJECT/PageObjects/CreatePostObjects/postActionObjects.js:210:13)\n    at Context.eval (webpack:///./cypress/e2e/SWE_PROJECT/PostActions/postAction.cy.js:88:12)&quot;},&quot;uuid&quot;:&quot;f9ff2dc4-f343-4807-bc79-77f2663ed12c&quot;,&quot;parentUUID&quot;:&quot;ec57778a-1391-401c-b3e2-587d22688a11&quot;,&quot;isHook&quot;:false,&quot;skipped&quot;:false},{&quot;title&quot;:&quot;Check message after clicking on (Undo) in unsaving post message&quot;,&quot;fullTitle&quot;:&quot;Test some actions on post Check message after clicking on (Undo) in unsaving post message&quot;,&quot;duration&quot;:8376,&quot;state&quot;:&quot;failed&quot;,&quot;pass&quot;:false,&quot;fail&quot;:true,&quot;pending&quot;:false,&quot;code&quot;:&quot;const postAct = new _postActionObjects.default();\npostAct.firstPostActionsList();\npostAct.savePost();\n//NOTE: wait some time until the message of saving post diappeare\ncy.wait(8000);\npostAct.firstPostActionsList();\npostAct.unsavePost();\npostAct.unsaveUndoByMsg();\npostAct.saveMsgSyntax();&quot;,&quot;err&quot;:{&quot;message&quot;:&quot;CypressError: Timed out retrying after 4050ms: `cy.click()` failed because this element:\n\n`&lt;li id=\&quot;submenu\&quot; data-v-5e748030=\&quot;\&quot;&gt;...&lt;/li&gt;`\n\nis being covered by another element:\n\n`&lt;input type=\&quot;text\&quot; class=\&quot;header-search-input\&quot; placeholder=\&quot;Search Reddit\&quot; id=\&quot;header-search\&quot; data-v-1524e344=\&quot;\&quot;&gt;`\n\nFix this problem, or use {force: true} to disable error checking.\n\nhttps://on.cypress.io/element-cannot-be-interacted-with&quot;,&quot;estack&quot;:&quot;CypressError: Timed out retrying after 4050ms: `cy.click()` failed because this element:\n\n`&lt;li id=\&quot;submenu\&quot; data-v-5e748030=\&quot;\&quot;&gt;...&lt;/li&gt;`\n\nis being covered by another element:\n\n`&lt;input type=\&quot;text\&quot; class=\&quot;header-search-input\&quot; placeholder=\&quot;Search Reddit\&quot; id=\&quot;header-search\&quot; data-v-1524e344=\&quot;\&quot;&gt;`\n\nFix this problem, or use {force: true} to disable error checking.\n\nhttps://on.cypress.io/element-cannot-be-interacted-with\n    at ensureIsDescendent (https://www.read-it.live/__cypress/runner/cypress_runner.js:133130:76)\n    at ensureDescendents (https://www.read-it.live/__cypress/runner/cypress_runner.js:133181:5)\n    at ensureDescendentsAndScroll (https://www.read-it.live/__cypress/runner/cypress_runner.js:133187:14)\n    at ensureElIsNotCovered (https://www.read-it.live/__cypress/runner/cypress_runner.js:133318:5)\n    at runAllChecks (https://www.read-it.live/__cypress/runner/cypress_runner.js:133498:52)\n    at retryActionability (https://www.read-it.live/__cypress/runner/cypress_runner.js:133535:16)\n    at tryCatcher (https://www.read-it.live/__cypress/runner/cypress_runner.js:11327:23)\n    at Promise.attempt.Promise.try (https://www.read-it.live/__cypress/runner/cypress_runner.js:8601:29)\n    at whenStable (https://www.read-it.live/__cypress/runner/cypress_runner.js:149610:65)\n    at &lt;unknown&gt; (https://www.read-it.live/__cypress/runner/cypress_runner.js:149051:14)\n    at tryCatcher (https://www.read-it.live/__cypress/runner/cypress_runner.js:11327:23)\n    at Promise._settlePromiseFromHandler (https://www.read-it.live/__cypress/runner/cypress_runner.js:9262:31)\n    at Promise._settlePromise (https://www.read-it.live/__cypress/runner/cypress_runner.js:9319:18)\n    at Promise._settlePromise0 (https://www.read-it.live/__cypress/runner/cypress_runner.js:9364:10)\n    at Promise._settlePromises (https://www.read-it.live/__cypress/runner/cypress_runner.js:9444:18)\n    at Promise._fulfill (https://www.read-it.live/__cypress/runner/cypress_runner.js:9388:18)\n    at &lt;unknown&gt; (https://www.read-it.live/__cypress/runner/cypress_runner.js:11002:46)\nFrom Your Spec Code:\n    at postActionObjects.firstPostActionsList (webpack:///./cypress/e2e/SWE_PROJECT/PageObjects/CreatePostObjects/postActionObjects.js:210:13)\n    at Context.eval (webpack:///./cypress/e2e/SWE_PROJECT/PostActions/postAction.cy.js:100:12)&quot;},&quot;uuid&quot;:&quot;19ec9e7c-c8e4-4c9e-a3b4-8731faf77c75&quot;,&quot;parentUUID&quot;:&quot;ec57778a-1391-401c-b3e2-587d22688a11&quot;,&quot;isHook&quot;:false,&quot;skipped&quot;:false},{&quot;title&quot;:&quot;Check saving post in (SAVED) page in user profile after click on (Undo) in unsave message&quot;,&quot;fullTitle&quot;:&quot;Test some actions on post Check saving post in (SAVED) page in user profile after click on (Undo) in unsave message&quot;,&quot;duration&quot;:8421,&quot;state&quot;:&quot;failed&quot;,&quot;pass&quot;:false,&quot;fail&quot;:true,&quot;pending&quot;:false,&quot;code&quot;:&quot;const postAct = new _postActionObjects.default();\npostAct.firstPostActionsList();\npostAct.savePost();\n//NOTE: wait some time until the message of saving post diappeare\ncy.wait(8000);\npostAct.firstPostActionsList();\npostAct.unsavePost();\npostAct.unsaveUndoByMsg();\npostAct.getFirstPostTitle().then(title =&gt; {\n  postAct.showSettingsSubmenu();\n  postAct.goUserProfile();\n  userProfile.saved();\n  userProfile.findPost(title);\n});&quot;,&quot;err&quot;:{&quot;message&quot;:&quot;CypressError: Timed out retrying after 4050ms: `cy.click()` failed because this element:\n\n`&lt;li id=\&quot;submenu\&quot; data-v-5e748030=\&quot;\&quot;&gt;...&lt;/li&gt;`\n\nis being covered by another element:\n\n`&lt;input type=\&quot;text\&quot; class=\&quot;header-search-input\&quot; placeholder=\&quot;Search Reddit\&quot; id=\&quot;header-search\&quot; data-v-1524e344=\&quot;\&quot;&gt;`\n\nFix this problem, or use {force: true} to disable error checking.\n\nhttps://on.cypress.io/element-cannot-be-interacted-with&quot;,&quot;estack&quot;:&quot;CypressError: Timed out retrying after 4050ms: `cy.click()` failed because this element:\n\n`&lt;li id=\&quot;submenu\&quot; data-v-5e748030=\&quot;\&quot;&gt;...&lt;/li&gt;`\n\nis being covered by another element:\n\n`&lt;input type=\&quot;text\&quot; class=\&quot;header-search-input\&quot; placeholder=\&quot;Search Reddit\&quot; id=\&quot;header-search\&quot; data-v-1524e344=\&quot;\&quot;&gt;`\n\nFix this problem, or use {force: true} to disable error checking.\n\nhttps://on.cypress.io/element-cannot-be-interacted-with\n    at ensureIsDescendent (https://www.read-it.live/__cypress/runner/cypress_runner.js:133130:76)\n    at ensureDescendents (https://www.read-it.live/__cypress/runner/cypress_runner.js:133181:5)\n    at ensureDescendentsAndScroll (https://www.read-it.live/__cypress/runner/cypress_runner.js:133187:14)\n    at ensureElIsNotCovered (https://www.read-it.live/__cypress/runner/cypress_runner.js:133318:5)\n    at runAllChecks (https://www.read-it.live/__cypress/runner/cypress_runner.js:133498:52)\n    at retryActionability (https://www.read-it.live/__cypress/runner/cypress_runner.js:133535:16)\n    at tryCatcher (https://www.read-it.live/__cypress/runner/cypress_runner.js:11327:23)\n    at Promise.attempt.Promise.try (https://www.read-it.live/__cypress/runner/cypress_runner.js:8601:29)\n    at whenStable (https://www.read-it.live/__cypress/runner/cypress_runner.js:149610:65)\n    at &lt;unknown&gt; (https://www.read-it.live/__cypress/runner/cypress_runner.js:149051:14)\n    at tryCatcher (https://www.read-it.live/__cypress/runner/cypress_runner.js:11327:23)\n    at Promise._settlePromiseFromHandler (https://www.read-it.live/__cypress/runner/cypress_runner.js:9262:31)\n    at Promise._settlePromise (https://www.read-it.live/__cypress/runner/cypress_runner.js:9319:18)\n    at Promise._settlePromise0 (https://www.read-it.live/__cypress/runner/cypress_runner.js:9364:10)\n    at Promise._settlePromises (https://www.read-it.live/__cypress/runner/cypress_runner.js:9444:18)\n    at Promise._fulfill (https://www.read-it.live/__cypress/runner/cypress_runner.js:9388:18)\n    at &lt;unknown&gt; (https://www.read-it.live/__cypress/runner/cypress_runner.js:11002:46)\nFrom Your Spec Code:\n    at postActionObjects.firstPostActionsList (webpack:///./cypress/e2e/SWE_PROJECT/PageObjects/CreatePostObjects/postActionObjects.js:210:13)\n    at Context.eval (webpack:///./cypress/e2e/SWE_PROJECT/PostActions/postAction.cy.js:114:12)&quot;},&quot;uuid&quot;:&quot;57b020f1-37ca-445b-994b-789b2438677e&quot;,&quot;parentUUID&quot;:&quot;ec57778a-1391-401c-b3e2-587d22688a11&quot;,&quot;isHook&quot;:false,&quot;skipped&quot;:false},{&quot;title&quot;:&quot;Check hiding arbitrary post in (HIDDEN) page in user profile&quot;,&quot;fullTitle&quot;:&quot;Test some actions on post Check hiding arbitrary post in (HIDDEN) page in user profile&quot;,&quot;duration&quot;:8724,&quot;state&quot;:&quot;failed&quot;,&quot;pass&quot;:false,&quot;fail&quot;:true,&quot;pending&quot;:false,&quot;code&quot;:&quot;const postAct = new _postActionObjects.default();\nconst userProfile = new _userProfileObject.default();\npostAct.firstPostActionsList();\npostAct.hidePost();\npostAct.getFirstPostTitle().then(title =&gt; {\n  postAct.showSettingsSubmenu();\n  postAct.goUserProfile();\n  userProfile.hidden();\n  userProfile.findPost(title);\n});\n//check : Disappearance for the arbitrary hidden post\n//hide a post go to HIDDEN in your profile and chrck if it is hide or not\n//?Later:how to check for the post that i hide right now not another post?&quot;,&quot;err&quot;:{&quot;message&quot;:&quot;CypressError: Timed out retrying after 4050ms: `cy.click()` failed because this element:\n\n`&lt;li id=\&quot;submenu\&quot; data-v-5e748030=\&quot;\&quot;&gt;...&lt;/li&gt;`\n\nis being covered by another element:\n\n`&lt;input type=\&quot;text\&quot; class=\&quot;header-search-input\&quot; placeholder=\&quot;Search Reddit\&quot; id=\&quot;header-search\&quot; data-v-1524e344=\&quot;\&quot;&gt;`\n\nFix this problem, or use {force: true} to disable error checking.\n\nhttps://on.cypress.io/element-cannot-be-interacted-with&quot;,&quot;estack&quot;:&quot;CypressError: Timed out retrying after 4050ms: `cy.click()` failed because this element:\n\n`&lt;li id=\&quot;submenu\&quot; data-v-5e748030=\&quot;\&quot;&gt;...&lt;/li&gt;`\n\nis being covered by another element:\n\n`&lt;input type=\&quot;text\&quot; class=\&quot;header-search-input\&quot; placeholder=\&quot;Search Reddit\&quot; id=\&quot;header-search\&quot; data-v-1524e344=\&quot;\&quot;&gt;`\n\nFix this problem, or use {force: true} to disable error checking.\n\nhttps://on.cypress.io/element-cannot-be-interacted-with\n    at ensureIsDescendent (https://www.read-it.live/__cypress/runner/cypress_runner.js:133130:76)\n    at ensureDescendents (https://www.read-it.live/__cypress/runner/cypress_runner.js:133181:5)\n    at ensureDescendentsAndScroll (https://www.read-it.live/__cypress/runner/cypress_runner.js:133187:14)\n    at ensureElIsNotCovered (https://www.read-it.live/__cypress/runner/cypress_runner.js:133318:5)\n    at runAllChecks (https://www.read-it.live/__cypress/runner/cypress_runner.js:133498:52)\n    at retryActionability (https://www.read-it.live/__cypress/runner/cypress_runner.js:133535:16)\n    at tryCatcher (https://www.read-it.live/__cypress/runner/cypress_runner.js:11327:23)\n    at Promise.attempt.Promise.try (https://www.read-it.live/__cypress/runner/cypress_runner.js:8601:29)\n    at whenStable (https://www.read-it.live/__cypress/runner/cypress_runner.js:149610:65)\n    at &lt;unknown&gt; (https://www.read-it.live/__cypress/runner/cypress_runner.js:149051:14)\n    at tryCatcher (https://www.read-it.live/__cypress/runner/cypress_runner.js:11327:23)\n    at Promise._settlePromiseFromHandler (https://www.read-it.live/__cypress/runner/cypress_runner.js:9262:31)\n    at Promise._settlePromise (https://www.read-it.live/__cypress/runner/cypress_runner.js:9319:18)\n    at Promise._settlePromise0 (https://www.read-it.live/__cypress/runner/cypress_runner.js:9364:10)\n    at Promise._settlePromises (https://www.read-it.live/__cypress/runner/cypress_runner.js:9444:18)\n    at Promise._fulfill (https://www.read-it.live/__cypress/runner/cypress_runner.js:9388:18)\n    at &lt;unknown&gt; (https://www.read-it.live/__cypress/runner/cypress_runner.js:11002:46)\nFrom Your Spec Code:\n    at postActionObjects.firstPostActionsList (webpack:///./cypress/e2e/SWE_PROJECT/PageObjects/CreatePostObjects/postActionObjects.js:210:13)\n    at Context.eval (webpack:///./cypress/e2e/SWE_PROJECT/PostActions/postAction.cy.js:144:12)&quot;},&quot;uuid&quot;:&quot;6a173afa-4c4a-49b5-b846-4edb330cce0d&quot;,&quot;parentUUID&quot;:&quot;ec57778a-1391-401c-b3e2-587d22688a11&quot;,&quot;isHook&quot;:false,&quot;skipped&quot;:false},{&quot;title&quot;:&quot;Appearance of hiding post message and its syntax&quot;,&quot;fullTitle&quot;:&quot;Test some actions on post Appearance of hiding post message and its syntax&quot;,&quot;duration&quot;:8524,&quot;state&quot;:&quot;failed&quot;,&quot;pass&quot;:false,&quot;fail&quot;:true,&quot;pending&quot;:false,&quot;code&quot;:&quot;const postAct = new _postActionObjects.default();\npostAct.firstPostActionsList();\npostAct.hidePost();\npostAct.hideMsgSyntax();&quot;,&quot;err&quot;:{&quot;message&quot;:&quot;CypressError: Timed out retrying after 4050ms: `cy.click()` failed because this element:\n\n`&lt;li id=\&quot;submenu\&quot; data-v-5e748030=\&quot;\&quot;&gt;...&lt;/li&gt;`\n\nis being covered by another element:\n\n`&lt;input type=\&quot;text\&quot; class=\&quot;header-search-input\&quot; placeholder=\&quot;Search Reddit\&quot; id=\&quot;header-search\&quot; data-v-1524e344=\&quot;\&quot;&gt;`\n\nFix this problem, or use {force: true} to disable error checking.\n\nhttps://on.cypress.io/element-cannot-be-interacted-with&quot;,&quot;estack&quot;:&quot;CypressError: Timed out retrying after 4050ms: `cy.click()` failed because this element:\n\n`&lt;li id=\&quot;submenu\&quot; data-v-5e748030=\&quot;\&quot;&gt;...&lt;/li&gt;`\n\nis being covered by another element:\n\n`&lt;input type=\&quot;text\&quot; class=\&quot;header-search-input\&quot; placeholder=\&quot;Search Reddit\&quot; id=\&quot;header-search\&quot; data-v-1524e344=\&quot;\&quot;&gt;`\n\nFix this problem, or use {force: true} to disable error checking.\n\nhttps://on.cypress.io/element-cannot-be-interacted-with\n    at ensureIsDescendent (https://www.read-it.live/__cypress/runner/cypress_runner.js:133130:76)\n    at ensureDescendents (https://www.read-it.live/__cypress/runner/cypress_runner.js:133181:5)\n    at ensureDescendentsAndScroll (https://www.read-it.live/__cypress/runner/cypress_runner.js:133187:14)\n    at ensureElIsNotCovered (https://www.read-it.live/__cypress/runner/cypress_runner.js:133318:5)\n    at runAllChecks (https://www.read-it.live/__cypress/runner/cypress_runner.js:133498:52)\n    at retryActionability (https://www.read-it.live/__cypress/runner/cypress_runner.js:133535:16)\n    at tryCatcher (https://www.read-it.live/__cypress/runner/cypress_runner.js:11327:23)\n    at Promise.attempt.Promise.try (https://www.read-it.live/__cypress/runner/cypress_runner.js:8601:29)\n    at whenStable (https://www.read-it.live/__cypress/runner/cypress_runner.js:149610:65)\n    at &lt;unknown&gt; (https://www.read-it.live/__cypress/runner/cypress_runner.js:149051:14)\n    at tryCatcher (https://www.read-it.live/__cypress/runner/cypress_runner.js:11327:23)\n    at Promise._settlePromiseFromHandler (https://www.read-it.live/__cypress/runner/cypress_runner.js:9262:31)\n    at Promise._settlePromise (https://www.read-it.live/__cypress/runner/cypress_runner.js:9319:18)\n    at Promise._settlePromise0 (https://www.read-it.live/__cypress/runner/cypress_runner.js:9364:10)\n    at Promise._settlePromises (https://www.read-it.live/__cypress/runner/cypress_runner.js:9444:18)\n    at Promise._fulfill (https://www.read-it.live/__cypress/runner/cypress_runner.js:9388:18)\n    at &lt;unknown&gt; (https://www.read-it.live/__cypress/runner/cypress_runner.js:11002:46)\nFrom Your Spec Code:\n    at postActionObjects.firstPostActionsList (webpack:///./cypress/e2e/SWE_PROJECT/PageObjects/CreatePostObjects/postActionObjects.js:210:13)\n    at Context.eval (webpack:///./cypress/e2e/SWE_PROJECT/PostActions/postAction.cy.js:160:12)&quot;},&quot;uuid&quot;:&quot;00c087ea-b581-4e51-a74e-78db86a1c68d&quot;,&quot;parentUUID&quot;:&quot;ec57778a-1391-401c-b3e2-587d22688a11&quot;,&quot;isHook&quot;:false,&quot;skipped&quot;:false},{&quot;title&quot;:&quot;Check message after clicking on (Undo) in hiding post message &quot;,&quot;fullTitle&quot;:&quot;Test some actions on post Check message after clicking on (Undo) in hiding post message &quot;,&quot;duration&quot;:2899,&quot;state&quot;:&quot;failed&quot;,&quot;pass&quot;:false,&quot;fail&quot;:true,&quot;pending&quot;:false,&quot;code&quot;:&quot;const postAct = new _postActionObjects.default();\npostAct.firstPostActionsList();\npostAct.hidePost();\npostAct.hideUndoByMsg();\npostAct.unhideMsgDisappearance();\n//NOTE: unlike undo of save and save , there is no message appeare after pree undo in hidden msg&quot;,&quot;err&quot;:{&quot;message&quot;:&quot;TypeError: postAct.hideUndoByMsg is not a function&quot;,&quot;estack&quot;:&quot;TypeError: postAct.hideUndoByMsg is not a function\n    at Context.eval (webpack:///./cypress/e2e/SWE_PROJECT/PostActions/postAction.cy.js:169:12)&quot;},&quot;uuid&quot;:&quot;271c7032-b7c9-4101-bc82-43f5dfb6f622&quot;,&quot;parentUUID&quot;:&quot;ec57778a-1391-401c-b3e2-587d22688a11&quot;,&quot;isHook&quot;:false,&quot;skipped&quot;:false},{&quot;title&quot;:&quot;Disappearance of a hidden home post in home page&quot;,&quot;fullTitle&quot;:&quot;Test some actions on post Disappearance of a hidden home post in home page&quot;,&quot;duration&quot;:4735,&quot;state&quot;:&quot;failed&quot;,&quot;pass&quot;:false,&quot;fail&quot;:true,&quot;pending&quot;:false,&quot;code&quot;:&quot;const postAct = new _postActionObjects.default();\npostAct.getFirstPostTitle().then(title =&gt; {\n  postAct.firstPostActionsList();\n  postAct.hidePost();\n  postAct.disappHiddenfPost(title);\n});&quot;,&quot;err&quot;:{&quot;message&quot;:&quot;AssertionError: Timed out retrying after 4000ms: Expected to find element: `:nth-child(3) &gt; .post-content &gt; #post-router &gt; .post-title &gt; h3`, but never found it.&quot;,&quot;estack&quot;:&quot;AssertionError: Timed out retrying after 4000ms: Expected to find element: `:nth-child(3) &gt; .post-content &gt; #post-router &gt; .post-title &gt; h3`, but never found it.\n    at postActionObjects.getFirstPostTitle (webpack:///./cypress/e2e/SWE_PROJECT/PageObjects/CreatePostObjects/postActionObjects.js:196:17)\n    at Context.eval (webpack:///./cypress/e2e/SWE_PROJECT/PostActions/postAction.cy.js:177:12)&quot;},&quot;uuid&quot;:&quot;cf559705-a19c-4eee-96ba-8ad906a79d81&quot;,&quot;parentUUID&quot;:&quot;ec57778a-1391-401c-b3e2-587d22688a11&quot;,&quot;isHook&quot;:false,&quot;skipped&quot;:false},{&quot;title&quot;:&quot;Disappearance of (Unhide) option in the hiddden home post&quot;,&quot;fullTitle&quot;:&quot;Test some actions on post Disappearance of (Unhide) option in the hiddden home post&quot;,&quot;duration&quot;:8755,&quot;state&quot;:&quot;failed&quot;,&quot;pass&quot;:false,&quot;fail&quot;:true,&quot;pending&quot;:false,&quot;code&quot;:&quot;const postAct = new _postActionObjects.default();\npostAct.firstPostActionsList();\npostAct.hidePost();\npostAct.unhidePostDisappearance();\n//you can not unhide any post from its option, it is just done from (HIDDEN) page in the user page&quot;,&quot;err&quot;:{&quot;message&quot;:&quot;CypressError: Timed out retrying after 4050ms: `cy.click()` failed because this element:\n\n`&lt;li id=\&quot;submenu\&quot; data-v-5e748030=\&quot;\&quot;&gt;...&lt;/li&gt;`\n\nis being covered by another element:\n\n`&lt;input type=\&quot;text\&quot; class=\&quot;header-search-input\&quot; placeholder=\&quot;Search Reddit\&quot; id=\&quot;header-search\&quot; data-v-1524e344=\&quot;\&quot;&gt;`\n\nFix this problem, or use {force: true} to disable error checking.\n\nhttps://on.cypress.io/element-cannot-be-interacted-with&quot;,&quot;estack&quot;:&quot;CypressError: Timed out retrying after 4050ms: `cy.click()` failed because this element:\n\n`&lt;li id=\&quot;submenu\&quot; data-v-5e748030=\&quot;\&quot;&gt;...&lt;/li&gt;`\n\nis being covered by another element:\n\n`&lt;input type=\&quot;text\&quot; class=\&quot;header-search-input\&quot; placeholder=\&quot;Search Reddit\&quot; id=\&quot;header-search\&quot; data-v-1524e344=\&quot;\&quot;&gt;`\n\nFix this problem, or use {force: true} to disable error checking.\n\nhttps://on.cypress.io/element-cannot-be-interacted-with\n    at ensureIsDescendent (https://www.read-it.live/__cypress/runner/cypress_runner.js:133130:76)\n    at ensureDescendents (https://www.read-it.live/__cypress/runner/cypress_runner.js:133181:5)\n    at ensureDescendentsAndScroll (https://www.read-it.live/__cypress/runner/cypress_runner.js:133187:14)\n    at ensureElIsNotCovered (https://www.read-it.live/__cypress/runner/cypress_runner.js:133318:5)\n    at runAllChecks (https://www.read-it.live/__cypress/runner/cypress_runner.js:133498:52)\n    at retryActionability (https://www.read-it.live/__cypress/runner/cypress_runner.js:133535:16)\n    at tryCatcher (https://www.read-it.live/__cypress/runner/cypress_runner.js:11327:23)\n    at Promise.attempt.Promise.try (https://www.read-it.live/__cypress/runner/cypress_runner.js:8601:29)\n    at whenStable (https://www.read-it.live/__cypress/runner/cypress_runner.js:149610:65)\n    at &lt;unknown&gt; (https://www.read-it.live/__cypress/runner/cypress_runner.js:149051:14)\n    at tryCatcher (https://www.read-it.live/__cypress/runner/cypress_runner.js:11327:23)\n    at Promise._settlePromiseFromHandler (https://www.read-it.live/__cypress/runner/cypress_runner.js:9262:31)\n    at Promise._settlePromise (https://www.read-it.live/__cypress/runner/cypress_runner.js:9319:18)\n    at Promise._settlePromise0 (https://www.read-it.live/__cypress/runner/cypress_runner.js:9364:10)\n    at Promise._settlePromises (https://www.read-it.live/__cypress/runner/cypress_runner.js:9444:18)\n    at Promise._fulfill (https://www.read-it.live/__cypress/runner/cypress_runner.js:9388:18)\n    at &lt;unknown&gt; (https://www.read-it.live/__cypress/runner/cypress_runner.js:11002:46)\nFrom Your Spec Code:\n    at postActionObjects.firstPostActionsList (webpack:///./cypress/e2e/SWE_PROJECT/PageObjects/CreatePostObjects/postActionObjects.js:210:13)\n    at Context.eval (webpack:///./cypress/e2e/SWE_PROJECT/PostActions/postAction.cy.js:186:12)&quot;},&quot;uuid&quot;:&quot;302aaa1e-6dd1-4212-9c75-8720a738fb8d&quot;,&quot;parentUUID&quot;:&quot;ec57778a-1391-401c-b3e2-587d22688a11&quot;,&quot;isHook&quot;:false,&quot;skipped&quot;:false},{&quot;title&quot;:&quot;Disappearance of edit option of a post that dose not belong to the user&quot;,&quot;fullTitle&quot;:&quot;Test some actions on post Disappearance of edit option of a post that dose not belong to the user&quot;,&quot;duration&quot;:7485,&quot;state&quot;:&quot;failed&quot;,&quot;pass&quot;:false,&quot;fail&quot;:true,&quot;pending&quot;:false,&quot;code&quot;:&quot;const postAct = new _postActionObjects.default();\npostAct.firstPostActionsList();\npostAct.editPostDisappearance();\n//?:check the ability to edit a post which is not mine (even if i share it in my profile &lt;= m.s )&quot;,&quot;err&quot;:{&quot;message&quot;:&quot;CypressError: Timed out retrying after 4050ms: `cy.click()` failed because this element:\n\n`&lt;li id=\&quot;submenu\&quot; data-v-5e748030=\&quot;\&quot;&gt;...&lt;/li&gt;`\n\nis being covered by another element:\n\n`&lt;input type=\&quot;text\&quot; class=\&quot;header-search-input\&quot; placeholder=\&quot;Search Reddit\&quot; id=\&quot;header-search\&quot; data-v-1524e344=\&quot;\&quot;&gt;`\n\nFix this problem, or use {force: true} to disable error checking.\n\nhttps://on.cypress.io/element-cannot-be-interacted-with&quot;,&quot;estack&quot;:&quot;CypressError: Timed out retrying after 4050ms: `cy.click()` failed because this element:\n\n`&lt;li id=\&quot;submenu\&quot; data-v-5e748030=\&quot;\&quot;&gt;...&lt;/li&gt;`\n\nis being covered by another element:\n\n`&lt;input type=\&quot;text\&quot; class=\&quot;header-search-input\&quot; placeholder=\&quot;Search Reddit\&quot; id=\&quot;header-search\&quot; data-v-1524e344=\&quot;\&quot;&gt;`\n\nFix this problem, or use {force: true} to disable error checking.\n\nhttps://on.cypress.io/element-cannot-be-interacted-with\n    at ensureIsDescendent (https://www.read-it.live/__cypress/runner/cypress_runner.js:133130:76)\n    at ensureDescendents (https://www.read-it.live/__cypress/runner/cypress_runner.js:133181:5)\n    at ensureDescendentsAndScroll (https://www.read-it.live/__cypress/runner/cypress_runner.js:133187:14)\n    at ensureElIsNotCovered (https://www.read-it.live/__cypress/runner/cypress_runner.js:133318:5)\n    at runAllChecks (https://www.read-it.live/__cypress/runner/cypress_runner.js:133498:52)\n    at retryActionability (https://www.read-it.live/__cypress/runner/cypress_runner.js:133535:16)\n    at tryCatcher (https://www.read-it.live/__cypress/runner/cypress_runner.js:11327:23)\n    at Promise.attempt.Promise.try (https://www.read-it.live/__cypress/runner/cypress_runner.js:8601:29)\n    at whenStable (https://www.read-it.live/__cypress/runner/cypress_runner.js:149610:65)\n    at &lt;unknown&gt; (https://www.read-it.live/__cypress/runner/cypress_runner.js:149051:14)\n    at tryCatcher (https://www.read-it.live/__cypress/runner/cypress_runner.js:11327:23)\n    at Promise._settlePromiseFromHandler (https://www.read-it.live/__cypress/runner/cypress_runner.js:9262:31)\n    at Promise._settlePromise (https://www.read-it.live/__cypress/runner/cypress_runner.js:9319:18)\n    at Promise._settlePromise0 (https://www.read-it.live/__cypress/runner/cypress_runner.js:9364:10)\n    at Promise._settlePromises (https://www.read-it.live/__cypress/runner/cypress_runner.js:9444:18)\n    at Promise._fulfill (https://www.read-it.live/__cypress/runner/cypress_runner.js:9388:18)\n    at &lt;unknown&gt; (https://www.read-it.live/__cypress/runner/cypress_runner.js:11002:46)\nFrom Your Spec Code:\n    at postActionObjects.firstPostActionsList (webpack:///./cypress/e2e/SWE_PROJECT/PageObjects/CreatePostObjects/postActionObjects.js:210:13)\n    at Context.eval (webpack:///./cypress/e2e/SWE_PROJECT/PostActions/postAction.cy.js:197:12)&quot;},&quot;uuid&quot;:&quot;bc1d5383-daae-4daf-83a1-62505a3f9232&quot;,&quot;parentUUID&quot;:&quot;ec57778a-1391-401c-b3e2-587d22688a11&quot;,&quot;isHook&quot;:false,&quot;skipped&quot;:false},{&quot;title&quot;:&quot;Check numbers of votes after upvote&quot;,&quot;fullTitle&quot;:&quot;Test some actions on post Check numbers of votes after upvote&quot;,&quot;duration&quot;:8369,&quot;state&quot;:&quot;failed&quot;,&quot;pass&quot;:false,&quot;fail&quot;:true,&quot;pending&quot;:false,&quot;code&quot;:&quot;const postAct = new _postActionObjects.default();\n//?later: how to check thousand vote numbers?\npostAct.votesNum().then(num_str =&gt; {\n  let num = parseInt(num_str);\n  postAct.upvotePost();\n  num = num + 1;\n  let string = `${num}`;\n  postAct.checkVotesNum(string);\n});&quot;,&quot;err&quot;:{&quot;message&quot;:&quot;CypressError: Timed out retrying after 4050ms: `cy.click()` failed because this element:\n\n`&lt;div class=\&quot;upvote\&quot; id=\&quot;upvote\&quot; data-v-5e748030=\&quot;\&quot;&gt;...&lt;/div&gt;`\n\nis being covered by another element:\n\n`&lt;input type=\&quot;text\&quot; class=\&quot;header-search-input\&quot; placeholder=\&quot;Search Reddit\&quot; id=\&quot;header-search\&quot; data-v-1524e344=\&quot;\&quot;&gt;`\n\nFix this problem, or use {force: true} to disable error checking.\n\nhttps://on.cypress.io/element-cannot-be-interacted-with&quot;,&quot;estack&quot;:&quot;CypressError: Timed out retrying after 4050ms: `cy.click()` failed because this element:\n\n`&lt;div class=\&quot;upvote\&quot; id=\&quot;upvote\&quot; data-v-5e748030=\&quot;\&quot;&gt;...&lt;/div&gt;`\n\nis being covered by another element:\n\n`&lt;input type=\&quot;text\&quot; class=\&quot;header-search-input\&quot; placeholder=\&quot;Search Reddit\&quot; id=\&quot;header-search\&quot; data-v-1524e344=\&quot;\&quot;&gt;`\n\nFix this problem, or use {force: true} to disable error checking.\n\nhttps://on.cypress.io/element-cannot-be-interacted-with\n    at ensureIsDescendent (https://www.read-it.live/__cypress/runner/cypress_runner.js:133130:76)\n    at ensureDescendents (https://www.read-it.live/__cypress/runner/cypress_runner.js:133181:5)\n    at ensureDescendentsAndScroll (https://www.read-it.live/__cypress/runner/cypress_runner.js:133187:14)\n    at ensureElIsNotCovered (https://www.read-it.live/__cypress/runner/cypress_runner.js:133318:5)\n    at runAllChecks (https://www.read-it.live/__cypress/runner/cypress_runner.js:133498:52)\n    at retryActionability (https://www.read-it.live/__cypress/runner/cypress_runner.js:133535:16)\n    at tryCatcher (https://www.read-it.live/__cypress/runner/cypress_runner.js:11327:23)\n    at Promise.attempt.Promise.try (https://www.read-it.live/__cypress/runner/cypress_runner.js:8601:29)\n    at whenStable (https://www.read-it.live/__cypress/runner/cypress_runner.js:149610:65)\n    at &lt;unknown&gt; (https://www.read-it.live/__cypress/runner/cypress_runner.js:149051:14)\n    at tryCatcher (https://www.read-it.live/__cypress/runner/cypress_runner.js:11327:23)\n    at Promise._settlePromiseFromHandler (https://www.read-it.live/__cypress/runner/cypress_runner.js:9262:31)\n    at Promise._settlePromise (https://www.read-it.live/__cypress/runner/cypress_runner.js:9319:18)\n    at Promise._settlePromise0 (https://www.read-it.live/__cypress/runner/cypress_runner.js:9364:10)\n    at Promise._settlePromises (https://www.read-it.live/__cypress/runner/cypress_runner.js:9444:18)\n    at Promise._fulfill (https://www.read-it.live/__cypress/runner/cypress_runner.js:9388:18)\n    at &lt;unknown&gt; (https://www.read-it.live/__cypress/runner/cypress_runner.js:11002:46)\nFrom Your Spec Code:\n    at postActionObjects.upvotePost (webpack:///./cypress/e2e/SWE_PROJECT/PageObjects/CreatePostObjects/postActionObjects.js:103:13)\n    at Context.eval (webpack:///./cypress/e2e/SWE_PROJECT/PostActions/postAction.cy.js:209:14)&quot;},&quot;uuid&quot;:&quot;50cc644c-517c-4c49-90ba-f4d337254195&quot;,&quot;parentUUID&quot;:&quot;ec57778a-1391-401c-b3e2-587d22688a11&quot;,&quot;isHook&quot;:false,&quot;skipped&quot;:false},{&quot;title&quot;:&quot;Downvoting after upvoting the same post&quot;,&quot;fullTitle&quot;:&quot;Test some actions on post Downvoting after upvoting the same post&quot;,&quot;duration&quot;:9765,&quot;state&quot;:&quot;failed&quot;,&quot;pass&quot;:false,&quot;fail&quot;:true,&quot;pending&quot;:false,&quot;code&quot;:&quot;const postAct = new _postActionObjects.default();\npostAct.votesNum().then(num_str =&gt; {\n  let num = parseInt(num_str);\n  postAct.upvotePost();\n  postAct.downvotePost();\n  num = num - 1;\n  let string = `${num}`;\n  postAct.checkVotesNum(string);\n});&quot;,&quot;err&quot;:{&quot;message&quot;:&quot;CypressError: Timed out retrying after 4050ms: `cy.click()` failed because this element:\n\n`&lt;div class=\&quot;upvote\&quot; id=\&quot;upvote\&quot; data-v-5e748030=\&quot;\&quot;&gt;...&lt;/div&gt;`\n\nis being covered by another element:\n\n`&lt;input type=\&quot;text\&quot; class=\&quot;header-search-input\&quot; placeholder=\&quot;Search Reddit\&quot; id=\&quot;header-search\&quot; data-v-1524e344=\&quot;\&quot;&gt;`\n\nFix this problem, or use {force: true} to disable error checking.\n\nhttps://on.cypress.io/element-cannot-be-interacted-with&quot;,&quot;estack&quot;:&quot;CypressError: Timed out retrying after 4050ms: `cy.click()` failed because this element:\n\n`&lt;div class=\&quot;upvote\&quot; id=\&quot;upvote\&quot; data-v-5e748030=\&quot;\&quot;&gt;...&lt;/div&gt;`\n\nis being covered by another element:\n\n`&lt;input type=\&quot;text\&quot; class=\&quot;header-search-input\&quot; placeholder=\&quot;Search Reddit\&quot; id=\&quot;header-search\&quot; data-v-1524e344=\&quot;\&quot;&gt;`\n\nFix this problem, or use {force: true} to disable error checking.\n\nhttps://on.cypress.io/element-cannot-be-interacted-with\n    at ensureIsDescendent (https://www.read-it.live/__cypress/runner/cypress_runner.js:133130:76)\n    at ensureDescendents (https://www.read-it.live/__cypress/runner/cypress_runner.js:133181:5)\n    at ensureDescendentsAndScroll (https://www.read-it.live/__cypress/runner/cypress_runner.js:133187:14)\n    at ensureElIsNotCovered (https://www.read-it.live/__cypress/runner/cypress_runner.js:133318:5)\n    at runAllChecks (https://www.read-it.live/__cypress/runner/cypress_runner.js:133498:52)\n    at retryActionability (https://www.read-it.live/__cypress/runner/cypress_runner.js:133535:16)\n    at tryCatcher (https://www.read-it.live/__cypress/runner/cypress_runner.js:11327:23)\n    at Promise.attempt.Promise.try (https://www.read-it.live/__cypress/runner/cypress_runner.js:8601:29)\n    at whenStable (https://www.read-it.live/__cypress/runner/cypress_runner.js:149610:65)\n    at &lt;unknown&gt; (https://www.read-it.live/__cypress/runner/cypress_runner.js:149051:14)\n    at tryCatcher (https://www.read-it.live/__cypress/runner/cypress_runner.js:11327:23)\n    at Promise._settlePromiseFromHandler (https://www.read-it.live/__cypress/runner/cypress_runner.js:9262:31)\n    at Promise._settlePromise (https://www.read-it.live/__cypress/runner/cypress_runner.js:9319:18)\n    at Promise._settlePromise0 (https://www.read-it.live/__cypress/runner/cypress_runner.js:9364:10)\n    at Promise._settlePromises (https://www.read-it.live/__cypress/runner/cypress_runner.js:9444:18)\n    at Promise._fulfill (https://www.read-it.live/__cypress/runner/cypress_runner.js:9388:18)\n    at &lt;unknown&gt; (https://www.read-it.live/__cypress/runner/cypress_runner.js:11002:46)\nFrom Your Spec Code:\n    at postActionObjects.upvotePost (webpack:///./cypress/e2e/SWE_PROJECT/PageObjects/CreatePostObjects/postActionObjects.js:103:13)\n    at Context.eval (webpack:///./cypress/e2e/SWE_PROJECT/PostActions/postAction.cy.js:238:14)&quot;},&quot;uuid&quot;:&quot;adb77a29-7297-4f89-b511-23b8676fba7a&quot;,&quot;parentUUID&quot;:&quot;ec57778a-1391-401c-b3e2-587d22688a11&quot;,&quot;isHook&quot;:false,&quot;skipped&quot;:false},{&quot;title&quot;:&quot;Upvoting after downvoting the same post&quot;,&quot;fullTitle&quot;:&quot;Test some actions on post Upvoting after downvoting the same post&quot;,&quot;duration&quot;:10416,&quot;state&quot;:&quot;failed&quot;,&quot;pass&quot;:false,&quot;fail&quot;:true,&quot;pending&quot;:false,&quot;code&quot;:&quot;const postAct = new _postActionObjects.default();\npostAct.votesNum().then(num_str =&gt; {\n  let num = parseInt(num_str);\n  postAct.downvotePost();\n  postAct.upvotePost();\n  num = num + 1;\n  let string = `${num}`;\n  postAct.checkVotesNum(string);\n});&quot;,&quot;err&quot;:{&quot;message&quot;:&quot;CypressError: Timed out retrying after 4050ms: `cy.click()` failed because this element:\n\n`&lt;div class=\&quot;downvote\&quot; id=\&quot;downvote\&quot; data-v-5e748030=\&quot;\&quot;&gt;...&lt;/div&gt;`\n\nis being covered by another element:\n\n`&lt;input type=\&quot;text\&quot; class=\&quot;header-search-input\&quot; placeholder=\&quot;Search Reddit\&quot; id=\&quot;header-search\&quot; data-v-1524e344=\&quot;\&quot;&gt;`\n\nFix this problem, or use {force: true} to disable error checking.\n\nhttps://on.cypress.io/element-cannot-be-interacted-with&quot;,&quot;estack&quot;:&quot;CypressError: Timed out retrying after 4050ms: `cy.click()` failed because this element:\n\n`&lt;div class=\&quot;downvote\&quot; id=\&quot;downvote\&quot; data-v-5e748030=\&quot;\&quot;&gt;...&lt;/div&gt;`\n\nis being covered by another element:\n\n`&lt;input type=\&quot;text\&quot; class=\&quot;header-search-input\&quot; placeholder=\&quot;Search Reddit\&quot; id=\&quot;header-search\&quot; data-v-1524e344=\&quot;\&quot;&gt;`\n\nFix this problem, or use {force: true} to disable error checking.\n\nhttps://on.cypress.io/element-cannot-be-interacted-with\n    at ensureIsDescendent (https://www.read-it.live/__cypress/runner/cypress_runner.js:133130:76)\n    at ensureDescendents (https://www.read-it.live/__cypress/runner/cypress_runner.js:133181:5)\n    at ensureDescendentsAndScroll (https://www.read-it.live/__cypress/runner/cypress_runner.js:133187:14)\n    at ensureElIsNotCovered (https://www.read-it.live/__cypress/runner/cypress_runner.js:133318:5)\n    at runAllChecks (https://www.read-it.live/__cypress/runner/cypress_runner.js:133498:52)\n    at retryActionability (https://www.read-it.live/__cypress/runner/cypress_runner.js:133535:16)\n    at tryCatcher (https://www.read-it.live/__cypress/runner/cypress_runner.js:11327:23)\n    at Promise.attempt.Promise.try (https://www.read-it.live/__cypress/runner/cypress_runner.js:8601:29)\n    at whenStable (https://www.read-it.live/__cypress/runner/cypress_runner.js:149610:65)\n    at &lt;unknown&gt; (https://www.read-it.live/__cypress/runner/cypress_runner.js:149051:14)\n    at tryCatcher (https://www.read-it.live/__cypress/runner/cypress_runner.js:11327:23)\n    at Promise._settlePromiseFromHandler (https://www.read-it.live/__cypress/runner/cypress_runner.js:9262:31)\n    at Promise._settlePromise (https://www.read-it.live/__cypress/runner/cypress_runner.js:9319:18)\n    at Promise._settlePromise0 (https://www.read-it.live/__cypress/runner/cypress_runner.js:9364:10)\n    at Promise._settlePromises (https://www.read-it.live/__cypress/runner/cypress_runner.js:9444:18)\n    at Promise._fulfill (https://www.read-it.live/__cypress/runner/cypress_runner.js:9388:18)\n    at &lt;unknown&gt; (https://www.read-it.live/__cypress/runner/cypress_runner.js:11002:46)\nFrom Your Spec Code:\n    at postActionObjects.downvotePost (webpack:///./cypress/e2e/SWE_PROJECT/PageObjects/CreatePostObjects/postActionObjects.js:111:13)\n    at Context.eval (webpack:///./cypress/e2e/SWE_PROJECT/PostActions/postAction.cy.js:250:14)&quot;},&quot;uuid&quot;:&quot;fc167b16-8740-44ad-9121-1290b16ba6d1&quot;,&quot;parentUUID&quot;:&quot;ec57778a-1391-401c-b3e2-587d22688a11&quot;,&quot;isHook&quot;:false,&quot;skipped&quot;:false},{&quot;title&quot;:&quot;Cancel upvoting by clicking on upvote button even numbers of time&quot;,&quot;fullTitle&quot;:&quot;Test some actions on post Cancel upvoting by clicking on upvote button even numbers of time&quot;,&quot;duration&quot;:7695,&quot;state&quot;:&quot;failed&quot;,&quot;pass&quot;:false,&quot;fail&quot;:true,&quot;pending&quot;:false,&quot;code&quot;:&quot;const postAct = new _postActionObjects.default();\npostAct.votesNum().then(num_str =&gt; {\n  postAct.upvotePost();\n  postAct.upvotePost();\n  postAct.checkVotesNum(num_str);\n  //same old number num_str not num_str+2\n});&quot;,&quot;err&quot;:{&quot;message&quot;:&quot;CypressError: Timed out retrying after 4050ms: `cy.click()` failed because this element:\n\n`&lt;div class=\&quot;upvote\&quot; id=\&quot;upvote\&quot; data-v-5e748030=\&quot;\&quot;&gt;...&lt;/div&gt;`\n\nis being covered by another element:\n\n`&lt;input type=\&quot;text\&quot; class=\&quot;header-search-input\&quot; placeholder=\&quot;Search Reddit\&quot; id=\&quot;header-search\&quot; data-v-1524e344=\&quot;\&quot;&gt;`\n\nFix this problem, or use {force: true} to disable error checking.\n\nhttps://on.cypress.io/element-cannot-be-interacted-with&quot;,&quot;estack&quot;:&quot;CypressError: Timed out retrying after 4050ms: `cy.click()` failed because this element:\n\n`&lt;div class=\&quot;upvote\&quot; id=\&quot;upvote\&quot; data-v-5e748030=\&quot;\&quot;&gt;...&lt;/div&gt;`\n\nis being covered by another element:\n\n`&lt;input type=\&quot;text\&quot; class=\&quot;header-search-input\&quot; placeholder=\&quot;Search Reddit\&quot; id=\&quot;header-search\&quot; data-v-1524e344=\&quot;\&quot;&gt;`\n\nFix this problem, or use {force: true} to disable error checking.\n\nhttps://on.cypress.io/element-cannot-be-interacted-with\n    at ensureIsDescendent (https://www.read-it.live/__cypress/runner/cypress_runner.js:133130:76)\n    at ensureDescendents (https://www.read-it.live/__cypress/runner/cypress_runner.js:133181:5)\n    at ensureDescendentsAndScroll (https://www.read-it.live/__cypress/runner/cypress_runner.js:133187:14)\n    at ensureElIsNotCovered (https://www.read-it.live/__cypress/runner/cypress_runner.js:133318:5)\n    at runAllChecks (https://www.read-it.live/__cypress/runner/cypress_runner.js:133498:52)\n    at retryActionability (https://www.read-it.live/__cypress/runner/cypress_runner.js:133535:16)\n    at tryCatcher (https://www.read-it.live/__cypress/runner/cypress_runner.js:11327:23)\n    at Promise.attempt.Promise.try (https://www.read-it.live/__cypress/runner/cypress_runner.js:8601:29)\n    at whenStable (https://www.read-it.live/__cypress/runner/cypress_runner.js:149610:65)\n    at &lt;unknown&gt; (https://www.read-it.live/__cypress/runner/cypress_runner.js:149051:14)\n    at tryCatcher (https://www.read-it.live/__cypress/runner/cypress_runner.js:11327:23)\n    at Promise._settlePromiseFromHandler (https://www.read-it.live/__cypress/runner/cypress_runner.js:9262:31)\n    at Promise._settlePromise (https://www.read-it.live/__cypress/runner/cypress_runner.js:9319:18)\n    at Promise._settlePromise0 (https://www.read-it.live/__cypress/runner/cypress_runner.js:9364:10)\n    at Promise._settlePromises (https://www.read-it.live/__cypress/runner/cypress_runner.js:9444:18)\n    at Promise._fulfill (https://www.read-it.live/__cypress/runner/cypress_runner.js:9388:18)\n    at &lt;unknown&gt; (https://www.read-it.live/__cypress/runner/cypress_runner.js:11002:46)\nFrom Your Spec Code:\n    at postActionObjects.upvotePost (webpack:///./cypress/e2e/SWE_PROJECT/PageObjects/CreatePostObjects/postActionObjects.js:103:13)\n    at Context.eval (webpack:///./cypress/e2e/SWE_PROJECT/PostActions/postAction.cy.js:261:14)&quot;},&quot;uuid&quot;:&quot;0df48dc2-a89e-4e63-9f4d-c068e1d188a6&quot;,&quot;parentUUID&quot;:&quot;ec57778a-1391-401c-b3e2-587d22688a11&quot;,&quot;isHook&quot;:false,&quot;skipped&quot;:false},{&quot;title&quot;:&quot;Click on upvote button odd numbers of time&quot;,&quot;fullTitle&quot;:&quot;Test some actions on post Click on upvote button odd numbers of time&quot;,&quot;duration&quot;:7367,&quot;state&quot;:&quot;failed&quot;,&quot;pass&quot;:false,&quot;fail&quot;:true,&quot;pending&quot;:false,&quot;code&quot;:&quot;const postAct = new _postActionObjects.default();\npostAct.votesNum().then(num_str =&gt; {\n  let num = parseInt(num_str);\n  postAct.upvotePost();\n  postAct.upvotePost();\n  postAct.upvotePost();\n  num = num + 1;\n  let string = `${num}`;\n  postAct.checkVotesNum(string);\n  //num_str+1 not num_str+3\n});\n//it should be counted as one upvote&quot;,&quot;err&quot;:{&quot;message&quot;:&quot;CypressError: Timed out retrying after 4050ms: `cy.click()` failed because this element:\n\n`&lt;div class=\&quot;upvote\&quot; id=\&quot;upvote\&quot; data-v-5e748030=\&quot;\&quot;&gt;...&lt;/div&gt;`\n\nis being covered by another element:\n\n`&lt;input type=\&quot;text\&quot; class=\&quot;header-search-input\&quot; placeholder=\&quot;Search Reddit\&quot; id=\&quot;header-search\&quot; data-v-1524e344=\&quot;\&quot;&gt;`\n\nFix this problem, or use {force: true} to disable error checking.\n\nhttps://on.cypress.io/element-cannot-be-interacted-with&quot;,&quot;estack&quot;:&quot;CypressError: Timed out retrying after 4050ms: `cy.click()` failed because this element:\n\n`&lt;div class=\&quot;upvote\&quot; id=\&quot;upvote\&quot; data-v-5e748030=\&quot;\&quot;&gt;...&lt;/div&gt;`\n\nis being covered by another element:\n\n`&lt;input type=\&quot;text\&quot; class=\&quot;header-search-input\&quot; placeholder=\&quot;Search Reddit\&quot; id=\&quot;header-search\&quot; data-v-1524e344=\&quot;\&quot;&gt;`\n\nFix this problem, or use {force: true} to disable error checking.\n\nhttps://on.cypress.io/element-cannot-be-interacted-with\n    at ensureIsDescendent (https://www.read-it.live/__cypress/runner/cypress_runner.js:133130:76)\n    at ensureDescendents (https://www.read-it.live/__cypress/runner/cypress_runner.js:133181:5)\n    at ensureDescendentsAndScroll (https://www.read-it.live/__cypress/runner/cypress_runner.js:133187:14)\n    at ensureElIsNotCovered (https://www.read-it.live/__cypress/runner/cypress_runner.js:133318:5)\n    at runAllChecks (https://www.read-it.live/__cypress/runner/cypress_runner.js:133498:52)\n    at retryActionability (https://www.read-it.live/__cypress/runner/cypress_runner.js:133535:16)\n    at tryCatcher (https://www.read-it.live/__cypress/runner/cypress_runner.js:11327:23)\n    at Promise.attempt.Promise.try (https://www.read-it.live/__cypress/runner/cypress_runner.js:8601:29)\n    at whenStable (https://www.read-it.live/__cypress/runner/cypress_runner.js:149610:65)\n    at &lt;unknown&gt; (https://www.read-it.live/__cypress/runner/cypress_runner.js:149051:14)\n    at tryCatcher (https://www.read-it.live/__cypress/runner/cypress_runner.js:11327:23)\n    at Promise._settlePromiseFromHandler (https://www.read-it.live/__cypress/runner/cypress_runner.js:9262:31)\n    at Promise._settlePromise (https://www.read-it.live/__cypress/runner/cypress_runner.js:9319:18)\n    at Promise._settlePromise0 (https://www.read-it.live/__cypress/runner/cypress_runner.js:9364:10)\n    at Promise._settlePromises (https://www.read-it.live/__cypress/runner/cypress_runner.js:9444:18)\n    at Promise._fulfill (https://www.read-it.live/__cypress/runner/cypress_runner.js:9388:18)\n    at &lt;unknown&gt; (https://www.read-it.live/__cypress/runner/cypress_runner.js:11002:46)\nFrom Your Spec Code:\n    at postActionObjects.upvotePost (webpack:///./cypress/e2e/SWE_PROJECT/PageObjects/CreatePostObjects/postActionObjects.js:103:13)\n    at Context.eval (webpack:///./cypress/e2e/SWE_PROJECT/PostActions/postAction.cy.js:272:14)&quot;},&quot;uuid&quot;:&quot;aaa5b248-13ef-4cc0-b30c-79442b0e913a&quot;,&quot;parentUUID&quot;:&quot;ec57778a-1391-401c-b3e2-587d22688a11&quot;,&quot;isHook&quot;:false,&quot;skipped&quot;:false},{&quot;title&quot;:&quot;Click on downvote button odd numbers of time&quot;,&quot;fullTitle&quot;:&quot;Test some actions on post Click on downvote button odd numbers of time&quot;,&quot;duration&quot;:8143,&quot;state&quot;:&quot;failed&quot;,&quot;pass&quot;:false,&quot;fail&quot;:true,&quot;pending&quot;:false,&quot;code&quot;:&quot;const postAct = new _postActionObjects.default();\npostAct.votesNum().then(num_str =&gt; {\n  let num = parseInt(num_str);\n  postAct.downvotePost();\n  postAct.downvotePost();\n  postAct.downvotePost();\n  num = num - 1;\n  let string = `${num}`;\n  postAct.checkVotesNum(string);\n  //num_str-1 not num_str-3\n});&quot;,&quot;err&quot;:{&quot;message&quot;:&quot;CypressError: Timed out retrying after 4050ms: `cy.click()` failed because this element:\n\n`&lt;div class=\&quot;downvote\&quot; id=\&quot;downvote\&quot; data-v-5e748030=\&quot;\&quot;&gt;...&lt;/div&gt;`\n\nis being covered by another element:\n\n`&lt;input type=\&quot;text\&quot; class=\&quot;header-search-input\&quot; placeholder=\&quot;Search Reddit\&quot; id=\&quot;header-search\&quot; data-v-1524e344=\&quot;\&quot;&gt;`\n\nFix this problem, or use {force: true} to disable error checking.\n\nhttps://on.cypress.io/element-cannot-be-interacted-with&quot;,&quot;estack&quot;:&quot;CypressError: Timed out retrying after 4050ms: `cy.click()` failed because this element:\n\n`&lt;div class=\&quot;downvote\&quot; id=\&quot;downvote\&quot; data-v-5e748030=\&quot;\&quot;&gt;...&lt;/div&gt;`\n\nis being covered by another element:\n\n`&lt;input type=\&quot;text\&quot; class=\&quot;header-search-input\&quot; placeholder=\&quot;Search Reddit\&quot; id=\&quot;header-search\&quot; data-v-1524e344=\&quot;\&quot;&gt;`\n\nFix this problem, or use {force: true} to disable error checking.\n\nhttps://on.cypress.io/element-cannot-be-interacted-with\n    at ensureIsDescendent (https://www.read-it.live/__cypress/runner/cypress_runner.js:133130:76)\n    at ensureDescendents (https://www.read-it.live/__cypress/runner/cypress_runner.js:133181:5)\n    at ensureDescendentsAndScroll (https://www.read-it.live/__cypress/runner/cypress_runner.js:133187:14)\n    at ensureElIsNotCovered (https://www.read-it.live/__cypress/runner/cypress_runner.js:133318:5)\n    at runAllChecks (https://www.read-it.live/__cypress/runner/cypress_runner.js:133498:52)\n    at retryActionability (https://www.read-it.live/__cypress/runner/cypress_runner.js:133535:16)\n    at tryCatcher (https://www.read-it.live/__cypress/runner/cypress_runner.js:11327:23)\n    at Promise.attempt.Promise.try (https://www.read-it.live/__cypress/runner/cypress_runner.js:8601:29)\n    at whenStable (https://www.read-it.live/__cypress/runner/cypress_runner.js:149610:65)\n    at &lt;unknown&gt; (https://www.read-it.live/__cypress/runner/cypress_runner.js:149051:14)\n    at tryCatcher (https://www.read-it.live/__cypress/runner/cypress_runner.js:11327:23)\n    at Promise._settlePromiseFromHandler (https://www.read-it.live/__cypress/runner/cypress_runner.js:9262:31)\n    at Promise._settlePromise (https://www.read-it.live/__cypress/runner/cypress_runner.js:9319:18)\n    at Promise._settlePromise0 (https://www.read-it.live/__cypress/runner/cypress_runner.js:9364:10)\n    at Promise._settlePromises (https://www.read-it.live/__cypress/runner/cypress_runner.js:9444:18)\n    at Promise._fulfill (https://www.read-it.live/__cypress/runner/cypress_runner.js:9388:18)\n    at &lt;unknown&gt; (https://www.read-it.live/__cypress/runner/cypress_runner.js:11002:46)\nFrom Your Spec Code:\n    at postActionObjects.downvotePost (webpack:///./cypress/e2e/SWE_PROJECT/PageObjects/CreatePostObjects/postActionObjects.js:111:13)\n    at Context.eval (webpack:///./cypress/e2e/SWE_PROJECT/PostActions/postAction.cy.js:288:14)&quot;},&quot;uuid&quot;:&quot;6991ef8c-9dd8-4080-ad5d-c4bef7aee9fc&quot;,&quot;parentUUID&quot;:&quot;ec57778a-1391-401c-b3e2-587d22688a11&quot;,&quot;isHook&quot;:false,&quot;skipped&quot;:false},{&quot;title&quot;:&quot;Cancel downvoting by clicking on downvote button even numbers of time&quot;,&quot;fullTitle&quot;:&quot;Test some actions on post Cancel downvoting by clicking on downvote button even numbers of time&quot;,&quot;duration&quot;:6308,&quot;state&quot;:&quot;failed&quot;,&quot;pass&quot;:false,&quot;fail&quot;:true,&quot;pending&quot;:false,&quot;code&quot;:&quot;const postAct = new _postActionObjects.default();\npostAct.votesNum().then(num_str =&gt; {\n  postAct.downvotePost();\n  postAct.downvotePost();\n  postAct.checkVotesNum(num_str);\n  //same old number num_str not num_str-2\n});&quot;,&quot;err&quot;:{&quot;message&quot;:&quot;CypressError: Timed out retrying after 4050ms: `cy.click()` failed because this element:\n\n`&lt;div class=\&quot;downvote\&quot; id=\&quot;downvote\&quot; data-v-5e748030=\&quot;\&quot;&gt;...&lt;/div&gt;`\n\nis being covered by another element:\n\n`&lt;input type=\&quot;text\&quot; class=\&quot;header-search-input\&quot; placeholder=\&quot;Search Reddit\&quot; id=\&quot;header-search\&quot; data-v-1524e344=\&quot;\&quot;&gt;`\n\nFix this problem, or use {force: true} to disable error checking.\n\nhttps://on.cypress.io/element-cannot-be-interacted-with&quot;,&quot;estack&quot;:&quot;CypressError: Timed out retrying after 4050ms: `cy.click()` failed because this element:\n\n`&lt;div class=\&quot;downvote\&quot; id=\&quot;downvote\&quot; data-v-5e748030=\&quot;\&quot;&gt;...&lt;/div&gt;`\n\nis being covered by another element:\n\n`&lt;input type=\&quot;text\&quot; class=\&quot;header-search-input\&quot; placeholder=\&quot;Search Reddit\&quot; id=\&quot;header-search\&quot; data-v-1524e344=\&quot;\&quot;&gt;`\n\nFix this problem, or use {force: true} to disable error checking.\n\nhttps://on.cypress.io/element-cannot-be-interacted-with\n    at ensureIsDescendent (https://www.read-it.live/__cypress/runner/cypress_runner.js:133130:76)\n    at ensureDescendents (https://www.read-it.live/__cypress/runner/cypress_runner.js:133181:5)\n    at ensureDescendentsAndScroll (https://www.read-it.live/__cypress/runner/cypress_runner.js:133187:14)\n    at ensureElIsNotCovered (https://www.read-it.live/__cypress/runner/cypress_runner.js:133318:5)\n    at runAllChecks (https://www.read-it.live/__cypress/runner/cypress_runner.js:133498:52)\n    at retryActionability (https://www.read-it.live/__cypress/runner/cypress_runner.js:133535:16)\n    at tryCatcher (https://www.read-it.live/__cypress/runner/cypress_runner.js:11327:23)\n    at Promise.attempt.Promise.try (https://www.read-it.live/__cypress/runner/cypress_runner.js:8601:29)\n    at whenStable (https://www.read-it.live/__cypress/runner/cypress_runner.js:149610:65)\n    at &lt;unknown&gt; (https://www.read-it.live/__cypress/runner/cypress_runner.js:149051:14)\n    at tryCatcher (https://www.read-it.live/__cypress/runner/cypress_runner.js:11327:23)\n    at Promise._settlePromiseFromHandler (https://www.read-it.live/__cypress/runner/cypress_runner.js:9262:31)\n    at Promise._settlePromise (https://www.read-it.live/__cypress/runner/cypress_runner.js:9319:18)\n    at Promise._settlePromise0 (https://www.read-it.live/__cypress/runner/cypress_runner.js:9364:10)\n    at Promise._settlePromises (https://www.read-it.live/__cypress/runner/cypress_runner.js:9444:18)\n    at Promise._fulfill (https://www.read-it.live/__cypress/runner/cypress_runner.js:9388:18)\n    at &lt;unknown&gt; (https://www.read-it.live/__cypress/runner/cypress_runner.js:11002:46)\nFrom Your Spec Code:\n    at postActionObjects.downvotePost (webpack:///./cypress/e2e/SWE_PROJECT/PageObjects/CreatePostObjects/postActionObjects.js:111:13)\n    at Context.eval (webpack:///./cypress/e2e/SWE_PROJECT/PostActions/postAction.cy.js:302:14)&quot;},&quot;uuid&quot;:&quot;f317d781-c9fe-4735-a745-88c09c69cb60&quot;,&quot;parentUUID&quot;:&quot;ec57778a-1391-401c-b3e2-587d22688a11&quot;,&quot;isHook&quot;:false,&quot;skipped&quot;:false},{&quot;title&quot;:&quot;Check upvoted post in UPVOTE page in user profile&quot;,&quot;fullTitle&quot;:&quot;Test some actions on post Check upvoted post in UPVOTE page in user profile&quot;,&quot;duration&quot;:7129,&quot;state&quot;:&quot;failed&quot;,&quot;pass&quot;:false,&quot;fail&quot;:true,&quot;pending&quot;:false,&quot;code&quot;:&quot;const postAct = new _postActionObjects.default();\nconst userProfile = new _userProfileObject.default();\npostAct.upvotePost();\npostAct.getFirstPostTitle().then(title =&gt; {\n  postAct.showSettingsSubmenu();\n  postAct.goUserProfile();\n  userProfile.upvoted();\n  userProfile.findPost(title);\n});&quot;,&quot;err&quot;:{&quot;message&quot;:&quot;CypressError: Timed out retrying after 4050ms: `cy.click()` failed because this element:\n\n`&lt;div class=\&quot;upvote\&quot; id=\&quot;upvote\&quot; data-v-5e748030=\&quot;\&quot;&gt;...&lt;/div&gt;`\n\nis being covered by another element:\n\n`&lt;input type=\&quot;text\&quot; class=\&quot;header-search-input\&quot; placeholder=\&quot;Search Reddit\&quot; id=\&quot;header-search\&quot; data-v-1524e344=\&quot;\&quot;&gt;`\n\nFix this problem, or use {force: true} to disable error checking.\n\nhttps://on.cypress.io/element-cannot-be-interacted-with&quot;,&quot;estack&quot;:&quot;CypressError: Timed out retrying after 4050ms: `cy.click()` failed because this element:\n\n`&lt;div class=\&quot;upvote\&quot; id=\&quot;upvote\&quot; data-v-5e748030=\&quot;\&quot;&gt;...&lt;/div&gt;`\n\nis being covered by another element:\n\n`&lt;input type=\&quot;text\&quot; class=\&quot;header-search-input\&quot; placeholder=\&quot;Search Reddit\&quot; id=\&quot;header-search\&quot; data-v-1524e344=\&quot;\&quot;&gt;`\n\nFix this problem, or use {force: true} to disable error checking.\n\nhttps://on.cypress.io/element-cannot-be-interacted-with\n    at ensureIsDescendent (https://www.read-it.live/__cypress/runner/cypress_runner.js:133130:76)\n    at ensureDescendents (https://www.read-it.live/__cypress/runner/cypress_runner.js:133181:5)\n    at ensureDescendentsAndScroll (https://www.read-it.live/__cypress/runner/cypress_runner.js:133187:14)\n    at ensureElIsNotCovered (https://www.read-it.live/__cypress/runner/cypress_runner.js:133318:5)\n    at runAllChecks (https://www.read-it.live/__cypress/runner/cypress_runner.js:133498:52)\n    at retryActionability (https://www.read-it.live/__cypress/runner/cypress_runner.js:133535:16)\n    at tryCatcher (https://www.read-it.live/__cypress/runner/cypress_runner.js:11327:23)\n    at Promise.attempt.Promise.try (https://www.read-it.live/__cypress/runner/cypress_runner.js:8601:29)\n    at whenStable (https://www.read-it.live/__cypress/runner/cypress_runner.js:149610:65)\n    at &lt;unknown&gt; (https://www.read-it.live/__cypress/runner/cypress_runner.js:149051:14)\n    at tryCatcher (https://www.read-it.live/__cypress/runner/cypress_runner.js:11327:23)\n    at Promise._settlePromiseFromHandler (https://www.read-it.live/__cypress/runner/cypress_runner.js:9262:31)\n    at Promise._settlePromise (https://www.read-it.live/__cypress/runner/cypress_runner.js:9319:18)\n    at Promise._settlePromise0 (https://www.read-it.live/__cypress/runner/cypress_runner.js:9364:10)\n    at Promise._settlePromises (https://www.read-it.live/__cypress/runner/cypress_runner.js:9444:18)\n    at Promise._fulfill (https://www.read-it.live/__cypress/runner/cypress_runner.js:9388:18)\n    at &lt;unknown&gt; (https://www.read-it.live/__cypress/runner/cypress_runner.js:11002:46)\nFrom Your Spec Code:\n    at postActionObjects.upvotePost (webpack:///./cypress/e2e/SWE_PROJECT/PageObjects/CreatePostObjects/postActionObjects.js:103:13)\n    at Context.eval (webpack:///./cypress/e2e/SWE_PROJECT/PostActions/postAction.cy.js:312:12)&quot;},&quot;uuid&quot;:&quot;8fb06069-c5fa-402e-8fc5-daaa6c633999&quot;,&quot;parentUUID&quot;:&quot;ec57778a-1391-401c-b3e2-587d22688a11&quot;,&quot;isHook&quot;:false,&quot;skipped&quot;:false},{&quot;title&quot;:&quot;Check downvoted post in DOWNVOTE page in user profile&quot;,&quot;fullTitle&quot;:&quot;Test some actions on post Check downvoted post in DOWNVOTE page in user profile&quot;,&quot;duration&quot;:11033,&quot;state&quot;:&quot;failed&quot;,&quot;pass&quot;:false,&quot;fail&quot;:true,&quot;pending&quot;:false,&quot;code&quot;:&quot;const postAct = new _postActionObjects.default();\nconst userProfile = new _userProfileObject.default();\npostAct.downvotePost();\npostAct.getFirstPostTitle().then(title =&gt; {\n  postAct.showSettingsSubmenu();\n  postAct.goUserProfile();\n  userProfile.downvoted();\n  userProfile.findPost(title);\n});&quot;,&quot;err&quot;:{&quot;message&quot;:&quot;CypressError: Timed out retrying after 4050ms: `cy.click()` failed because this element:\n\n`&lt;div class=\&quot;downvote\&quot; id=\&quot;downvote\&quot; data-v-5e748030=\&quot;\&quot;&gt;...&lt;/div&gt;`\n\nis being covered by another element:\n\n`&lt;input type=\&quot;text\&quot; class=\&quot;header-search-input\&quot; placeholder=\&quot;Search Reddit\&quot; id=\&quot;header-search\&quot; data-v-1524e344=\&quot;\&quot;&gt;`\n\nFix this problem, or use {force: true} to disable error checking.\n\nhttps://on.cypress.io/element-cannot-be-interacted-with&quot;,&quot;estack&quot;:&quot;CypressError: Timed out retrying after 4050ms: `cy.click()` failed because this element:\n\n`&lt;div class=\&quot;downvote\&quot; id=\&quot;downvote\&quot; data-v-5e748030=\&quot;\&quot;&gt;...&lt;/div&gt;`\n\nis being covered by another element:\n\n`&lt;input type=\&quot;text\&quot; class=\&quot;header-search-input\&quot; placeholder=\&quot;Search Reddit\&quot; id=\&quot;header-search\&quot; data-v-1524e344=\&quot;\&quot;&gt;`\n\nFix this problem, or use {force: true} to disable error checking.\n\nhttps://on.cypress.io/element-cannot-be-interacted-with\n    at ensureIsDescendent (https://www.read-it.live/__cypress/runner/cypress_runner.js:133130:76)\n    at ensureDescendents (https://www.read-it.live/__cypress/runner/cypress_runner.js:133181:5)\n    at ensureDescendentsAndScroll (https://www.read-it.live/__cypress/runner/cypress_runner.js:133187:14)\n    at ensureElIsNotCovered (https://www.read-it.live/__cypress/runner/cypress_runner.js:133318:5)\n    at runAllChecks (https://www.read-it.live/__cypress/runner/cypress_runner.js:133498:52)\n    at retryActionability (https://www.read-it.live/__cypress/runner/cypress_runner.js:133535:16)\n    at tryCatcher (https://www.read-it.live/__cypress/runner/cypress_runner.js:11327:23)\n    at Promise.attempt.Promise.try (https://www.read-it.live/__cypress/runner/cypress_runner.js:8601:29)\n    at whenStable (https://www.read-it.live/__cypress/runner/cypress_runner.js:149610:65)\n    at &lt;unknown&gt; (https://www.read-it.live/__cypress/runner/cypress_runner.js:149051:14)\n    at tryCatcher (https://www.read-it.live/__cypress/runner/cypress_runner.js:11327:23)\n    at Promise._settlePromiseFromHandler (https://www.read-it.live/__cypress/runner/cypress_runner.js:9262:31)\n    at Promise._settlePromise (https://www.read-it.live/__cypress/runner/cypress_runner.js:9319:18)\n    at Promise._settlePromise0 (https://www.read-it.live/__cypress/runner/cypress_runner.js:9364:10)\n    at Promise._settlePromises (https://www.read-it.live/__cypress/runner/cypress_runner.js:9444:18)\n    at Promise._fulfill (https://www.read-it.live/__cypress/runner/cypress_runner.js:9388:18)\n    at &lt;unknown&gt; (https://www.read-it.live/__cypress/runner/cypress_runner.js:11002:46)\nFrom Your Spec Code:\n    at postActionObjects.downvotePost (webpack:///./cypress/e2e/SWE_PROJECT/PageObjects/CreatePostObjects/postActionObjects.js:111:13)\n    at Context.eval (webpack:///./cypress/e2e/SWE_PROJECT/PostActions/postAction.cy.js:324:12)&quot;},&quot;uuid&quot;:&quot;4e011cd0-79a7-42c9-a0bd-7829c8c27a08&quot;,&quot;parentUUID&quot;:&quot;ec57778a-1391-401c-b3e2-587d22688a11&quot;,&quot;isHook&quot;:false,&quot;skipped&quot;:false},{&quot;title&quot;:&quot;Disappearance of delete option of a post that dose not belong to the user&quot;,&quot;fullTitle&quot;:&quot;Test some actions on post Disappearance of delete option of a post that dose not belong to the user&quot;,&quot;duration&quot;:8066,&quot;state&quot;:&quot;failed&quot;,&quot;pass&quot;:false,&quot;fail&quot;:true,&quot;pending&quot;:false,&quot;code&quot;:&quot;const postAct = new _postActionObjects.default();\npostAct.firstPostActionsList();\npostAct.deleteDisappearance();&quot;,&quot;err&quot;:{&quot;message&quot;:&quot;CypressError: Timed out retrying after 4050ms: `cy.click()` failed because this element:\n\n`&lt;li id=\&quot;submenu\&quot; data-v-5e748030=\&quot;\&quot;&gt;...&lt;/li&gt;`\n\nis being covered by another element:\n\n`&lt;input type=\&quot;text\&quot; class=\&quot;header-search-input\&quot; placeholder=\&quot;Search Reddit\&quot; id=\&quot;header-search\&quot; data-v-1524e344=\&quot;\&quot;&gt;`\n\nFix this problem, or use {force: true} to disable error checking.\n\nhttps://on.cypress.io/element-cannot-be-interacted-with&quot;,&quot;estack&quot;:&quot;CypressError: Timed out retrying after 4050ms: `cy.click()` failed because this element:\n\n`&lt;li id=\&quot;submenu\&quot; data-v-5e748030=\&quot;\&quot;&gt;...&lt;/li&gt;`\n\nis being covered by another element:\n\n`&lt;input type=\&quot;text\&quot; class=\&quot;header-search-input\&quot; placeholder=\&quot;Search Reddit\&quot; id=\&quot;header-search\&quot; data-v-1524e344=\&quot;\&quot;&gt;`\n\nFix this problem, or use {force: true} to disable error checking.\n\nhttps://on.cypress.io/element-cannot-be-interacted-with\n    at ensureIsDescendent (https://www.read-it.live/__cypress/runner/cypress_runner.js:133130:76)\n    at ensureDescendents (https://www.read-it.live/__cypress/runner/cypress_runner.js:133181:5)\n    at ensureDescendentsAndScroll (https://www.read-it.live/__cypress/runner/cypress_runner.js:133187:14)\n    at ensureElIsNotCovered (https://www.read-it.live/__cypress/runner/cypress_runner.js:133318:5)\n    at runAllChecks (https://www.read-it.live/__cypress/runner/cypress_runner.js:133498:52)\n    at retryActionability (https://www.read-it.live/__cypress/runner/cypress_runner.js:133535:16)\n    at tryCatcher (https://www.read-it.live/__cypress/runner/cypress_runner.js:11327:23)\n    at Promise.attempt.Promise.try (https://www.read-it.live/__cypress/runner/cypress_runner.js:8601:29)\n    at whenStable (https://www.read-it.live/__cypress/runner/cypress_runner.js:149610:65)\n    at &lt;unknown&gt; (https://www.read-it.live/__cypress/runner/cypress_runner.js:149051:14)\n    at tryCatcher (https://www.read-it.live/__cypress/runner/cypress_runner.js:11327:23)\n    at Promise._settlePromiseFromHandler (https://www.read-it.live/__cypress/runner/cypress_runner.js:9262:31)\n    at Promise._settlePromise (https://www.read-it.live/__cypress/runner/cypress_runner.js:9319:18)\n    at Promise._settlePromise0 (https://www.read-it.live/__cypress/runner/cypress_runner.js:9364:10)\n    at Promise._settlePromises (https://www.read-it.live/__cypress/runner/cypress_runner.js:9444:18)\n    at Promise._fulfill (https://www.read-it.live/__cypress/runner/cypress_runner.js:9388:18)\n    at &lt;unknown&gt; (https://www.read-it.live/__cypress/runner/cypress_runner.js:11002:46)\nFrom Your Spec Code:\n    at postActionObjects.firstPostActionsList (webpack:///./cypress/e2e/SWE_PROJECT/PageObjects/CreatePostObjects/postActionObjects.js:210:13)\n    at Context.eval (webpack:///./cypress/e2e/SWE_PROJECT/PostActions/postAction.cy.js:336:12)&quot;},&quot;uuid&quot;:&quot;e1561b9f-79fa-4463-9001-903252cb36a8&quot;,&quot;parentUUID&quot;:&quot;ec57778a-1391-401c-b3e2-587d22688a11&quot;,&quot;isHook&quot;:false,&quot;skipped&quot;:false},{&quot;title&quot;:&quot;Exsitance of any post&quot;,&quot;fullTitle&quot;:&quot;Test some actions on post Exsitance of any post&quot;,&quot;duration&quot;:11648,&quot;state&quot;:&quot;failed&quot;,&quot;pass&quot;:false,&quot;fail&quot;:true,&quot;pending&quot;:false,&quot;code&quot;:&quot;const postAct = new _postActionObjects.default();\npostAct.getFirstPostTitle();&quot;,&quot;err&quot;:{&quot;message&quot;:&quot;AssertionError: Timed out retrying after 4000ms: Expected to find element: `:nth-child(3) &gt; .post-content &gt; #post-router &gt; .post-title &gt; h3`, but never found it.&quot;,&quot;estack&quot;:&quot;AssertionError: Timed out retrying after 4000ms: Expected to find element: `:nth-child(3) &gt; .post-content &gt; #post-router &gt; .post-title &gt; h3`, but never found it.\n    at postActionObjects.getFirstPostTitle (webpack:///./cypress/e2e/SWE_PROJECT/PageObjects/CreatePostObjects/postActionObjects.js:196:17)\n    at Context.eval (webpack:///./cypress/e2e/SWE_PROJECT/PostActions/postAction.cy.js:344:12)&quot;},&quot;uuid&quot;:&quot;d3e99bfc-490a-4047-b2db-e6d6f72302d2&quot;,&quot;parentUUID&quot;:&quot;ec57778a-1391-401c-b3e2-587d22688a11&quot;,&quot;isHook&quot;:false,&quot;skipped&quot;:false},{&quot;title&quot;:&quot;check if (Comments)button will go to the comments page of the post&quot;,&quot;fullTitle&quot;:&quot;Test some actions on post check if (Comments)button will go to the comments page of the post&quot;,&quot;duration&quot;:7348,&quot;state&quot;:&quot;failed&quot;,&quot;pass&quot;:false,&quot;fail&quot;:true,&quot;pending&quot;:false,&quot;code&quot;:&quot;const postAct = new _postActionObjects.default();\npostAct.comments();\npostAct.checkCommmentPage();&quot;,&quot;err&quot;:{&quot;message&quot;:&quot;CypressError: Timed out retrying after 4050ms: `cy.click()` failed because this element:\n\n`&lt;li data-v-5e748030=\&quot;\&quot;&gt;...&lt;/li&gt;`\n\nis being covered by another element:\n\n`&lt;input type=\&quot;text\&quot; class=\&quot;header-search-input\&quot; placeholder=\&quot;Search Reddit\&quot; id=\&quot;header-search\&quot; data-v-1524e344=\&quot;\&quot;&gt;`\n\nFix this problem, or use {force: true} to disable error checking.\n\nhttps://on.cypress.io/element-cannot-be-interacted-with&quot;,&quot;estack&quot;:&quot;CypressError: Timed out retrying after 4050ms: `cy.click()` failed because this element:\n\n`&lt;li data-v-5e748030=\&quot;\&quot;&gt;...&lt;/li&gt;`\n\nis being covered by another element:\n\n`&lt;input type=\&quot;text\&quot; class=\&quot;header-search-input\&quot; placeholder=\&quot;Search Reddit\&quot; id=\&quot;header-search\&quot; data-v-1524e344=\&quot;\&quot;&gt;`\n\nFix this problem, or use {force: true} to disable error checking.\n\nhttps://on.cypress.io/element-cannot-be-interacted-with\n    at ensureIsDescendent (https://www.read-it.live/__cypress/runner/cypress_runner.js:133130:76)\n    at ensureDescendents (https://www.read-it.live/__cypress/runner/cypress_runner.js:133181:5)\n    at ensureDescendentsAndScroll (https://www.read-it.live/__cypress/runner/cypress_runner.js:133187:14)\n    at ensureElIsNotCovered (https://www.read-it.live/__cypress/runner/cypress_runner.js:133318:5)\n    at runAllChecks (https://www.read-it.live/__cypress/runner/cypress_runner.js:133498:52)\n    at retryActionability (https://www.read-it.live/__cypress/runner/cypress_runner.js:133535:16)\n    at tryCatcher (https://www.read-it.live/__cypress/runner/cypress_runner.js:11327:23)\n    at Promise.attempt.Promise.try (https://www.read-it.live/__cypress/runner/cypress_runner.js:8601:29)\n    at whenStable (https://www.read-it.live/__cypress/runner/cypress_runner.js:149610:65)\n    at &lt;unknown&gt; (https://www.read-it.live/__cypress/runner/cypress_runner.js:149051:14)\n    at tryCatcher (https://www.read-it.live/__cypress/runner/cypress_runner.js:11327:23)\n    at Promise._settlePromiseFromHandler (https://www.read-it.live/__cypress/runner/cypress_runner.js:9262:31)\n    at Promise._settlePromise (https://www.read-it.live/__cypress/runner/cypress_runner.js:9319:18)\n    at Promise._settlePromise0 (https://www.read-it.live/__cypress/runner/cypress_runner.js:9364:10)\n    at Promise._settlePromises (https://www.read-it.live/__cypress/runner/cypress_runner.js:9444:18)\n    at Promise._fulfill (https://www.read-it.live/__cypress/runner/cypress_runner.js:9388:18)\n    at &lt;unknown&gt; (https://www.read-it.live/__cypress/runner/cypress_runner.js:11002:46)\nFrom Your Spec Code:\n    at postActionObjects.comments (webpack:///./cypress/e2e/SWE_PROJECT/PageObjects/CreatePostObjects/postActionObjects.js:180:13)\n    at Context.eval (webpack:///./cypress/e2e/SWE_PROJECT/PostActions/postAction.cy.js:360:12)&quot;},&quot;uuid&quot;:&quot;7ffeb419-5cf1-4a62-b28b-c61280c4c666&quot;,&quot;parentUUID&quot;:&quot;ec57778a-1391-401c-b3e2-587d22688a11&quot;,&quot;isHook&quot;:false,&quot;skipped&quot;:false}],&quot;suites&quot;:[],&quot;passes&quot;:[],&quot;failures&quot;:[&quot;13d7d422-32a1-42b4-aff3-043bf13f1b0a&quot;,&quot;bf9d1626-8d0e-4907-aa5e-81bc67e7825f&quot;,&quot;7d1b66e0-c27a-4dd9-b8bf-14ad9a5fd004&quot;,&quot;3d415fe7-98db-493c-9059-8c24486aeb87&quot;,&quot;9ab93182-ee8f-491e-a67e-b990c2eeacca&quot;,&quot;f9ff2dc4-f343-4807-bc79-77f2663ed12c&quot;,&quot;19ec9e7c-c8e4-4c9e-a3b4-8731faf77c75&quot;,&quot;57b020f1-37ca-445b-994b-789b2438677e&quot;,&quot;6a173afa-4c4a-49b5-b846-4edb330cce0d&quot;,&quot;00c087ea-b581-4e51-a74e-78db86a1c68d&quot;,&quot;271c7032-b7c9-4101-bc82-43f5dfb6f622&quot;,&quot;cf559705-a19c-4eee-96ba-8ad906a79d81&quot;,&quot;302aaa1e-6dd1-4212-9c75-8720a738fb8d&quot;,&quot;bc1d5383-daae-4daf-83a1-62505a3f9232&quot;,&quot;50cc644c-517c-4c49-90ba-f4d337254195&quot;,&quot;adb77a29-7297-4f89-b511-23b8676fba7a&quot;,&quot;fc167b16-8740-44ad-9121-1290b16ba6d1&quot;,&quot;0df48dc2-a89e-4e63-9f4d-c068e1d188a6&quot;,&quot;aaa5b248-13ef-4cc0-b30c-79442b0e913a&quot;,&quot;6991ef8c-9dd8-4080-ad5d-c4bef7aee9fc&quot;,&quot;f317d781-c9fe-4735-a745-88c09c69cb60&quot;,&quot;8fb06069-c5fa-402e-8fc5-daaa6c633999&quot;,&quot;4e011cd0-79a7-42c9-a0bd-7829c8c27a08&quot;,&quot;e1561b9f-79fa-4463-9001-903252cb36a8&quot;,&quot;d3e99bfc-490a-4047-b2db-e6d6f72302d2&quot;,&quot;7ffeb419-5cf1-4a62-b28b-c61280c4c666&quot;],&quot;pending&quot;:[],&quot;skipped&quot;:[],&quot;duration&quot;:206241,&quot;root&quot;:false,&quot;rootEmpty&quot;:false,&quot;_timeout&quot;:2000}],&quot;passes&quot;:[],&quot;failures&quot;:[],&quot;pending&quot;:[],&quot;skipped&quot;:[],&quot;duration&quot;:0,&quot;root&quot;:true,&quot;rootEmpty&quot;:true,&quot;_timeout&quot;:2000}],&quot;meta&quot;:{&quot;mocha&quot;:{&quot;version&quot;:&quot;7.0.1&quot;},&quot;mochawesome&quot;:{&quot;options&quot;:{&quot;quiet&quot;:false,&quot;reportFilename&quot;:&quot;mochawesome&quot;,&quot;saveHtml&quot;:true,&quot;saveJson&quot;:false,&quot;consoleReporter&quot;:&quot;spec&quot;,&quot;useInlineDiffs&quot;:false,&quot;code&quot;:true},&quot;version&quot;:&quot;7.1.3&quot;},&quot;marge&quot;:{&quot;options&quot;:{&quot;charts&quot;:true,&quot;overwrite&quot;:false,&quot;html&quot;:true,&quot;json&quot;:false,&quot;timestamp&quot;:&quot;mmddyyyy_HHMMss&quot;,&quot;reportDir&quot;:&quot;cypress/report/mochawesome-report&quot;},&quot;version&quot;:&quot;6.2.0&quot;}}}" data-config="{&quot;reportFilename&quot;:&quot;mochawesome&quot;,&quot;reportDir&quot;:&quot;cypress/report/mochawesome-report&quot;,&quot;reportTitle&quot;:&quot;CypressAutomation&quot;,&quot;reportPageTitle&quot;:&quot;Mochawesome Report&quot;,&quot;inline&quot;:false,&quot;inlineAssets&quot;:false,&quot;cdn&quot;:false,&quot;charts&quot;:true,&quot;enableCharts&quot;:true,&quot;code&quot;:true,&quot;enableCode&quot;:true,&quot;autoOpen&quot;:false,&quot;overwrite&quot;:false,&quot;timestamp&quot;:&quot;mmddyyyy_HHMMss&quot;,&quot;ts&quot;:&quot;mmddyyyy_HHMMss&quot;,&quot;showPassed&quot;:true,&quot;showFailed&quot;:true,&quot;showPending&quot;:true,&quot;showSkipped&quot;:false,&quot;showHooks&quot;:&quot;failed&quot;,&quot;saveJson&quot;:false,&quot;saveHtml&quot;:true,&quot;dev&quot;:false,&quot;assetsDir&quot;:&quot;cypress/report/mochawesome-report/assets&quot;,&quot;htmlFile&quot;:&quot;/home/karimmahmoud/Desktop/CypressAutomation/cypress/report/mochawesome-report/mochawesome_12212022_010004.html&quot;}"><div id="report"></div><script src="assets/app.js"></script></body></html>