<!doctype html>
<html lang="en"><head><meta charSet="utf-8"/><meta http-equiv="X-UA-Compatible" content="IE=edge"/><meta name="viewport" content="width=device-width, initial-scale=1"/><title>Mochawesome Report</title><link rel="stylesheet" href="assets/app.css"/></head><body data-raw="{&quot;stats&quot;:{&quot;suites&quot;:1,&quot;tests&quot;:8,&quot;passes&quot;:1,&quot;pending&quot;:0,&quot;failures&quot;:7,&quot;start&quot;:&quot;2022-12-24T16:45:26.021Z&quot;,&quot;end&quot;:&quot;2022-12-24T16:46:28.277Z&quot;,&quot;duration&quot;:62256,&quot;testsRegistered&quot;:8,&quot;passPercent&quot;:12.5,&quot;pendingPercent&quot;:0,&quot;other&quot;:0,&quot;hasOther&quot;:false,&quot;skipped&quot;:0,&quot;hasSkipped&quot;:false},&quot;results&quot;:[{&quot;uuid&quot;:&quot;5706d141-51c4-4d21-98e6-7b065ecb6965&quot;,&quot;title&quot;:&quot;&quot;,&quot;fullFile&quot;:&quot;cypress/e2e/SWE_PROJECT/SignUpActions/sign_up_second_form.cy.js&quot;,&quot;file&quot;:&quot;cypress/e2e/SWE_PROJECT/SignUpActions/sign_up_second_form.cy.js&quot;,&quot;beforeHooks&quot;:[],&quot;afterHooks&quot;:[],&quot;tests&quot;:[],&quot;suites&quot;:[{&quot;uuid&quot;:&quot;5db7e5ca-2fcd-4b24-aca1-aa60b98313ad&quot;,&quot;title&quot;:&quot;Test Sign up second form&quot;,&quot;fullFile&quot;:&quot;&quot;,&quot;file&quot;:&quot;&quot;,&quot;beforeHooks&quot;:[],&quot;afterHooks&quot;:[],&quot;tests&quot;:[{&quot;title&quot;:&quot;Back to first form&quot;,&quot;fullTitle&quot;:&quot;Test Sign up second form Back to first form&quot;,&quot;duration&quot;:9723,&quot;state&quot;:&quot;failed&quot;,&quot;pass&quot;:false,&quot;fail&quot;:true,&quot;pending&quot;:false,&quot;code&quot;:&quot;cov_14d1i9gwfn().f[4]++;\ncov_14d1i9gwfn().s[10]++;\n//const signUp = new signUpObjects()      \nsignUp.backButton();\ncov_14d1i9gwfn().s[11]++;\nsignUp.goFirstForm();&quot;,&quot;err&quot;:{&quot;message&quot;:&quot;AssertionError: Timed out retrying after 4000ms: Expected to find element: `#back-button`, but never found it.&quot;,&quot;estack&quot;:&quot;AssertionError: Timed out retrying after 4000ms: Expected to find element: `#back-button`, but never found it.\n    at signUpObjects.backButton (webpack:///./cypress/e2e/SWE_PROJECT/PageObjects/SignUpObjects/signUpObjects.js:91:11)\n    at Context.eval (webpack:///./cypress/e2e/SWE_PROJECT/SignUpActions/sign_up_second_form.cy.js:30:11)&quot;},&quot;uuid&quot;:&quot;957af040-4d95-4124-84e7-776b10152f22&quot;,&quot;parentUUID&quot;:&quot;5db7e5ca-2fcd-4b24-aca1-aa60b98313ad&quot;,&quot;isHook&quot;:false,&quot;skipped&quot;:false},{&quot;title&quot;:&quot;Enter valid username-start with numbers-&quot;,&quot;fullTitle&quot;:&quot;Test Sign up second form Enter valid username-start with numbers-&quot;,&quot;duration&quot;:6591,&quot;state&quot;:&quot;failed&quot;,&quot;pass&quot;:false,&quot;fail&quot;:true,&quot;pending&quot;:false,&quot;code&quot;:&quot;cov_14d1i9gwfn().f[5]++;\ncov_14d1i9gwfn().s[13]++;\n//const signUp = new signUpObjects()        \nsignUp.enterUserName(this.data.UserName1);\ncov_14d1i9gwfn().s[14]++;\nsignUp.noUserNameErrMsg();&quot;,&quot;err&quot;:{&quot;message&quot;:&quot;AssertionError: Timed out retrying after 4000ms: Expected to find element: `#regUsername`, but never found it.&quot;,&quot;estack&quot;:&quot;AssertionError: Timed out retrying after 4000ms: Expected to find element: `#regUsername`, but never found it.\n    at signUpObjects.enterUserName (webpack:///./cypress/e2e/SWE_PROJECT/PageObjects/SignUpObjects/signUpObjects.js:70:11)\n    at Context.eval (webpack:///./cypress/e2e/SWE_PROJECT/SignUpActions/sign_up_second_form.cy.js:54:11)&quot;},&quot;uuid&quot;:&quot;8d0c5240-abd2-4806-83f1-03c46b0ec473&quot;,&quot;parentUUID&quot;:&quot;5db7e5ca-2fcd-4b24-aca1-aa60b98313ad&quot;,&quot;isHook&quot;:false,&quot;skipped&quot;:false},{&quot;title&quot;:&quot;Enter a long username&quot;,&quot;fullTitle&quot;:&quot;Test Sign up second form Enter a long username&quot;,&quot;duration&quot;:6478,&quot;state&quot;:&quot;failed&quot;,&quot;pass&quot;:false,&quot;fail&quot;:true,&quot;pending&quot;:false,&quot;code&quot;:&quot;cov_14d1i9gwfn().f[6]++;\ncov_14d1i9gwfn().s[16]++;\n//const signUp = new signUpObjects()   \nsignUp.enterUserName(this.data.UserName2);\ncov_14d1i9gwfn().s[17]++;\nsignUp.signUpNotDone();\ncov_14d1i9gwfn().s[18]++;\nsignUp.userNameErrMsg(this.data.UserNameErrMsg);&quot;,&quot;err&quot;:{&quot;message&quot;:&quot;AssertionError: Timed out retrying after 4000ms: Expected to find element: `#regUsername`, but never found it.&quot;,&quot;estack&quot;:&quot;AssertionError: Timed out retrying after 4000ms: Expected to find element: `#regUsername`, but never found it.\n    at signUpObjects.enterUserName (webpack:///./cypress/e2e/SWE_PROJECT/PageObjects/SignUpObjects/signUpObjects.js:70:11)\n    at Context.eval (webpack:///./cypress/e2e/SWE_PROJECT/SignUpActions/sign_up_second_form.cy.js:69:11)&quot;},&quot;uuid&quot;:&quot;5db04f18-283e-4d6c-a7e2-d76d1904166b&quot;,&quot;parentUUID&quot;:&quot;5db7e5ca-2fcd-4b24-aca1-aa60b98313ad&quot;,&quot;isHook&quot;:false,&quot;skipped&quot;:false},{&quot;title&quot;:&quot;Enter valid username and empty password&quot;,&quot;fullTitle&quot;:&quot;Test Sign up second form Enter valid username and empty password&quot;,&quot;duration&quot;:9206,&quot;state&quot;:&quot;failed&quot;,&quot;pass&quot;:false,&quot;fail&quot;:true,&quot;pending&quot;:false,&quot;code&quot;:&quot;cov_14d1i9gwfn().f[7]++;\ncov_14d1i9gwfn().s[20]++;\n//const signUp = new signUpObjects()    \nsignUp.enterUserName(this.data.UserName3);\n//signUp.signUpEnable()\n//signUp.signUpButton() \ncov_14d1i9gwfn().s[21]++;\nsignUp.signUpNotDone();\n//filtered\n//the error in the msg syntax\n//signUp.passwordErrMsg(\&quot;Password must be at least 8 characters long\&quot;)&quot;,&quot;err&quot;:{&quot;message&quot;:&quot;AssertionError: Timed out retrying after 4000ms: Expected to find element: `#regUsername`, but never found it.&quot;,&quot;estack&quot;:&quot;AssertionError: Timed out retrying after 4000ms: Expected to find element: `#regUsername`, but never found it.\n    at signUpObjects.enterUserName (webpack:///./cypress/e2e/SWE_PROJECT/PageObjects/SignUpObjects/signUpObjects.js:70:11)\n    at Context.eval (webpack:///./cypress/e2e/SWE_PROJECT/SignUpActions/sign_up_second_form.cy.js:77:11)&quot;},&quot;uuid&quot;:&quot;7fede83f-21d4-410c-8683-3535720d7395&quot;,&quot;parentUUID&quot;:&quot;5db7e5ca-2fcd-4b24-aca1-aa60b98313ad&quot;,&quot;isHook&quot;:false,&quot;skipped&quot;:false},{&quot;title&quot;:&quot;Enter valid username and  invalid -short- password&quot;,&quot;fullTitle&quot;:&quot;Test Sign up second form Enter valid username and  invalid -short- password&quot;,&quot;duration&quot;:8927,&quot;state&quot;:&quot;failed&quot;,&quot;pass&quot;:false,&quot;fail&quot;:true,&quot;pending&quot;:false,&quot;code&quot;:&quot;cov_14d1i9gwfn().f[8]++;\ncov_14d1i9gwfn().s[23]++;\n//const signUp = new signUpObjects() \nsignUp.enterUserName(this.data.UserName3);\ncov_14d1i9gwfn().s[24]++;\nsignUp.enterPassword(this.data.Password2);\n// signUp.signUpEnable()\n// signUp.signUpButton() \ncov_14d1i9gwfn().s[25]++;\nsignUp.signUpNotDone();\n//filtered\n//the error in the msg syntax\n//signUp.passwordErrMsg(\&quot;Password must be at least 8 characters long\&quot;)&quot;,&quot;err&quot;:{&quot;message&quot;:&quot;AssertionError: Timed out retrying after 4000ms: Expected to find element: `#regUsername`, but never found it.&quot;,&quot;estack&quot;:&quot;AssertionError: Timed out retrying after 4000ms: Expected to find element: `#regUsername`, but never found it.\n    at signUpObjects.enterUserName (webpack:///./cypress/e2e/SWE_PROJECT/PageObjects/SignUpObjects/signUpObjects.js:70:11)\n    at Context.eval (webpack:///./cypress/e2e/SWE_PROJECT/SignUpActions/sign_up_second_form.cy.js:88:11)&quot;},&quot;uuid&quot;:&quot;e1062417-7e67-4043-a5d4-a89d5f33f8b0&quot;,&quot;parentUUID&quot;:&quot;5db7e5ca-2fcd-4b24-aca1-aa60b98313ad&quot;,&quot;isHook&quot;:false,&quot;skipped&quot;:false},{&quot;title&quot;:&quot;Enter valid username and invalid -exactly(7)- character password&quot;,&quot;fullTitle&quot;:&quot;Test Sign up second form Enter valid username and invalid -exactly(7)- character password&quot;,&quot;duration&quot;:6877,&quot;state&quot;:&quot;failed&quot;,&quot;pass&quot;:false,&quot;fail&quot;:true,&quot;pending&quot;:false,&quot;code&quot;:&quot;cov_14d1i9gwfn().f[9]++;\ncov_14d1i9gwfn().s[27]++;\n//const signUp = new signUpObjects()    \nsignUp.enterUserName(this.data.UserName3);\ncov_14d1i9gwfn().s[28]++;\nsignUp.enterPassword(this.data.Password3);\n// signUp.signUpEnable()\n// signUp.signUpButton() \ncov_14d1i9gwfn().s[29]++;\nsignUp.signUpNotDone();\n//filtered\n//the error in the msg syntax\n//signUp.passwordErrMsg(\&quot;Password must be at least 8 characters long\&quot;)&quot;,&quot;err&quot;:{&quot;message&quot;:&quot;AssertionError: Timed out retrying after 4000ms: Expected to find element: `#regUsername`, but never found it.&quot;,&quot;estack&quot;:&quot;AssertionError: Timed out retrying after 4000ms: Expected to find element: `#regUsername`, but never found it.\n    at signUpObjects.enterUserName (webpack:///./cypress/e2e/SWE_PROJECT/PageObjects/SignUpObjects/signUpObjects.js:70:11)\n    at Context.eval (webpack:///./cypress/e2e/SWE_PROJECT/SignUpActions/sign_up_second_form.cy.js:100:11)&quot;},&quot;uuid&quot;:&quot;d24cb4b5-4f95-4240-987f-b0e58d4483d0&quot;,&quot;parentUUID&quot;:&quot;5db7e5ca-2fcd-4b24-aca1-aa60b98313ad&quot;,&quot;isHook&quot;:false,&quot;skipped&quot;:false},{&quot;title&quot;:&quot;Enter valid username and valid -exactly(8)- character password&quot;,&quot;fullTitle&quot;:&quot;Test Sign up second form Enter valid username and valid -exactly(8)- character password&quot;,&quot;duration&quot;:5227,&quot;state&quot;:&quot;passed&quot;,&quot;speed&quot;:&quot;medium&quot;,&quot;pass&quot;:true,&quot;fail&quot;:false,&quot;pending&quot;:false,&quot;code&quot;:&quot;cov_14d1i9gwfn().f[10]++;\ncov_14d1i9gwfn().s[31]++;\n//const signUp = new signUpObjects()    \nsignUp.enterUserName(this.data.UserName3);\ncov_14d1i9gwfn().s[32]++;\nsignUp.enterPassword(this.data.Password1);\ncov_14d1i9gwfn().s[33]++;\nsignUp.noPasswordErrMsg();&quot;,&quot;err&quot;:{},&quot;uuid&quot;:&quot;ea963e39-b35e-45ee-b2d3-f802321c34f3&quot;,&quot;parentUUID&quot;:&quot;5db7e5ca-2fcd-4b24-aca1-aa60b98313ad&quot;,&quot;isHook&quot;:false,&quot;skipped&quot;:false},{&quot;title&quot;:&quot;Enter valid username and valid -exactly(8)- character password and do not check robot&quot;,&quot;fullTitle&quot;:&quot;Test Sign up second form Enter valid username and valid -exactly(8)- character password and do not check robot&quot;,&quot;duration&quot;:6693,&quot;state&quot;:&quot;failed&quot;,&quot;pass&quot;:false,&quot;fail&quot;:true,&quot;pending&quot;:false,&quot;code&quot;:&quot;cov_14d1i9gwfn().f[11]++;\ncov_14d1i9gwfn().s[35]++;\n//const signUp = new signUpObjects()    \nsignUp.enterUserName(this.data.UserName3);\ncov_14d1i9gwfn().s[36]++;\nsignUp.enterPassword(this.data.Password1);\n// signUp.signUpEnable()\n// signUp.signUpButton()\ncov_14d1i9gwfn().s[37]++;\nsignUp.signUpNotDone();&quot;,&quot;err&quot;:{&quot;message&quot;:&quot;AssertionError: Timed out retrying after 4000ms: Expected to find element: `#regUsername`, but never found it.&quot;,&quot;estack&quot;:&quot;AssertionError: Timed out retrying after 4000ms: Expected to find element: `#regUsername`, but never found it.\n    at signUpObjects.enterUserName (webpack:///./cypress/e2e/SWE_PROJECT/PageObjects/SignUpObjects/signUpObjects.js:70:11)\n    at Context.eval (webpack:///./cypress/e2e/SWE_PROJECT/SignUpActions/sign_up_second_form.cy.js:120:11)&quot;},&quot;uuid&quot;:&quot;a54e07f2-33f9-4c9b-9d44-dc4e976fe824&quot;,&quot;parentUUID&quot;:&quot;5db7e5ca-2fcd-4b24-aca1-aa60b98313ad&quot;,&quot;isHook&quot;:false,&quot;skipped&quot;:false}],&quot;suites&quot;:[],&quot;passes&quot;:[&quot;ea963e39-b35e-45ee-b2d3-f802321c34f3&quot;],&quot;failures&quot;:[&quot;957af040-4d95-4124-84e7-776b10152f22&quot;,&quot;8d0c5240-abd2-4806-83f1-03c46b0ec473&quot;,&quot;5db04f18-283e-4d6c-a7e2-d76d1904166b&quot;,&quot;7fede83f-21d4-410c-8683-3535720d7395&quot;,&quot;e1062417-7e67-4043-a5d4-a89d5f33f8b0&quot;,&quot;d24cb4b5-4f95-4240-987f-b0e58d4483d0&quot;,&quot;a54e07f2-33f9-4c9b-9d44-dc4e976fe824&quot;],&quot;pending&quot;:[],&quot;skipped&quot;:[],&quot;duration&quot;:59722,&quot;root&quot;:false,&quot;rootEmpty&quot;:false,&quot;_timeout&quot;:2000}],&quot;passes&quot;:[],&quot;failures&quot;:[],&quot;pending&quot;:[],&quot;skipped&quot;:[],&quot;duration&quot;:0,&quot;root&quot;:true,&quot;rootEmpty&quot;:true,&quot;_timeout&quot;:2000}],&quot;meta&quot;:{&quot;mocha&quot;:{&quot;version&quot;:&quot;7.0.1&quot;},&quot;mochawesome&quot;:{&quot;options&quot;:{&quot;quiet&quot;:false,&quot;reportFilename&quot;:&quot;mochawesome&quot;,&quot;saveHtml&quot;:true,&quot;saveJson&quot;:false,&quot;consoleReporter&quot;:&quot;spec&quot;,&quot;useInlineDiffs&quot;:false,&quot;code&quot;:true},&quot;version&quot;:&quot;7.1.3&quot;},&quot;marge&quot;:{&quot;options&quot;:{&quot;charts&quot;:true,&quot;overwrite&quot;:true,&quot;html&quot;:true,&quot;json&quot;:false,&quot;timestamp&quot;:&quot;mmddyyyy_HHMMss&quot;,&quot;reportDir&quot;:&quot;cypress/report/SWE_Reports_number_Success_fail&quot;},&quot;version&quot;:&quot;6.2.0&quot;}}}" data-config="{&quot;reportFilename&quot;:&quot;mochawesome&quot;,&quot;reportDir&quot;:&quot;cypress/report/SWE_Reports_number_Success_fail&quot;,&quot;reportTitle&quot;:&quot;CypressAutomation&quot;,&quot;reportPageTitle&quot;:&quot;Mochawesome Report&quot;,&quot;inline&quot;:false,&quot;inlineAssets&quot;:false,&quot;cdn&quot;:false,&quot;charts&quot;:true,&quot;enableCharts&quot;:true,&quot;code&quot;:true,&quot;enableCode&quot;:true,&quot;autoOpen&quot;:false,&quot;overwrite&quot;:true,&quot;timestamp&quot;:&quot;mmddyyyy_HHMMss&quot;,&quot;ts&quot;:&quot;mmddyyyy_HHMMss&quot;,&quot;showPassed&quot;:true,&quot;showFailed&quot;:true,&quot;showPending&quot;:true,&quot;showSkipped&quot;:false,&quot;showHooks&quot;:&quot;failed&quot;,&quot;saveJson&quot;:false,&quot;saveHtml&quot;:true,&quot;dev&quot;:false,&quot;assetsDir&quot;:&quot;cypress/report/SWE_Reports_number_Success_fail/assets&quot;,&quot;htmlFile&quot;:&quot;/home/karimmahmoud/Desktop/CypressAutomation/cypress/report/SWE_Reports_number_Success_fail/mochawesome_12242022_184628.html&quot;}"><div id="report"></div><script src="assets/app.js"></script></body></html>