<!doctype html>
<html lang="en"><head><meta charSet="utf-8"/><meta http-equiv="X-UA-Compatible" content="IE=edge"/><meta name="viewport" content="width=device-width, initial-scale=1"/><title>Mochawesome Report</title><link rel="stylesheet" href="assets/app.css"/></head><body data-raw="{&quot;stats&quot;:{&quot;suites&quot;:1,&quot;tests&quot;:6,&quot;passes&quot;:2,&quot;pending&quot;:0,&quot;failures&quot;:4,&quot;start&quot;:&quot;2022-12-24T15:12:24.891Z&quot;,&quot;end&quot;:&quot;2022-12-24T15:13:14.707Z&quot;,&quot;duration&quot;:49816,&quot;testsRegistered&quot;:15,&quot;passPercent&quot;:13.333333333333334,&quot;pendingPercent&quot;:0,&quot;other&quot;:1,&quot;hasOther&quot;:true,&quot;skipped&quot;:8,&quot;hasSkipped&quot;:true},&quot;results&quot;:[{&quot;uuid&quot;:&quot;a1b971da-c648-4b7b-a8d4-1f1868405ca0&quot;,&quot;title&quot;:&quot;&quot;,&quot;fullFile&quot;:&quot;cypress/e2e/SWE_PROJECT/SignUpActions/sign_up_second_form.cy.js&quot;,&quot;file&quot;:&quot;cypress/e2e/SWE_PROJECT/SignUpActions/sign_up_second_form.cy.js&quot;,&quot;beforeHooks&quot;:[],&quot;afterHooks&quot;:[],&quot;tests&quot;:[],&quot;suites&quot;:[{&quot;uuid&quot;:&quot;0f154f4f-0ebe-41bf-bc8b-2e19036e2b98&quot;,&quot;title&quot;:&quot;Test Sign up second form&quot;,&quot;fullFile&quot;:&quot;&quot;,&quot;file&quot;:&quot;&quot;,&quot;beforeHooks&quot;:[],&quot;afterHooks&quot;:[],&quot;tests&quot;:[{&quot;title&quot;:&quot;Back to first form&quot;,&quot;fullTitle&quot;:&quot;Test Sign up second form Back to first form&quot;,&quot;duration&quot;:6398,&quot;state&quot;:&quot;passed&quot;,&quot;speed&quot;:&quot;medium&quot;,&quot;pass&quot;:true,&quot;fail&quot;:false,&quot;pending&quot;:false,&quot;code&quot;:&quot;cov_14d1i9gwfn().f[2]++;\nconst signUp = (cov_14d1i9gwfn().s[7]++, new _PageObjects_SignUpObjects_signUpObjects__WEBPACK_IMPORTED_MODULE_0__[\&quot;default\&quot;]());\ncov_14d1i9gwfn().s[8]++;\nsignUp.backButton();\ncov_14d1i9gwfn().s[9]++;\nsignUp.goFirstForm();&quot;,&quot;err&quot;:{},&quot;uuid&quot;:&quot;2c0a34e8-2f3d-4d88-977d-a6df09e2004b&quot;,&quot;parentUUID&quot;:&quot;0f154f4f-0ebe-41bf-bc8b-2e19036e2b98&quot;,&quot;isHook&quot;:false,&quot;skipped&quot;:false},{&quot;title&quot;:&quot;Choose one of username suggestions&quot;,&quot;fullTitle&quot;:&quot;Test Sign up second form Choose one of username suggestions&quot;,&quot;duration&quot;:8199,&quot;state&quot;:&quot;failed&quot;,&quot;pass&quot;:false,&quot;fail&quot;:true,&quot;pending&quot;:false,&quot;code&quot;:&quot;cov_14d1i9gwfn().f[3]++;\nconst signUp = (cov_14d1i9gwfn().s[11]++, new _PageObjects_SignUpObjects_signUpObjects__WEBPACK_IMPORTED_MODULE_0__[\&quot;default\&quot;]());\ncov_14d1i9gwfn().s[12]++;\nsignUp.firstUsernameSugg();\ncov_14d1i9gwfn().s[13]++;\nsignUp.checkUsername();&quot;,&quot;err&quot;:{&quot;message&quot;:&quot;AssertionError: Timed out retrying after 4000ms: Expected to find element: `.username-generator`, but never found it.&quot;,&quot;estack&quot;:&quot;AssertionError: Timed out retrying after 4000ms: Expected to find element: `.username-generator`, but never found it.\n    at signUpObjects.firstUsernameSugg (webpack:///./cypress/e2e/SWE_PROJECT/PageObjects/SignUpObjects/signUpObjects.js:154:11)\n    at Context.eval (webpack:///./cypress/e2e/SWE_PROJECT/SignUpActions/sign_up_second_form.cy.js:27:11)&quot;},&quot;uuid&quot;:&quot;ec26ee1f-2d1a-4626-8033-3b6bcce5b965&quot;,&quot;parentUUID&quot;:&quot;0f154f4f-0ebe-41bf-bc8b-2e19036e2b98&quot;,&quot;isHook&quot;:false,&quot;skipped&quot;:false},{&quot;title&quot;:&quot;Enter invalid username(with space)&quot;,&quot;fullTitle&quot;:&quot;Test Sign up second form Enter invalid username(with space)&quot;,&quot;duration&quot;:8879,&quot;state&quot;:&quot;failed&quot;,&quot;pass&quot;:false,&quot;fail&quot;:true,&quot;pending&quot;:false,&quot;code&quot;:&quot;cov_14d1i9gwfn().f[4]++;\nconst signUp = (cov_14d1i9gwfn().s[15]++, new _PageObjects_SignUpObjects_signUpObjects__WEBPACK_IMPORTED_MODULE_0__[\&quot;default\&quot;]());\ncov_14d1i9gwfn().s[16]++;\nsignUp.enterUserName(&#x27;njkh  khj j jkh&#x27;);\ncov_14d1i9gwfn().s[17]++;\nsignUp.userNameErrMsg(\&quot;Letters, numbers, dashes, and underscores only. Please try again without symbols.\&quot;);&quot;,&quot;err&quot;:{&quot;message&quot;:&quot;AssertionError: Timed out retrying after 4000ms: Expected to find element: `#regUsername`, but never found it.&quot;,&quot;estack&quot;:&quot;AssertionError: Timed out retrying after 4000ms: Expected to find element: `#regUsername`, but never found it.\n    at signUpObjects.enterUserName (webpack:///./cypress/e2e/SWE_PROJECT/PageObjects/SignUpObjects/signUpObjects.js:67:11)\n    at Context.eval (webpack:///./cypress/e2e/SWE_PROJECT/SignUpActions/sign_up_second_form.cy.js:33:11)&quot;},&quot;uuid&quot;:&quot;001155c7-68a8-4334-a7dd-9a62976bb0dc&quot;,&quot;parentUUID&quot;:&quot;0f154f4f-0ebe-41bf-bc8b-2e19036e2b98&quot;,&quot;isHook&quot;:false,&quot;skipped&quot;:false},{&quot;title&quot;:&quot;Enter invalid username(with # for example)&quot;,&quot;fullTitle&quot;:&quot;Test Sign up second form Enter invalid username(with # for example)&quot;,&quot;duration&quot;:7931,&quot;state&quot;:&quot;failed&quot;,&quot;pass&quot;:false,&quot;fail&quot;:true,&quot;pending&quot;:false,&quot;code&quot;:&quot;cov_14d1i9gwfn().f[5]++;\nconst signUp = (cov_14d1i9gwfn().s[19]++, new _PageObjects_SignUpObjects_signUpObjects__WEBPACK_IMPORTED_MODULE_0__[\&quot;default\&quot;]());\ncov_14d1i9gwfn().s[20]++;\nsignUp.enterUserName(&#x27;njkh#khjjjkh&#x27;);\ncov_14d1i9gwfn().s[21]++;\nsignUp.userNameErrMsg(\&quot;Letters, numbers, dashes, and underscores only. Please try again without symbols.\&quot;);&quot;,&quot;err&quot;:{&quot;message&quot;:&quot;AssertionError: Timed out retrying after 4000ms: Expected to find element: `#regUsername`, but never found it.&quot;,&quot;estack&quot;:&quot;AssertionError: Timed out retrying after 4000ms: Expected to find element: `#regUsername`, but never found it.\n    at signUpObjects.enterUserName (webpack:///./cypress/e2e/SWE_PROJECT/PageObjects/SignUpObjects/signUpObjects.js:67:11)\n    at Context.eval (webpack:///./cypress/e2e/SWE_PROJECT/SignUpActions/sign_up_second_form.cy.js:40:11)&quot;},&quot;uuid&quot;:&quot;7ee84e9d-7198-498d-90df-2d4ccee0f88d&quot;,&quot;parentUUID&quot;:&quot;0f154f4f-0ebe-41bf-bc8b-2e19036e2b98&quot;,&quot;isHook&quot;:false,&quot;skipped&quot;:false},{&quot;title&quot;:&quot;Enter valid username-start with numbers-&quot;,&quot;fullTitle&quot;:&quot;Test Sign up second form Enter valid username-start with numbers-&quot;,&quot;duration&quot;:5600,&quot;state&quot;:&quot;passed&quot;,&quot;speed&quot;:&quot;medium&quot;,&quot;pass&quot;:true,&quot;fail&quot;:false,&quot;pending&quot;:false,&quot;code&quot;:&quot;cov_14d1i9gwfn().f[6]++;\nconst signUp = (cov_14d1i9gwfn().s[23]++, new _PageObjects_SignUpObjects_signUpObjects__WEBPACK_IMPORTED_MODULE_0__[\&quot;default\&quot;]());\ncov_14d1i9gwfn().s[24]++;\nsignUp.enterUserName(&#x27;1256ftyfjv&#x27;);\ncov_14d1i9gwfn().s[25]++;\nsignUp.noUserNameErrMsg();&quot;,&quot;err&quot;:{},&quot;uuid&quot;:&quot;72f5fce7-4baf-4841-87cd-b6bbe955e698&quot;,&quot;parentUUID&quot;:&quot;0f154f4f-0ebe-41bf-bc8b-2e19036e2b98&quot;,&quot;isHook&quot;:false,&quot;skipped&quot;:false},{&quot;title&quot;:&quot;Enter an existed username&quot;,&quot;fullTitle&quot;:&quot;Test Sign up second form Enter an existed username&quot;,&quot;duration&quot;:7375,&quot;state&quot;:&quot;failed&quot;,&quot;pass&quot;:false,&quot;fail&quot;:true,&quot;pending&quot;:false,&quot;code&quot;:&quot;cov_14d1i9gwfn().f[7]++;\nconst signUp = (cov_14d1i9gwfn().s[27]++, new _PageObjects_SignUpObjects_signUpObjects__WEBPACK_IMPORTED_MODULE_0__[\&quot;default\&quot;]());\ncov_14d1i9gwfn().s[28]++;\nsignUp.enterUserName(&#x27;Samaa_Hazem&#x27;);\ncov_14d1i9gwfn().s[29]++;\nsignUp.userNameErrMsg(\&quot;That username is already taken\&quot;);&quot;,&quot;err&quot;:{&quot;message&quot;:&quot;AssertionError: Timed out retrying after 4000ms: Expected to find element: `.submit-signup`, but never found it.\n\nBecause this error occurred during a `before each` hook we are skipping the remaining tests in the current suite: `Test Sign up second form`&quot;,&quot;estack&quot;:&quot;AssertionError: Timed out retrying after 4000ms: Expected to find element: `.submit-signup`, but never found it.\n\nBecause this error occurred during a `before each` hook we are skipping the remaining tests in the current suite: `Test Sign up second form`\n    at signUpObjects.contiuneTemporary (webpack:///./cypress/e2e/SWE_PROJECT/PageObjects/SignUpObjects/signUpObjects.js:139:10)\n    at Context.eval (webpack:///./cypress/e2e/SWE_PROJECT/SignUpActions/sign_up_second_form.cy.js:13:11)&quot;},&quot;uuid&quot;:&quot;abc6479b-85cd-418d-944a-e65e30910862&quot;,&quot;parentUUID&quot;:&quot;0f154f4f-0ebe-41bf-bc8b-2e19036e2b98&quot;,&quot;isHook&quot;:false,&quot;skipped&quot;:false},{&quot;title&quot;:&quot;Enter a long username&quot;,&quot;fullTitle&quot;:&quot;Test Sign up second form Enter a long username&quot;,&quot;duration&quot;:0,&quot;state&quot;:&quot;skipped&quot;,&quot;pass&quot;:false,&quot;fail&quot;:false,&quot;pending&quot;:false,&quot;code&quot;:&quot;cov_14d1i9gwfn().f[8]++;\nconst signUp = (cov_14d1i9gwfn().s[31]++, new _PageObjects_SignUpObjects_signUpObjects__WEBPACK_IMPORTED_MODULE_0__[\&quot;default\&quot;]());\ncov_14d1i9gwfn().s[32]++;\nsignUp.enterUserName(&#x27;Samaa_Hazem323knjk4kkl&#x27;);\ncov_14d1i9gwfn().s[33]++;\nsignUp.userNameErrMsg(\&quot;Username must be between 3 and 20 characters\&quot;);&quot;,&quot;err&quot;:{},&quot;uuid&quot;:&quot;88eb4196-66b9-4d66-8ebc-83b2a7f169fb&quot;,&quot;parentUUID&quot;:&quot;0f154f4f-0ebe-41bf-bc8b-2e19036e2b98&quot;,&quot;isHook&quot;:false,&quot;skipped&quot;:true},{&quot;title&quot;:&quot;Enter valid username and empty password&quot;,&quot;fullTitle&quot;:&quot;Test Sign up second form Enter valid username and empty password&quot;,&quot;duration&quot;:0,&quot;state&quot;:&quot;skipped&quot;,&quot;pass&quot;:false,&quot;fail&quot;:false,&quot;pending&quot;:false,&quot;code&quot;:&quot;cov_14d1i9gwfn().f[9]++;\nconst signUp = (cov_14d1i9gwfn().s[35]++, new _PageObjects_SignUpObjects_signUpObjects__WEBPACK_IMPORTED_MODULE_0__[\&quot;default\&quot;]());\ncov_14d1i9gwfn().s[36]++;\nsignUp.enterUserName(&#x27;Samaa_Hazem222&#x27;);\ncov_14d1i9gwfn().s[37]++;\nsignUp.signUpEnable();\ncov_14d1i9gwfn().s[38]++;\nsignUp.signUpBotton();\ncov_14d1i9gwfn().s[39]++;\nsignUp.passwordErrMsg(\&quot;Password must be at least 8 characters long\&quot;);&quot;,&quot;err&quot;:{},&quot;uuid&quot;:&quot;bd7d7ad4-4485-43d1-9e5a-737af7f16da6&quot;,&quot;parentUUID&quot;:&quot;0f154f4f-0ebe-41bf-bc8b-2e19036e2b98&quot;,&quot;isHook&quot;:false,&quot;skipped&quot;:true},{&quot;title&quot;:&quot;Enter valid username and  invalid -short- password&quot;,&quot;fullTitle&quot;:&quot;Test Sign up second form Enter valid username and  invalid -short- password&quot;,&quot;duration&quot;:0,&quot;state&quot;:&quot;skipped&quot;,&quot;pass&quot;:false,&quot;fail&quot;:false,&quot;pending&quot;:false,&quot;code&quot;:&quot;cov_14d1i9gwfn().f[10]++;\nconst signUp = (cov_14d1i9gwfn().s[41]++, new _PageObjects_SignUpObjects_signUpObjects__WEBPACK_IMPORTED_MODULE_0__[\&quot;default\&quot;]());\ncov_14d1i9gwfn().s[42]++;\nsignUp.enterUserName(&#x27;Samaa_Hazem222&#x27;);\ncov_14d1i9gwfn().s[43]++;\nsignUp.enterPassword(&#x27;12&#x27;);\ncov_14d1i9gwfn().s[44]++;\nsignUp.signUpEnable();\ncov_14d1i9gwfn().s[45]++;\nsignUp.signUpBotton();\ncov_14d1i9gwfn().s[46]++;\nsignUp.passwordErrMsg(\&quot;Password must be at least 8 characters long\&quot;);&quot;,&quot;err&quot;:{},&quot;uuid&quot;:&quot;cc469916-4206-4d40-88d5-8824db79b423&quot;,&quot;parentUUID&quot;:&quot;0f154f4f-0ebe-41bf-bc8b-2e19036e2b98&quot;,&quot;isHook&quot;:false,&quot;skipped&quot;:true},{&quot;title&quot;:&quot;Enter valid username and invalid -exactly(7)- character password&quot;,&quot;fullTitle&quot;:&quot;Test Sign up second form Enter valid username and invalid -exactly(7)- character password&quot;,&quot;duration&quot;:0,&quot;state&quot;:&quot;skipped&quot;,&quot;pass&quot;:false,&quot;fail&quot;:false,&quot;pending&quot;:false,&quot;code&quot;:&quot;cov_14d1i9gwfn().f[11]++;\nconst signUp = (cov_14d1i9gwfn().s[48]++, new _PageObjects_SignUpObjects_signUpObjects__WEBPACK_IMPORTED_MODULE_0__[\&quot;default\&quot;]());\ncov_14d1i9gwfn().s[49]++;\nsignUp.enterUserName(&#x27;Samaa_Hazem222&#x27;);\ncov_14d1i9gwfn().s[50]++;\nsignUp.enterPassword(&#x27;asdfghj&#x27;);\ncov_14d1i9gwfn().s[51]++;\nsignUp.signUpEnable();\ncov_14d1i9gwfn().s[52]++;\nsignUp.signUpBotton();\ncov_14d1i9gwfn().s[53]++;\nsignUp.passwordErrMsg(\&quot;Password must be at least 8 characters long\&quot;);&quot;,&quot;err&quot;:{},&quot;uuid&quot;:&quot;4550c106-ec13-4a0b-bae0-5932e73f6ef8&quot;,&quot;parentUUID&quot;:&quot;0f154f4f-0ebe-41bf-bc8b-2e19036e2b98&quot;,&quot;isHook&quot;:false,&quot;skipped&quot;:true},{&quot;title&quot;:&quot;Enter valid username and valid -exactly(8)- character password&quot;,&quot;fullTitle&quot;:&quot;Test Sign up second form Enter valid username and valid -exactly(8)- character password&quot;,&quot;duration&quot;:0,&quot;state&quot;:&quot;skipped&quot;,&quot;pass&quot;:false,&quot;fail&quot;:false,&quot;pending&quot;:false,&quot;code&quot;:&quot;cov_14d1i9gwfn().f[12]++;\nconst signUp = (cov_14d1i9gwfn().s[55]++, new _PageObjects_SignUpObjects_signUpObjects__WEBPACK_IMPORTED_MODULE_0__[\&quot;default\&quot;]());\ncov_14d1i9gwfn().s[56]++;\nsignUp.enterUserName(&#x27;Samaa_Hazem222&#x27;);\ncov_14d1i9gwfn().s[57]++;\nsignUp.enterPassword(&#x27;asdfghje&#x27;);\ncov_14d1i9gwfn().s[58]++;\nsignUp.noPasswordErrMsg();&quot;,&quot;err&quot;:{},&quot;uuid&quot;:&quot;1dd12063-d9d2-41f7-bb30-450b8655b4cd&quot;,&quot;parentUUID&quot;:&quot;0f154f4f-0ebe-41bf-bc8b-2e19036e2b98&quot;,&quot;isHook&quot;:false,&quot;skipped&quot;:true},{&quot;title&quot;:&quot;Enter valid username and valid -exactly(8)- character password and do not check robot&quot;,&quot;fullTitle&quot;:&quot;Test Sign up second form Enter valid username and valid -exactly(8)- character password and do not check robot&quot;,&quot;duration&quot;:0,&quot;state&quot;:&quot;skipped&quot;,&quot;pass&quot;:false,&quot;fail&quot;:false,&quot;pending&quot;:false,&quot;code&quot;:&quot;cov_14d1i9gwfn().f[13]++;\nconst signUp = (cov_14d1i9gwfn().s[60]++, new _PageObjects_SignUpObjects_signUpObjects__WEBPACK_IMPORTED_MODULE_0__[\&quot;default\&quot;]());\ncov_14d1i9gwfn().s[61]++;\nsignUp.enterUserName(&#x27;Samaa_Hazem222&#x27;);\ncov_14d1i9gwfn().s[62]++;\nsignUp.enterPassword(&#x27;asdfghje&#x27;);\ncov_14d1i9gwfn().s[63]++;\nsignUp.signUpEnable();\ncov_14d1i9gwfn().s[64]++;\nsignUp.signUpBotton();\ncov_14d1i9gwfn().s[65]++;\nsignUp.signUpNotDone();&quot;,&quot;err&quot;:{},&quot;uuid&quot;:&quot;54215817-8593-4038-8df4-3c0985e9ac42&quot;,&quot;parentUUID&quot;:&quot;0f154f4f-0ebe-41bf-bc8b-2e19036e2b98&quot;,&quot;isHook&quot;:false,&quot;skipped&quot;:true},{&quot;title&quot;:&quot;Enter invalid username and valid password and check robot then sign up&quot;,&quot;fullTitle&quot;:&quot;Test Sign up second form Enter invalid username and valid password and check robot then sign up&quot;,&quot;duration&quot;:0,&quot;state&quot;:&quot;skipped&quot;,&quot;pass&quot;:false,&quot;fail&quot;:false,&quot;pending&quot;:false,&quot;code&quot;:&quot;cov_14d1i9gwfn().f[14]++;\nconst signUp = (cov_14d1i9gwfn().s[67]++, new _PageObjects_SignUpObjects_signUpObjects__WEBPACK_IMPORTED_MODULE_0__[\&quot;default\&quot;]());\ncov_14d1i9gwfn().s[68]++;\nsignUp.enterUserName(&#x27;Samaa hazem2325&#x27;);\ncov_14d1i9gwfn().s[69]++;\nsignUp.enterPassword(&#x27;asdfghje&#x27;);\ncov_14d1i9gwfn().s[70]++;\nsignUp.notRobot();\ncov_14d1i9gwfn().s[71]++;\nsignUp.signUpEnable();\ncov_14d1i9gwfn().s[72]++;\nsignUp.signUpBotton();\ncov_14d1i9gwfn().s[73]++;\nsignUp.userNameErrMsg(\&quot;Letters, numbers, dashes, and underscores only. Please try again without symbols.\&quot;);\ncov_14d1i9gwfn().s[74]++;\nsignUp.signUpNotDone();&quot;,&quot;err&quot;:{},&quot;uuid&quot;:&quot;bb013a26-f68c-4782-a42e-c20cc02ae4d4&quot;,&quot;parentUUID&quot;:&quot;0f154f4f-0ebe-41bf-bc8b-2e19036e2b98&quot;,&quot;isHook&quot;:false,&quot;skipped&quot;:true},{&quot;title&quot;:&quot;Enter valid username and valid password and immeditly check robot then sign up&quot;,&quot;fullTitle&quot;:&quot;Test Sign up second form Enter valid username and valid password and immeditly check robot then sign up&quot;,&quot;duration&quot;:0,&quot;state&quot;:&quot;skipped&quot;,&quot;pass&quot;:false,&quot;fail&quot;:false,&quot;pending&quot;:false,&quot;code&quot;:&quot;cov_14d1i9gwfn().f[15]++;\nconst signUp = (cov_14d1i9gwfn().s[76]++, new _PageObjects_SignUpObjects_signUpObjects__WEBPACK_IMPORTED_MODULE_0__[\&quot;default\&quot;]());\ncov_14d1i9gwfn().s[77]++;\nsignUp.enterUserName(&#x27;Samaa_hazem22&#x27;);\ncov_14d1i9gwfn().s[78]++;\nsignUp.enterPassword(&#x27;asdfghje&#x27;);\ncov_14d1i9gwfn().s[79]++;\nsignUp.notRobot();\ncov_14d1i9gwfn().s[80]++;\nsignUp.signUpEnable();\ncov_14d1i9gwfn().s[81]++;\nsignUp.signUpBotton();\ncov_14d1i9gwfn().s[82]++;\nsignUp.signUpDone();&quot;,&quot;err&quot;:{},&quot;uuid&quot;:&quot;b7888e02-33e0-4bdd-b525-192ee4c6e4e9&quot;,&quot;parentUUID&quot;:&quot;0f154f4f-0ebe-41bf-bc8b-2e19036e2b98&quot;,&quot;isHook&quot;:false,&quot;skipped&quot;:true},{&quot;title&quot;:&quot;Ability to click on (Sign up) without writing any thing&quot;,&quot;fullTitle&quot;:&quot;Test Sign up second form Ability to click on (Sign up) without writing any thing&quot;,&quot;duration&quot;:0,&quot;state&quot;:&quot;failed&quot;,&quot;pass&quot;:false,&quot;fail&quot;:true,&quot;pending&quot;:false,&quot;code&quot;:&quot;cov_14d1i9gwfn().f[16]++;\nconst signUp = (cov_14d1i9gwfn().s[84]++, new _PageObjects_SignUpObjects_signUpObjects__WEBPACK_IMPORTED_MODULE_0__[\&quot;default\&quot;]());\ncov_14d1i9gwfn().s[85]++;\nsignUp.signUpEnable();&quot;,&quot;err&quot;:{&quot;message&quot;:&quot;CypressError: `cy.request()` must be provided a fully qualified `url` - one that begins with `http`. By default `cy.request()` will use either the current window&#x27;s origin or the `baseUrl` in `cypress.config.js`. Neither of those values were present.\n\nhttps://on.cypress.io/request\n\nBecause this error occurred during a `after all` hook we are skipping all of the remaining tests.&quot;,&quot;estack&quot;:&quot;CypressError: `cy.request()` must be provided a fully qualified `url` - one that begins with `http`. By default `cy.request()` will use either the current window&#x27;s origin or the `baseUrl` in `cypress.config.js`. Neither of those values were present.\n\nhttps://on.cypress.io/request\n\nBecause this error occurred during a `after all` hook we are skipping all of the remaining tests.\n    at Context.request (https://www.read-it.live/__cypress/runner/cypress_runner.js:142419:78)\n    at wrapped (https://www.read-it.live/__cypress/runner/cypress_runner.js:153994:43)\nFrom Your Spec Code:\n    at Context.collectBackendCoverage (webpack:///./node_modules/@cypress/code-coverage/support.js:149:0)&quot;},&quot;uuid&quot;:&quot;71362200-3ecb-45d6-aa7e-e6618d11878f&quot;,&quot;parentUUID&quot;:&quot;0f154f4f-0ebe-41bf-bc8b-2e19036e2b98&quot;,&quot;isHook&quot;:false,&quot;skipped&quot;:false}],&quot;suites&quot;:[],&quot;passes&quot;:[&quot;2c0a34e8-2f3d-4d88-977d-a6df09e2004b&quot;,&quot;72f5fce7-4baf-4841-87cd-b6bbe955e698&quot;],&quot;failures&quot;:[&quot;ec26ee1f-2d1a-4626-8033-3b6bcce5b965&quot;,&quot;001155c7-68a8-4334-a7dd-9a62976bb0dc&quot;,&quot;7ee84e9d-7198-498d-90df-2d4ccee0f88d&quot;,&quot;abc6479b-85cd-418d-944a-e65e30910862&quot;,&quot;71362200-3ecb-45d6-aa7e-e6618d11878f&quot;],&quot;pending&quot;:[],&quot;skipped&quot;:[&quot;88eb4196-66b9-4d66-8ebc-83b2a7f169fb&quot;,&quot;bd7d7ad4-4485-43d1-9e5a-737af7f16da6&quot;,&quot;cc469916-4206-4d40-88d5-8824db79b423&quot;,&quot;4550c106-ec13-4a0b-bae0-5932e73f6ef8&quot;,&quot;1dd12063-d9d2-41f7-bb30-450b8655b4cd&quot;,&quot;54215817-8593-4038-8df4-3c0985e9ac42&quot;,&quot;bb013a26-f68c-4782-a42e-c20cc02ae4d4&quot;,&quot;b7888e02-33e0-4bdd-b525-192ee4c6e4e9&quot;],&quot;duration&quot;:44382,&quot;root&quot;:false,&quot;rootEmpty&quot;:false,&quot;_timeout&quot;:2000}],&quot;passes&quot;:[],&quot;failures&quot;:[],&quot;pending&quot;:[],&quot;skipped&quot;:[],&quot;duration&quot;:0,&quot;root&quot;:true,&quot;rootEmpty&quot;:true,&quot;_timeout&quot;:2000}],&quot;meta&quot;:{&quot;mocha&quot;:{&quot;version&quot;:&quot;7.0.1&quot;},&quot;mochawesome&quot;:{&quot;options&quot;:{&quot;quiet&quot;:false,&quot;reportFilename&quot;:&quot;mochawesome&quot;,&quot;saveHtml&quot;:true,&quot;saveJson&quot;:false,&quot;consoleReporter&quot;:&quot;spec&quot;,&quot;useInlineDiffs&quot;:false,&quot;code&quot;:true},&quot;version&quot;:&quot;7.1.3&quot;},&quot;marge&quot;:{&quot;options&quot;:{&quot;charts&quot;:true,&quot;overwrite&quot;:true,&quot;html&quot;:true,&quot;json&quot;:false,&quot;timestamp&quot;:&quot;mmddyyyy_HHMMss&quot;,&quot;reportDir&quot;:&quot;cypress/report/SWE_Reports_number_Success_fail&quot;},&quot;version&quot;:&quot;6.2.0&quot;}}}" data-config="{&quot;reportFilename&quot;:&quot;mochawesome&quot;,&quot;reportDir&quot;:&quot;cypress/report/SWE_Reports_number_Success_fail&quot;,&quot;reportTitle&quot;:&quot;CypressAutomation&quot;,&quot;reportPageTitle&quot;:&quot;Mochawesome Report&quot;,&quot;inline&quot;:false,&quot;inlineAssets&quot;:false,&quot;cdn&quot;:false,&quot;charts&quot;:true,&quot;enableCharts&quot;:true,&quot;code&quot;:true,&quot;enableCode&quot;:true,&quot;autoOpen&quot;:false,&quot;overwrite&quot;:true,&quot;timestamp&quot;:&quot;mmddyyyy_HHMMss&quot;,&quot;ts&quot;:&quot;mmddyyyy_HHMMss&quot;,&quot;showPassed&quot;:true,&quot;showFailed&quot;:true,&quot;showPending&quot;:true,&quot;showSkipped&quot;:false,&quot;showHooks&quot;:&quot;failed&quot;,&quot;saveJson&quot;:false,&quot;saveHtml&quot;:true,&quot;dev&quot;:false,&quot;assetsDir&quot;:&quot;cypress/report/SWE_Reports_number_Success_fail/assets&quot;,&quot;htmlFile&quot;:&quot;/home/karimmahmoud/Desktop/CypressAutomation/cypress/report/SWE_Reports_number_Success_fail/mochawesome_12242022_171314.html&quot;}"><div id="report"></div><script src="assets/app.js"></script></body></html>