<!doctype html>
<html lang="en"><head><meta charSet="utf-8"/><meta http-equiv="X-UA-Compatible" content="IE=edge"/><meta name="viewport" content="width=device-width, initial-scale=1"/><title>Mochawesome Report</title><link rel="stylesheet" href="assets/app.css"/></head><body data-raw="{&quot;stats&quot;:{&quot;suites&quot;:1,&quot;tests&quot;:14,&quot;passes&quot;:3,&quot;pending&quot;:0,&quot;failures&quot;:11,&quot;start&quot;:&quot;2022-12-24T15:11:06.842Z&quot;,&quot;end&quot;:&quot;2022-12-24T15:12:23.550Z&quot;,&quot;duration&quot;:76708,&quot;testsRegistered&quot;:14,&quot;passPercent&quot;:21.428571428571427,&quot;pendingPercent&quot;:0,&quot;other&quot;:0,&quot;hasOther&quot;:false,&quot;skipped&quot;:0,&quot;hasSkipped&quot;:false},&quot;results&quot;:[{&quot;uuid&quot;:&quot;5e3e0f57-79f1-40af-9532-291b6207775c&quot;,&quot;title&quot;:&quot;&quot;,&quot;fullFile&quot;:&quot;cypress/e2e/SWE_PROJECT/SignUpActions/sign_up.cy.js&quot;,&quot;file&quot;:&quot;cypress/e2e/SWE_PROJECT/SignUpActions/sign_up.cy.js&quot;,&quot;beforeHooks&quot;:[],&quot;afterHooks&quot;:[],&quot;tests&quot;:[],&quot;suites&quot;:[{&quot;uuid&quot;:&quot;e23c8fc8-af5f-41b4-829e-62c8869d9992&quot;,&quot;title&quot;:&quot;Test Sign up first form&quot;,&quot;fullFile&quot;:&quot;&quot;,&quot;file&quot;:&quot;&quot;,&quot;beforeHooks&quot;:[],&quot;afterHooks&quot;:[],&quot;tests&quot;:[{&quot;title&quot;:&quot;Press \&quot;CONTINUE\&quot; button with empty email&quot;,&quot;fullTitle&quot;:&quot;Test Sign up first form Press \&quot;CONTINUE\&quot; button with empty email&quot;,&quot;duration&quot;:7768,&quot;state&quot;:&quot;failed&quot;,&quot;pass&quot;:false,&quot;fail&quot;:true,&quot;pending&quot;:false,&quot;code&quot;:&quot;cov_1v3zmph6ki().f[2]++;\nconst signUp = (cov_1v3zmph6ki().s[5]++, new _PageObjects_SignUpObjects_signUpObjects__WEBPACK_IMPORTED_MODULE_0__[\&quot;default\&quot;]());\ncov_1v3zmph6ki().s[6]++;\nsignUp.continue();\n//signUp.emailErrMsg(&#x27;Looks like you&#x27;ve been doing that a lot. Take a break for 32 minutes before trying again.&#x27;)\ncov_1v3zmph6ki().s[7]++;\nsignUp.goSecondForm();&quot;,&quot;err&quot;:{&quot;message&quot;:&quot;AssertionError: Timed out retrying after 4000ms: Expected to find element: `.all-div`, but never found it.&quot;,&quot;estack&quot;:&quot;AssertionError: Timed out retrying after 4000ms: Expected to find element: `.all-div`, but never found it.\n    at signUpObjects.goSecondForm (webpack:///./cypress/e2e/SWE_PROJECT/PageObjects/SignUpObjects/signUpObjects.js:57:13)\n    at Context.eval (webpack:///./cypress/e2e/SWE_PROJECT/SignUpActions/sign_up.cy.js:19:11)&quot;},&quot;uuid&quot;:&quot;67838222-c1c6-4882-ab39-ef862b3ceec9&quot;,&quot;parentUUID&quot;:&quot;e23c8fc8-af5f-41b4-829e-62c8869d9992&quot;,&quot;isHook&quot;:false,&quot;skipped&quot;:false},{&quot;title&quot;:&quot;Press \&quot;CONTINUE\&quot; button with empty email and with valid username and strong password then submit&quot;,&quot;fullTitle&quot;:&quot;Test Sign up first form Press \&quot;CONTINUE\&quot; button with empty email and with valid username and strong password then submit&quot;,&quot;duration&quot;:2323,&quot;state&quot;:&quot;failed&quot;,&quot;pass&quot;:false,&quot;fail&quot;:true,&quot;pending&quot;:false,&quot;code&quot;:&quot;cov_1v3zmph6ki().f[3]++;\nconst signUp = (cov_1v3zmph6ki().s[9]++, new _PageObjects_SignUpObjects_signUpObjects__WEBPACK_IMPORTED_MODULE_0__[\&quot;default\&quot;]());\ncov_1v3zmph6ki().s[10]++;\nsignUp.continue();\n//signUp.goSecondForm()\ncov_1v3zmph6ki().s[11]++;\nsignUp.enterUserName(&#x27;Samaa_hazem22fxggf&#x27;);\ncov_1v3zmph6ki().s[12]++;\nsignUp.enterPassword(&#x27;asdfghje123&#x27;);\ncov_1v3zmph6ki().s[13]++;\nsignUp.signUpBotton();&quot;,&quot;err&quot;:{&quot;message&quot;:&quot;TypeError: signUp.signUpBotton is not a function&quot;,&quot;estack&quot;:&quot;TypeError: signUp.signUpBotton is not a function\n    at Context.eval (webpack:///./cypress/e2e/SWE_PROJECT/SignUpActions/sign_up.cy.js:29:11)&quot;},&quot;uuid&quot;:&quot;ef9c4baf-b1a5-4820-a38b-4b8fe42a50cf&quot;,&quot;parentUUID&quot;:&quot;e23c8fc8-af5f-41b4-829e-62c8869d9992&quot;,&quot;isHook&quot;:false,&quot;skipped&quot;:false},{&quot;title&quot;:&quot;Without pressing \&quot;CONTINUE\&quot; with invalid email&quot;,&quot;fullTitle&quot;:&quot;Test Sign up first form Without pressing \&quot;CONTINUE\&quot; with invalid email&quot;,&quot;duration&quot;:1882,&quot;state&quot;:&quot;passed&quot;,&quot;speed&quot;:&quot;fast&quot;,&quot;pass&quot;:true,&quot;fail&quot;:false,&quot;pending&quot;:false,&quot;code&quot;:&quot;cov_1v3zmph6ki().f[4]++;\nconst signUp = (cov_1v3zmph6ki().s[15]++, new _PageObjects_SignUpObjects_signUpObjects__WEBPACK_IMPORTED_MODULE_0__[\&quot;default\&quot;]());\ncov_1v3zmph6ki().s[16]++;\nsignUp.enterEmail(&#x27;hello&#x27;);\n//signUp.continue() \ncov_1v3zmph6ki().s[17]++;\nsignUp.emailErrMsg(&#x27;Please fix your email to continue&#x27;);\ncov_1v3zmph6ki().s[18]++;\nsignUp.goNotSecondForm();&quot;,&quot;err&quot;:{},&quot;uuid&quot;:&quot;404d638e-b5c2-40ae-8be6-9596a9d0648e&quot;,&quot;parentUUID&quot;:&quot;e23c8fc8-af5f-41b4-829e-62c8869d9992&quot;,&quot;isHook&quot;:false,&quot;skipped&quot;:false},{&quot;title&quot;:&quot;Press \&quot;CONTINUE\&quot; with invalid email&quot;,&quot;fullTitle&quot;:&quot;Test Sign up first form Press \&quot;CONTINUE\&quot; with invalid email&quot;,&quot;duration&quot;:5322,&quot;state&quot;:&quot;failed&quot;,&quot;pass&quot;:false,&quot;fail&quot;:true,&quot;pending&quot;:false,&quot;code&quot;:&quot;cov_1v3zmph6ki().f[5]++;\nconst signUp = (cov_1v3zmph6ki().s[20]++, new _PageObjects_SignUpObjects_signUpObjects__WEBPACK_IMPORTED_MODULE_0__[\&quot;default\&quot;]());\ncov_1v3zmph6ki().s[21]++;\nsignUp.enterEmail(&#x27;hello&#x27;);\n//signUp.emailErrMsg(&#x27;Please fix your email to continue&#x27;)\ncov_1v3zmph6ki().s[22]++;\nsignUp.continue();\ncov_1v3zmph6ki().s[23]++;\nsignUp.emailErrMsg(&#x27;That email is invalid&#x27;);\ncov_1v3zmph6ki().s[24]++;\nsignUp.goNotSecondForm();&quot;,&quot;err&quot;:{&quot;message&quot;:&quot;AssertionError: Timed out retrying after 4000ms: expected &#x27;&lt;div.username-error-message&gt;&#x27; to have text &#x27;That email is invalid&#x27;, but the text was &#x27;Please fix your email to continue&#x27;&quot;,&quot;estack&quot;:&quot;AssertionError: Timed out retrying after 4000ms: expected &#x27;&lt;div.username-error-message&gt;&#x27; to have text &#x27;That email is invalid&#x27;, but the text was &#x27;Please fix your email to continue&#x27;\n    at signUpObjects.emailErrMsg (webpack:///./cypress/e2e/SWE_PROJECT/PageObjects/SignUpObjects/signUpObjects.js:34:13)\n    at Context.eval (webpack:///./cypress/e2e/SWE_PROJECT/SignUpActions/sign_up.cy.js:57:11)&quot;,&quot;diff&quot;:&quot;- &#x27;Please fix your email to continue&#x27;\n+ &#x27;That email is invalid&#x27;\n&quot;},&quot;uuid&quot;:&quot;3bf4081f-481e-4ad3-99a3-352b70bf6a30&quot;,&quot;parentUUID&quot;:&quot;e23c8fc8-af5f-41b4-829e-62c8869d9992&quot;,&quot;isHook&quot;:false,&quot;skipped&quot;:false},{&quot;title&quot;:&quot;Press \&quot;CONTINUE\&quot; with invalid email (with .com only)&quot;,&quot;fullTitle&quot;:&quot;Test Sign up first form Press \&quot;CONTINUE\&quot; with invalid email (with .com only)&quot;,&quot;duration&quot;:6657,&quot;state&quot;:&quot;failed&quot;,&quot;pass&quot;:false,&quot;fail&quot;:true,&quot;pending&quot;:false,&quot;code&quot;:&quot;cov_1v3zmph6ki().f[6]++;\nconst signUp = (cov_1v3zmph6ki().s[26]++, new _PageObjects_SignUpObjects_signUpObjects__WEBPACK_IMPORTED_MODULE_0__[\&quot;default\&quot;]());\ncov_1v3zmph6ki().s[27]++;\nsignUp.enterEmail(&#x27;hello.com&#x27;);\ncov_1v3zmph6ki().s[28]++;\nsignUp.continue();\ncov_1v3zmph6ki().s[29]++;\nsignUp.emailErrMsg(&#x27;That email is invalid&#x27;);\ncov_1v3zmph6ki().s[30]++;\nsignUp.goNotSecondForm();&quot;,&quot;err&quot;:{&quot;message&quot;:&quot;AssertionError: Timed out retrying after 4000ms: expected &#x27;&lt;div.username-error-message&gt;&#x27; to have text &#x27;That email is invalid&#x27;, but the text was &#x27;Email is already taken&#x27;&quot;,&quot;estack&quot;:&quot;AssertionError: Timed out retrying after 4000ms: expected &#x27;&lt;div.username-error-message&gt;&#x27; to have text &#x27;That email is invalid&#x27;, but the text was &#x27;Email is already taken&#x27;\n    at signUpObjects.emailErrMsg (webpack:///./cypress/e2e/SWE_PROJECT/PageObjects/SignUpObjects/signUpObjects.js:34:13)\n    at Context.eval (webpack:///./cypress/e2e/SWE_PROJECT/SignUpActions/sign_up.cy.js:66:11)&quot;,&quot;diff&quot;:&quot;- &#x27;Email is already taken&#x27;\n+ &#x27;That email is invalid&#x27;\n&quot;},&quot;uuid&quot;:&quot;f8b305f7-d076-41ae-9a9e-5739fc02adc3&quot;,&quot;parentUUID&quot;:&quot;e23c8fc8-af5f-41b4-829e-62c8869d9992&quot;,&quot;isHook&quot;:false,&quot;skipped&quot;:false},{&quot;title&quot;:&quot;Press \&quot;CONTINUE\&quot; with invalid email (with @ only)&quot;,&quot;fullTitle&quot;:&quot;Test Sign up first form Press \&quot;CONTINUE\&quot; with invalid email (with @ only)&quot;,&quot;duration&quot;:8134,&quot;state&quot;:&quot;failed&quot;,&quot;pass&quot;:false,&quot;fail&quot;:true,&quot;pending&quot;:false,&quot;code&quot;:&quot;cov_1v3zmph6ki().f[7]++;\nconst signUp = (cov_1v3zmph6ki().s[32]++, new _PageObjects_SignUpObjects_signUpObjects__WEBPACK_IMPORTED_MODULE_0__[\&quot;default\&quot;]());\ncov_1v3zmph6ki().s[33]++;\nsignUp.enterEmail(&#x27;hello.com&#x27;);\ncov_1v3zmph6ki().s[34]++;\nsignUp.continue();\ncov_1v3zmph6ki().s[35]++;\nsignUp.emailErrMsg(&#x27;That email is invalid&#x27;);\ncov_1v3zmph6ki().s[36]++;\nsignUp.goNotSecondForm();&quot;,&quot;err&quot;:{&quot;message&quot;:&quot;AssertionError: Timed out retrying after 4000ms: expected &#x27;&lt;div.username-error-message&gt;&#x27; to have text &#x27;That email is invalid&#x27;, but the text was &#x27;Email is already taken&#x27;&quot;,&quot;estack&quot;:&quot;AssertionError: Timed out retrying after 4000ms: expected &#x27;&lt;div.username-error-message&gt;&#x27; to have text &#x27;That email is invalid&#x27;, but the text was &#x27;Email is already taken&#x27;\n    at signUpObjects.emailErrMsg (webpack:///./cypress/e2e/SWE_PROJECT/PageObjects/SignUpObjects/signUpObjects.js:34:13)\n    at Context.eval (webpack:///./cypress/e2e/SWE_PROJECT/SignUpActions/sign_up.cy.js:75:11)&quot;,&quot;diff&quot;:&quot;- &#x27;Email is already taken&#x27;\n+ &#x27;That email is invalid&#x27;\n&quot;},&quot;uuid&quot;:&quot;8176ff1e-e9af-48c1-91e3-bfbe2cdf6f93&quot;,&quot;parentUUID&quot;:&quot;e23c8fc8-af5f-41b4-829e-62c8869d9992&quot;,&quot;isHook&quot;:false,&quot;skipped&quot;:false},{&quot;title&quot;:&quot;Press \&quot;CONTINUE\&quot; with invalid email (with @ and .com)&quot;,&quot;fullTitle&quot;:&quot;Test Sign up first form Press \&quot;CONTINUE\&quot; with invalid email (with @ and .com)&quot;,&quot;duration&quot;:5845,&quot;state&quot;:&quot;failed&quot;,&quot;pass&quot;:false,&quot;fail&quot;:true,&quot;pending&quot;:false,&quot;code&quot;:&quot;cov_1v3zmph6ki().f[8]++;\nconst signUp = (cov_1v3zmph6ki().s[38]++, new _PageObjects_SignUpObjects_signUpObjects__WEBPACK_IMPORTED_MODULE_0__[\&quot;default\&quot;]());\ncov_1v3zmph6ki().s[39]++;\nsignUp.enterEmail(&#x27;hello.com&#x27;);\ncov_1v3zmph6ki().s[40]++;\nsignUp.continue();\ncov_1v3zmph6ki().s[41]++;\nsignUp.emailErrMsg(&#x27;That email is invalid&#x27;);\ncov_1v3zmph6ki().s[42]++;\nsignUp.goNotSecondForm();&quot;,&quot;err&quot;:{&quot;message&quot;:&quot;AssertionError: Timed out retrying after 4000ms: expected &#x27;&lt;div.username-error-message&gt;&#x27; to have text &#x27;That email is invalid&#x27;, but the text was &#x27;Email is already taken&#x27;&quot;,&quot;estack&quot;:&quot;AssertionError: Timed out retrying after 4000ms: expected &#x27;&lt;div.username-error-message&gt;&#x27; to have text &#x27;That email is invalid&#x27;, but the text was &#x27;Email is already taken&#x27;\n    at signUpObjects.emailErrMsg (webpack:///./cypress/e2e/SWE_PROJECT/PageObjects/SignUpObjects/signUpObjects.js:34:13)\n    at Context.eval (webpack:///./cypress/e2e/SWE_PROJECT/SignUpActions/sign_up.cy.js:84:11)&quot;,&quot;diff&quot;:&quot;- &#x27;Email is already taken&#x27;\n+ &#x27;That email is invalid&#x27;\n&quot;},&quot;uuid&quot;:&quot;18aa8a2e-b92c-4582-9244-c5e2f1542829&quot;,&quot;parentUUID&quot;:&quot;e23c8fc8-af5f-41b4-829e-62c8869d9992&quot;,&quot;isHook&quot;:false,&quot;skipped&quot;:false},{&quot;title&quot;:&quot;Press \&quot;CONTINUE\&quot; with valid non-existing email&quot;,&quot;fullTitle&quot;:&quot;Test Sign up first form Press \&quot;CONTINUE\&quot; with valid non-existing email&quot;,&quot;duration&quot;:3775,&quot;state&quot;:&quot;passed&quot;,&quot;speed&quot;:&quot;fast&quot;,&quot;pass&quot;:true,&quot;fail&quot;:false,&quot;pending&quot;:false,&quot;code&quot;:&quot;cov_1v3zmph6ki().f[9]++;\nconst signUp = (cov_1v3zmph6ki().s[44]++, new _PageObjects_SignUpObjects_signUpObjects__WEBPACK_IMPORTED_MODULE_0__[\&quot;default\&quot;]());\ncov_1v3zmph6ki().s[45]++;\nsignUp.enterEmail(&#x27;hello.dfghj@gmail.com&#x27;);\ncov_1v3zmph6ki().s[46]++;\nsignUp.continue();\n//.emailErrMsg(&#x27;That email is invalid&#x27;)\ncov_1v3zmph6ki().s[47]++;\nsignUp.goSecondForm();&quot;,&quot;err&quot;:{},&quot;uuid&quot;:&quot;f5960780-7216-4d97-9111-d0e2ef9268e9&quot;,&quot;parentUUID&quot;:&quot;e23c8fc8-af5f-41b4-829e-62c8869d9992&quot;,&quot;isHook&quot;:false,&quot;skipped&quot;:false},{&quot;title&quot;:&quot;Entering a valid email without pressing \&quot;CONTINUE\&quot;&quot;,&quot;fullTitle&quot;:&quot;Test Sign up first form Entering a valid email without pressing \&quot;CONTINUE\&quot;&quot;,&quot;duration&quot;:2115,&quot;state&quot;:&quot;passed&quot;,&quot;speed&quot;:&quot;fast&quot;,&quot;pass&quot;:true,&quot;fail&quot;:false,&quot;pending&quot;:false,&quot;code&quot;:&quot;cov_1v3zmph6ki().f[10]++;\nconst signUp = (cov_1v3zmph6ki().s[49]++, new _PageObjects_SignUpObjects_signUpObjects__WEBPACK_IMPORTED_MODULE_0__[\&quot;default\&quot;]());\ncov_1v3zmph6ki().s[50]++;\nsignUp.enterEmail(&#x27;sama.hazem22@gmail.com&#x27;);\ncov_1v3zmph6ki().s[51]++;\nsignUp.goNotSecondForm();&quot;,&quot;err&quot;:{},&quot;uuid&quot;:&quot;91044d84-62b6-4d70-aee7-e87277b2cd43&quot;,&quot;parentUUID&quot;:&quot;e23c8fc8-af5f-41b4-829e-62c8869d9992&quot;,&quot;isHook&quot;:false,&quot;skipped&quot;:false},{&quot;title&quot;:&quot;Entering a valid email and press the \&quot;CONTINUE\&quot; &quot;,&quot;fullTitle&quot;:&quot;Test Sign up first form Entering a valid email and press the \&quot;CONTINUE\&quot; &quot;,&quot;duration&quot;:4943,&quot;state&quot;:&quot;failed&quot;,&quot;pass&quot;:false,&quot;fail&quot;:true,&quot;pending&quot;:false,&quot;code&quot;:&quot;cov_1v3zmph6ki().f[11]++;\nconst signUp = (cov_1v3zmph6ki().s[53]++, new _PageObjects_SignUpObjects_signUpObjects__WEBPACK_IMPORTED_MODULE_0__[\&quot;default\&quot;]());\ncov_1v3zmph6ki().s[54]++;\nsignUp.enterEmail(&#x27;sama.hazem22@gmail.com&#x27;);\ncov_1v3zmph6ki().s[55]++;\nsignUp.continue();\ncov_1v3zmph6ki().s[56]++;\nsignUp.goSecondForm();&quot;,&quot;err&quot;:{&quot;message&quot;:&quot;AssertionError: Timed out retrying after 4000ms: Expected to find element: `.all-div`, but never found it.&quot;,&quot;estack&quot;:&quot;AssertionError: Timed out retrying after 4000ms: Expected to find element: `.all-div`, but never found it.\n    at signUpObjects.goSecondForm (webpack:///./cypress/e2e/SWE_PROJECT/PageObjects/SignUpObjects/signUpObjects.js:57:13)\n    at Context.eval (webpack:///./cypress/e2e/SWE_PROJECT/SignUpActions/sign_up.cy.js:118:11)&quot;},&quot;uuid&quot;:&quot;62e10d5e-f0c8-489b-afbc-6f711ece81b3&quot;,&quot;parentUUID&quot;:&quot;e23c8fc8-af5f-41b4-829e-62c8869d9992&quot;,&quot;isHook&quot;:false,&quot;skipped&quot;:false},{&quot;title&quot;:&quot;Entering a valid email of an existing account&quot;,&quot;fullTitle&quot;:&quot;Test Sign up first form Entering a valid email of an existing account&quot;,&quot;duration&quot;:6370,&quot;state&quot;:&quot;failed&quot;,&quot;pass&quot;:false,&quot;fail&quot;:true,&quot;pending&quot;:false,&quot;code&quot;:&quot;cov_1v3zmph6ki().f[12]++;\nconst signUp = (cov_1v3zmph6ki().s[58]++, new _PageObjects_SignUpObjects_signUpObjects__WEBPACK_IMPORTED_MODULE_0__[\&quot;default\&quot;]());\ncov_1v3zmph6ki().s[59]++;\nsignUp.enterEmail(&#x27;sama.hazem22@gmail.com&#x27;);\ncov_1v3zmph6ki().s[60]++;\nsignUp.continue();\ncov_1v3zmph6ki().s[61]++;\nsignUp.goSecondForm();&quot;,&quot;err&quot;:{&quot;message&quot;:&quot;AssertionError: Timed out retrying after 4000ms: Expected to find element: `.all-div`, but never found it.&quot;,&quot;estack&quot;:&quot;AssertionError: Timed out retrying after 4000ms: Expected to find element: `.all-div`, but never found it.\n    at signUpObjects.goSecondForm (webpack:///./cypress/e2e/SWE_PROJECT/PageObjects/SignUpObjects/signUpObjects.js:57:13)\n    at Context.eval (webpack:///./cypress/e2e/SWE_PROJECT/SignUpActions/sign_up.cy.js:125:11)&quot;},&quot;uuid&quot;:&quot;25de4558-e020-4620-b598-85f785e16566&quot;,&quot;parentUUID&quot;:&quot;e23c8fc8-af5f-41b4-829e-62c8869d9992&quot;,&quot;isHook&quot;:false,&quot;skipped&quot;:false},{&quot;title&quot;:&quot;Click the \&quot;LOG IN\&quot; will load the Login page&quot;,&quot;fullTitle&quot;:&quot;Test Sign up first form Click the \&quot;LOG IN\&quot; will load the Login page&quot;,&quot;duration&quot;:7365,&quot;state&quot;:&quot;failed&quot;,&quot;pass&quot;:false,&quot;fail&quot;:true,&quot;pending&quot;:false,&quot;code&quot;:&quot;cov_1v3zmph6ki().f[13]++;\nconst signUp = (cov_1v3zmph6ki().s[63]++, new _PageObjects_SignUpObjects_signUpObjects__WEBPACK_IMPORTED_MODULE_0__[\&quot;default\&quot;]());\ncov_1v3zmph6ki().s[64]++;\nsignUp.loginPage();\ncov_1v3zmph6ki().s[65]++;\nsignUp.urlChecker(&#x27;http://read-it.francecentral.cloudapp.azure.com/login&#x27;);&quot;,&quot;err&quot;:{&quot;message&quot;:&quot;AssertionError: Timed out retrying after 4000ms: expected &#x27;https://www.read-it.live/login&#x27; to equal &#x27;http://read-it.francecentral.cloudapp.azure.com/login&#x27;&quot;,&quot;estack&quot;:&quot;AssertionError: Timed out retrying after 4000ms: expected &#x27;https://www.read-it.live/login&#x27; to equal &#x27;http://read-it.francecentral.cloudapp.azure.com/login&#x27;\n    at signUpObjects.urlChecker (webpack:///./cypress/e2e/SWE_PROJECT/PageObjects/SignUpObjects/signUpObjects.js:23:13)\n    at Context.eval (webpack:///./cypress/e2e/SWE_PROJECT/SignUpActions/sign_up.cy.js:132:11)&quot;,&quot;diff&quot;:&quot;- &#x27;https://www.read-it.live/login&#x27;\n+ &#x27;http://read-it.francecentral.cloudapp.azure.com/login&#x27;\n&quot;},&quot;uuid&quot;:&quot;fb57387f-9faf-4bf9-9c66-332a68024406&quot;,&quot;parentUUID&quot;:&quot;e23c8fc8-af5f-41b4-829e-62c8869d9992&quot;,&quot;isHook&quot;:false,&quot;skipped&quot;:false},{&quot;title&quot;:&quot;Clicking on the \&quot;User Agreement\&quot; will load the (User Agreement page)&quot;,&quot;fullTitle&quot;:&quot;Test Sign up first form Clicking on the \&quot;User Agreement\&quot; will load the (User Agreement page)&quot;,&quot;duration&quot;:5375,&quot;state&quot;:&quot;failed&quot;,&quot;pass&quot;:false,&quot;fail&quot;:true,&quot;pending&quot;:false,&quot;code&quot;:&quot;cov_1v3zmph6ki().f[14]++;\nconst signUp = (cov_1v3zmph6ki().s[67]++, new _PageObjects_SignUpObjects_signUpObjects__WEBPACK_IMPORTED_MODULE_0__[\&quot;default\&quot;]());\ncov_1v3zmph6ki().s[68]++;\nsignUp.userAgreementPage();\ncov_1v3zmph6ki().s[69]++;\nsignUp.urlChecker(&#x27;https://www.redditinc.com/policies/user-agreement&#x27;);&quot;,&quot;err&quot;:{&quot;message&quot;:&quot;AssertionError: Timed out retrying after 4000ms: Expected to find element: `[href=\&quot;https://www.redditinc.com/policies/user-agreement\&quot;]`, but never found it.&quot;,&quot;estack&quot;:&quot;AssertionError: Timed out retrying after 4000ms: Expected to find element: `[href=\&quot;https://www.redditinc.com/policies/user-agreement\&quot;]`, but never found it.\n    at signUpObjects.userAgreementPage (webpack:///./cypress/e2e/SWE_PROJECT/PageObjects/SignUpObjects/signUpObjects.js:45:11)\n    at Context.eval (webpack:///./cypress/e2e/SWE_PROJECT/SignUpActions/sign_up.cy.js:137:11)&quot;},&quot;uuid&quot;:&quot;b034ddfe-a5e9-4118-ba0a-0e882ea8c74f&quot;,&quot;parentUUID&quot;:&quot;e23c8fc8-af5f-41b4-829e-62c8869d9992&quot;,&quot;isHook&quot;:false,&quot;skipped&quot;:false},{&quot;title&quot;:&quot;Clicking on the \&quot;Privacy Policy\&quot; will load the (Privacy Policy)&quot;,&quot;fullTitle&quot;:&quot;Test Sign up first form Clicking on the \&quot;Privacy Policy\&quot; will load the (Privacy Policy)&quot;,&quot;duration&quot;:5998,&quot;state&quot;:&quot;failed&quot;,&quot;pass&quot;:false,&quot;fail&quot;:true,&quot;pending&quot;:false,&quot;code&quot;:&quot;cov_1v3zmph6ki().f[15]++;\nconst signUp = (cov_1v3zmph6ki().s[71]++, new _PageObjects_SignUpObjects_signUpObjects__WEBPACK_IMPORTED_MODULE_0__[\&quot;default\&quot;]());\ncov_1v3zmph6ki().s[72]++;\nsignUp.privacyPolicyPage();\ncov_1v3zmph6ki().s[73]++;\nsignUp.urlChecker(&#x27;https://www.reddit.com/policies/privacy-policy&#x27;);&quot;,&quot;err&quot;:{&quot;message&quot;:&quot;AssertionError: Timed out retrying after 4000ms: Expected to find element: `[href=\&quot;https://www.redditinc.com/policies/privacy-policy\&quot;]`, but never found it.&quot;,&quot;estack&quot;:&quot;AssertionError: Timed out retrying after 4000ms: Expected to find element: `[href=\&quot;https://www.redditinc.com/policies/privacy-policy\&quot;]`, but never found it.\n    at signUpObjects.privacyPolicyPage (webpack:///./cypress/e2e/SWE_PROJECT/PageObjects/SignUpObjects/signUpObjects.js:51:11)\n    at Context.eval (webpack:///./cypress/e2e/SWE_PROJECT/SignUpActions/sign_up.cy.js:143:11)&quot;},&quot;uuid&quot;:&quot;9e9ba4bf-776f-46cb-88d1-1956c356d7e1&quot;,&quot;parentUUID&quot;:&quot;e23c8fc8-af5f-41b4-829e-62c8869d9992&quot;,&quot;isHook&quot;:false,&quot;skipped&quot;:false}],&quot;suites&quot;:[],&quot;passes&quot;:[&quot;404d638e-b5c2-40ae-8be6-9596a9d0648e&quot;,&quot;f5960780-7216-4d97-9111-d0e2ef9268e9&quot;,&quot;91044d84-62b6-4d70-aee7-e87277b2cd43&quot;],&quot;failures&quot;:[&quot;67838222-c1c6-4882-ab39-ef862b3ceec9&quot;,&quot;ef9c4baf-b1a5-4820-a38b-4b8fe42a50cf&quot;,&quot;3bf4081f-481e-4ad3-99a3-352b70bf6a30&quot;,&quot;f8b305f7-d076-41ae-9a9e-5739fc02adc3&quot;,&quot;8176ff1e-e9af-48c1-91e3-bfbe2cdf6f93&quot;,&quot;18aa8a2e-b92c-4582-9244-c5e2f1542829&quot;,&quot;62e10d5e-f0c8-489b-afbc-6f711ece81b3&quot;,&quot;25de4558-e020-4620-b598-85f785e16566&quot;,&quot;fb57387f-9faf-4bf9-9c66-332a68024406&quot;,&quot;b034ddfe-a5e9-4118-ba0a-0e882ea8c74f&quot;,&quot;9e9ba4bf-776f-46cb-88d1-1956c356d7e1&quot;],&quot;pending&quot;:[],&quot;skipped&quot;:[],&quot;duration&quot;:73872,&quot;root&quot;:false,&quot;rootEmpty&quot;:false,&quot;_timeout&quot;:2000}],&quot;passes&quot;:[],&quot;failures&quot;:[],&quot;pending&quot;:[],&quot;skipped&quot;:[],&quot;duration&quot;:0,&quot;root&quot;:true,&quot;rootEmpty&quot;:true,&quot;_timeout&quot;:2000}],&quot;meta&quot;:{&quot;mocha&quot;:{&quot;version&quot;:&quot;7.0.1&quot;},&quot;mochawesome&quot;:{&quot;options&quot;:{&quot;quiet&quot;:false,&quot;reportFilename&quot;:&quot;mochawesome&quot;,&quot;saveHtml&quot;:true,&quot;saveJson&quot;:false,&quot;consoleReporter&quot;:&quot;spec&quot;,&quot;useInlineDiffs&quot;:false,&quot;code&quot;:true},&quot;version&quot;:&quot;7.1.3&quot;},&quot;marge&quot;:{&quot;options&quot;:{&quot;charts&quot;:true,&quot;overwrite&quot;:true,&quot;html&quot;:true,&quot;json&quot;:false,&quot;timestamp&quot;:&quot;mmddyyyy_HHMMss&quot;,&quot;reportDir&quot;:&quot;cypress/report/SWE_Reports_number_Success_fail&quot;},&quot;version&quot;:&quot;6.2.0&quot;}}}" data-config="{&quot;reportFilename&quot;:&quot;mochawesome&quot;,&quot;reportDir&quot;:&quot;cypress/report/SWE_Reports_number_Success_fail&quot;,&quot;reportTitle&quot;:&quot;CypressAutomation&quot;,&quot;reportPageTitle&quot;:&quot;Mochawesome Report&quot;,&quot;inline&quot;:false,&quot;inlineAssets&quot;:false,&quot;cdn&quot;:false,&quot;charts&quot;:true,&quot;enableCharts&quot;:true,&quot;code&quot;:true,&quot;enableCode&quot;:true,&quot;autoOpen&quot;:false,&quot;overwrite&quot;:true,&quot;timestamp&quot;:&quot;mmddyyyy_HHMMss&quot;,&quot;ts&quot;:&quot;mmddyyyy_HHMMss&quot;,&quot;showPassed&quot;:true,&quot;showFailed&quot;:true,&quot;showPending&quot;:true,&quot;showSkipped&quot;:false,&quot;showHooks&quot;:&quot;failed&quot;,&quot;saveJson&quot;:false,&quot;saveHtml&quot;:true,&quot;dev&quot;:false,&quot;assetsDir&quot;:&quot;cypress/report/SWE_Reports_number_Success_fail/assets&quot;,&quot;htmlFile&quot;:&quot;/home/karimmahmoud/Desktop/CypressAutomation/cypress/report/SWE_Reports_number_Success_fail/mochawesome_12242022_171223.html&quot;}"><div id="report"></div><script src="assets/app.js"></script></body></html>