<!doctype html>
<html lang="en"><head><meta charSet="utf-8"/><meta http-equiv="X-UA-Compatible" content="IE=edge"/><meta name="viewport" content="width=device-width, initial-scale=1"/><title>Mochawesome Report</title><link rel="stylesheet" href="assets/app.css"/></head><body data-raw="{&quot;stats&quot;:{&quot;suites&quot;:1,&quot;tests&quot;:26,&quot;passes&quot;:0,&quot;pending&quot;:0,&quot;failures&quot;:26,&quot;start&quot;:&quot;2022-12-24T15:02:05.976Z&quot;,&quot;end&quot;:&quot;2022-12-24T15:05:06.111Z&quot;,&quot;duration&quot;:180135,&quot;testsRegistered&quot;:26,&quot;passPercent&quot;:0,&quot;pendingPercent&quot;:0,&quot;other&quot;:0,&quot;hasOther&quot;:false,&quot;skipped&quot;:0,&quot;hasSkipped&quot;:false},&quot;results&quot;:[{&quot;uuid&quot;:&quot;712075b2-dc46-4351-a39d-62deaa7c41cf&quot;,&quot;title&quot;:&quot;&quot;,&quot;fullFile&quot;:&quot;cypress/e2e/SWE_PROJECT/PostActions/postAction.cy.js&quot;,&quot;file&quot;:&quot;cypress/e2e/SWE_PROJECT/PostActions/postAction.cy.js&quot;,&quot;beforeHooks&quot;:[],&quot;afterHooks&quot;:[],&quot;tests&quot;:[],&quot;suites&quot;:[{&quot;uuid&quot;:&quot;487e74ed-d6f3-4856-974f-6ae435109dcb&quot;,&quot;title&quot;:&quot;Test some actions on post&quot;,&quot;fullFile&quot;:&quot;&quot;,&quot;file&quot;:&quot;&quot;,&quot;beforeHooks&quot;:[],&quot;afterHooks&quot;:[],&quot;tests&quot;:[{&quot;title&quot;:&quot;Check saving arbitrary post in (SAVED) page in user profile&quot;,&quot;fullTitle&quot;:&quot;Test some actions on post Check saving arbitrary post in (SAVED) page in user profile&quot;,&quot;duration&quot;:9027,&quot;state&quot;:&quot;failed&quot;,&quot;pass&quot;:false,&quot;fail&quot;:true,&quot;pending&quot;:false,&quot;code&quot;:&quot;cov_1lzkjwjv49().f[2]++;\nconst postAct = (cov_1lzkjwjv49().s[5]++, new _PageObjects_CreatePostObjects_postActionObjects__WEBPACK_IMPORTED_MODULE_0__[\&quot;default\&quot;]());\nconst userProfile = (cov_1lzkjwjv49().s[6]++, new _PageObjects_UserProfileObjects_userProfileObject__WEBPACK_IMPORTED_MODULE_1__[\&quot;default\&quot;]());\ncov_1lzkjwjv49().s[7]++;\npostAct.firstPostActionsList();\ncov_1lzkjwjv49().s[8]++;\npostAct.savePost();\ncov_1lzkjwjv49().s[9]++;\npostAct.getFirstPostTitle().then(title =&gt; {\n  cov_1lzkjwjv49().f[3]++;\n  cov_1lzkjwjv49().s[10]++;\n  postAct.showSettingsSubmenu();\n  cov_1lzkjwjv49().s[11]++;\n  postAct.goUserProfile();\n  cov_1lzkjwjv49().s[12]++;\n  userProfile.saved();\n  cov_1lzkjwjv49().s[13]++;\n  userProfile.findPost(title);\n});&quot;,&quot;err&quot;:{&quot;message&quot;:&quot;CypressError: Timed out retrying after 4050ms: `cy.click()` failed because this element:\n\n`&lt;li id=\&quot;submenu\&quot; data-v-5e748030=\&quot;\&quot;&gt;...&lt;/li&gt;`\n\nis being covered by another element:\n\n`&lt;input type=\&quot;text\&quot; class=\&quot;header-search-input\&quot; placeholder=\&quot;Search Reddit\&quot; id=\&quot;header-search\&quot; data-v-1524e344=\&quot;\&quot;&gt;`\n\nFix this problem, or use {force: true} to disable error checking.\n\nhttps://on.cypress.io/element-cannot-be-interacted-with&quot;,&quot;estack&quot;:&quot;CypressError: Timed out retrying after 4050ms: `cy.click()` failed because this element:\n\n`&lt;li id=\&quot;submenu\&quot; data-v-5e748030=\&quot;\&quot;&gt;...&lt;/li&gt;`\n\nis being covered by another element:\n\n`&lt;input type=\&quot;text\&quot; class=\&quot;header-search-input\&quot; placeholder=\&quot;Search Reddit\&quot; id=\&quot;header-search\&quot; data-v-1524e344=\&quot;\&quot;&gt;`\n\nFix this problem, or use {force: true} to disable error checking.\n\nhttps://on.cypress.io/element-cannot-be-interacted-with\n    at ensureIsDescendent (https://www.read-it.live/__cypress/runner/cypress_runner.js:133130:76)\n    at ensureDescendents (https://www.read-it.live/__cypress/runner/cypress_runner.js:133181:5)\n    at ensureDescendentsAndScroll (https://www.read-it.live/__cypress/runner/cypress_runner.js:133187:14)\n    at ensureElIsNotCovered (https://www.read-it.live/__cypress/runner/cypress_runner.js:133318:5)\n    at runAllChecks (https://www.read-it.live/__cypress/runner/cypress_runner.js:133498:52)\n    at retryActionability (https://www.read-it.live/__cypress/runner/cypress_runner.js:133535:16)\n    at tryCatcher (https://www.read-it.live/__cypress/runner/cypress_runner.js:11327:23)\n    at Promise.attempt.Promise.try (https://www.read-it.live/__cypress/runner/cypress_runner.js:8601:29)\n    at whenStable (https://www.read-it.live/__cypress/runner/cypress_runner.js:149610:65)\n    at &lt;unknown&gt; (https://www.read-it.live/__cypress/runner/cypress_runner.js:149051:14)\n    at tryCatcher (https://www.read-it.live/__cypress/runner/cypress_runner.js:11327:23)\n    at Promise._settlePromiseFromHandler (https://www.read-it.live/__cypress/runner/cypress_runner.js:9262:31)\n    at Promise._settlePromise (https://www.read-it.live/__cypress/runner/cypress_runner.js:9319:18)\n    at Promise._settlePromise0 (https://www.read-it.live/__cypress/runner/cypress_runner.js:9364:10)\n    at Promise._settlePromises (https://www.read-it.live/__cypress/runner/cypress_runner.js:9444:18)\n    at Promise._fulfill (https://www.read-it.live/__cypress/runner/cypress_runner.js:9388:18)\n    at &lt;unknown&gt; (https://www.read-it.live/__cypress/runner/cypress_runner.js:11002:46)\nFrom Your Spec Code:\n    at postActionObjects.firstPostActionsList (webpack:///./cypress/e2e/SWE_PROJECT/PageObjects/CreatePostObjects/postActionObjects.js:210:13)\n    at Context.eval (webpack:///./cypress/e2e/SWE_PROJECT/PostActions/postAction.cy.js:21:12)&quot;},&quot;uuid&quot;:&quot;b79ebfbc-fe8b-4c88-b1f2-ac1c7a13f7e5&quot;,&quot;parentUUID&quot;:&quot;487e74ed-d6f3-4856-974f-6ae435109dcb&quot;,&quot;isHook&quot;:false,&quot;skipped&quot;:false},{&quot;title&quot;:&quot;Appearance of saving post message and its syntax&quot;,&quot;fullTitle&quot;:&quot;Test some actions on post Appearance of saving post message and its syntax&quot;,&quot;duration&quot;:5866,&quot;state&quot;:&quot;failed&quot;,&quot;pass&quot;:false,&quot;fail&quot;:true,&quot;pending&quot;:false,&quot;code&quot;:&quot;cov_1lzkjwjv49().f[4]++;\nconst postAct = (cov_1lzkjwjv49().s[15]++, new _PageObjects_CreatePostObjects_postActionObjects__WEBPACK_IMPORTED_MODULE_0__[\&quot;default\&quot;]());\ncov_1lzkjwjv49().s[16]++;\npostAct.firstPostActionsList();\ncov_1lzkjwjv49().s[17]++;\npostAct.savePost();\ncov_1lzkjwjv49().s[18]++;\npostAct.saveMsgSyntax();&quot;,&quot;err&quot;:{&quot;message&quot;:&quot;CypressError: Timed out retrying after 4050ms: `cy.click()` failed because this element:\n\n`&lt;li id=\&quot;submenu\&quot; data-v-5e748030=\&quot;\&quot;&gt;...&lt;/li&gt;`\n\nis being covered by another element:\n\n`&lt;input type=\&quot;text\&quot; class=\&quot;header-search-input\&quot; placeholder=\&quot;Search Reddit\&quot; id=\&quot;header-search\&quot; data-v-1524e344=\&quot;\&quot;&gt;`\n\nFix this problem, or use {force: true} to disable error checking.\n\nhttps://on.cypress.io/element-cannot-be-interacted-with&quot;,&quot;estack&quot;:&quot;CypressError: Timed out retrying after 4050ms: `cy.click()` failed because this element:\n\n`&lt;li id=\&quot;submenu\&quot; data-v-5e748030=\&quot;\&quot;&gt;...&lt;/li&gt;`\n\nis being covered by another element:\n\n`&lt;input type=\&quot;text\&quot; class=\&quot;header-search-input\&quot; placeholder=\&quot;Search Reddit\&quot; id=\&quot;header-search\&quot; data-v-1524e344=\&quot;\&quot;&gt;`\n\nFix this problem, or use {force: true} to disable error checking.\n\nhttps://on.cypress.io/element-cannot-be-interacted-with\n    at ensureIsDescendent (https://www.read-it.live/__cypress/runner/cypress_runner.js:133130:76)\n    at ensureDescendents (https://www.read-it.live/__cypress/runner/cypress_runner.js:133181:5)\n    at ensureDescendentsAndScroll (https://www.read-it.live/__cypress/runner/cypress_runner.js:133187:14)\n    at ensureElIsNotCovered (https://www.read-it.live/__cypress/runner/cypress_runner.js:133318:5)\n    at runAllChecks (https://www.read-it.live/__cypress/runner/cypress_runner.js:133498:52)\n    at retryActionability (https://www.read-it.live/__cypress/runner/cypress_runner.js:133535:16)\n    at tryCatcher (https://www.read-it.live/__cypress/runner/cypress_runner.js:11327:23)\n    at Promise.attempt.Promise.try (https://www.read-it.live/__cypress/runner/cypress_runner.js:8601:29)\n    at whenStable (https://www.read-it.live/__cypress/runner/cypress_runner.js:149610:65)\n    at &lt;unknown&gt; (https://www.read-it.live/__cypress/runner/cypress_runner.js:149051:14)\n    at tryCatcher (https://www.read-it.live/__cypress/runner/cypress_runner.js:11327:23)\n    at Promise._settlePromiseFromHandler (https://www.read-it.live/__cypress/runner/cypress_runner.js:9262:31)\n    at Promise._settlePromise (https://www.read-it.live/__cypress/runner/cypress_runner.js:9319:18)\n    at Promise._settlePromise0 (https://www.read-it.live/__cypress/runner/cypress_runner.js:9364:10)\n    at Promise._settlePromises (https://www.read-it.live/__cypress/runner/cypress_runner.js:9444:18)\n    at Promise._fulfill (https://www.read-it.live/__cypress/runner/cypress_runner.js:9388:18)\n    at &lt;unknown&gt; (https://www.read-it.live/__cypress/runner/cypress_runner.js:11002:46)\nFrom Your Spec Code:\n    at postActionObjects.firstPostActionsList (webpack:///./cypress/e2e/SWE_PROJECT/PageObjects/CreatePostObjects/postActionObjects.js:210:13)\n    at Context.eval (webpack:///./cypress/e2e/SWE_PROJECT/PostActions/postAction.cy.js:34:12)&quot;},&quot;uuid&quot;:&quot;741a6aef-2c6a-4dfd-888e-ab1de1a14f3a&quot;,&quot;parentUUID&quot;:&quot;487e74ed-d6f3-4856-974f-6ae435109dcb&quot;,&quot;isHook&quot;:false,&quot;skipped&quot;:false},{&quot;title&quot;:&quot;Check message after clicking on (Undo) in saving post message&quot;,&quot;fullTitle&quot;:&quot;Test some actions on post Check message after clicking on (Undo) in saving post message&quot;,&quot;duration&quot;:6320,&quot;state&quot;:&quot;failed&quot;,&quot;pass&quot;:false,&quot;fail&quot;:true,&quot;pending&quot;:false,&quot;code&quot;:&quot;cov_1lzkjwjv49().f[5]++;\nconst postAct = (cov_1lzkjwjv49().s[20]++, new _PageObjects_CreatePostObjects_postActionObjects__WEBPACK_IMPORTED_MODULE_0__[\&quot;default\&quot;]());\ncov_1lzkjwjv49().s[21]++;\npostAct.firstPostActionsList();\ncov_1lzkjwjv49().s[22]++;\npostAct.savePost();\ncov_1lzkjwjv49().s[23]++;\npostAct.unsaveMsgSyntax();&quot;,&quot;err&quot;:{&quot;message&quot;:&quot;CypressError: Timed out retrying after 4050ms: `cy.click()` failed because this element:\n\n`&lt;li id=\&quot;submenu\&quot; data-v-5e748030=\&quot;\&quot;&gt;...&lt;/li&gt;`\n\nis being covered by another element:\n\n`&lt;input type=\&quot;text\&quot; class=\&quot;header-search-input\&quot; placeholder=\&quot;Search Reddit\&quot; id=\&quot;header-search\&quot; data-v-1524e344=\&quot;\&quot;&gt;`\n\nFix this problem, or use {force: true} to disable error checking.\n\nhttps://on.cypress.io/element-cannot-be-interacted-with&quot;,&quot;estack&quot;:&quot;CypressError: Timed out retrying after 4050ms: `cy.click()` failed because this element:\n\n`&lt;li id=\&quot;submenu\&quot; data-v-5e748030=\&quot;\&quot;&gt;...&lt;/li&gt;`\n\nis being covered by another element:\n\n`&lt;input type=\&quot;text\&quot; class=\&quot;header-search-input\&quot; placeholder=\&quot;Search Reddit\&quot; id=\&quot;header-search\&quot; data-v-1524e344=\&quot;\&quot;&gt;`\n\nFix this problem, or use {force: true} to disable error checking.\n\nhttps://on.cypress.io/element-cannot-be-interacted-with\n    at ensureIsDescendent (https://www.read-it.live/__cypress/runner/cypress_runner.js:133130:76)\n    at ensureDescendents (https://www.read-it.live/__cypress/runner/cypress_runner.js:133181:5)\n    at ensureDescendentsAndScroll (https://www.read-it.live/__cypress/runner/cypress_runner.js:133187:14)\n    at ensureElIsNotCovered (https://www.read-it.live/__cypress/runner/cypress_runner.js:133318:5)\n    at runAllChecks (https://www.read-it.live/__cypress/runner/cypress_runner.js:133498:52)\n    at retryActionability (https://www.read-it.live/__cypress/runner/cypress_runner.js:133535:16)\n    at tryCatcher (https://www.read-it.live/__cypress/runner/cypress_runner.js:11327:23)\n    at Promise.attempt.Promise.try (https://www.read-it.live/__cypress/runner/cypress_runner.js:8601:29)\n    at whenStable (https://www.read-it.live/__cypress/runner/cypress_runner.js:149610:65)\n    at &lt;unknown&gt; (https://www.read-it.live/__cypress/runner/cypress_runner.js:149051:14)\n    at tryCatcher (https://www.read-it.live/__cypress/runner/cypress_runner.js:11327:23)\n    at Promise._settlePromiseFromHandler (https://www.read-it.live/__cypress/runner/cypress_runner.js:9262:31)\n    at Promise._settlePromise (https://www.read-it.live/__cypress/runner/cypress_runner.js:9319:18)\n    at Promise._settlePromise0 (https://www.read-it.live/__cypress/runner/cypress_runner.js:9364:10)\n    at Promise._settlePromises (https://www.read-it.live/__cypress/runner/cypress_runner.js:9444:18)\n    at Promise._fulfill (https://www.read-it.live/__cypress/runner/cypress_runner.js:9388:18)\n    at &lt;unknown&gt; (https://www.read-it.live/__cypress/runner/cypress_runner.js:11002:46)\nFrom Your Spec Code:\n    at postActionObjects.firstPostActionsList (webpack:///./cypress/e2e/SWE_PROJECT/PageObjects/CreatePostObjects/postActionObjects.js:210:13)\n    at Context.eval (webpack:///./cypress/e2e/SWE_PROJECT/PostActions/postAction.cy.js:42:12)&quot;},&quot;uuid&quot;:&quot;135c829d-5534-4120-bf44-fac9932d263d&quot;,&quot;parentUUID&quot;:&quot;487e74ed-d6f3-4856-974f-6ae435109dcb&quot;,&quot;isHook&quot;:false,&quot;skipped&quot;:false},{&quot;title&quot;:&quot;Check unsaving post in (SAVED) page in user profile after click on (Undo) in save message&quot;,&quot;fullTitle&quot;:&quot;Test some actions on post Check unsaving post in (SAVED) page in user profile after click on (Undo) in save message&quot;,&quot;duration&quot;:6707,&quot;state&quot;:&quot;failed&quot;,&quot;pass&quot;:false,&quot;fail&quot;:true,&quot;pending&quot;:false,&quot;code&quot;:&quot;cov_1lzkjwjv49().f[6]++;\nconst postAct = (cov_1lzkjwjv49().s[25]++, new _PageObjects_CreatePostObjects_postActionObjects__WEBPACK_IMPORTED_MODULE_0__[\&quot;default\&quot;]());\nconst userProfile = (cov_1lzkjwjv49().s[26]++, new _PageObjects_UserProfileObjects_userProfileObject__WEBPACK_IMPORTED_MODULE_1__[\&quot;default\&quot;]());\ncov_1lzkjwjv49().s[27]++;\npostAct.firstPostActionsList();\ncov_1lzkjwjv49().s[28]++;\npostAct.savePost();\ncov_1lzkjwjv49().s[29]++;\npostAct.saveUndoByMsg();\ncov_1lzkjwjv49().s[30]++;\npostAct.getFirstPostTitle().then(title =&gt; {\n  cov_1lzkjwjv49().f[7]++;\n  cov_1lzkjwjv49().s[31]++;\n  postAct.showSettingsSubmenu();\n  cov_1lzkjwjv49().s[32]++;\n  postAct.goUserProfile();\n  cov_1lzkjwjv49().s[33]++;\n  userProfile.saved();\n  cov_1lzkjwjv49().s[34]++;\n  userProfile.disappearanceOfPost(title);\n});\n//save a post go to SAVED in your profile and chrck if it is unsaved or not\n//?Later:how to check for the post that i unsaved right now not another post?&quot;,&quot;err&quot;:{&quot;message&quot;:&quot;CypressError: Timed out retrying after 4050ms: `cy.click()` failed because this element:\n\n`&lt;li id=\&quot;submenu\&quot; data-v-5e748030=\&quot;\&quot;&gt;...&lt;/li&gt;`\n\nis being covered by another element:\n\n`&lt;input type=\&quot;text\&quot; class=\&quot;header-search-input\&quot; placeholder=\&quot;Search Reddit\&quot; id=\&quot;header-search\&quot; data-v-1524e344=\&quot;\&quot;&gt;`\n\nFix this problem, or use {force: true} to disable error checking.\n\nhttps://on.cypress.io/element-cannot-be-interacted-with&quot;,&quot;estack&quot;:&quot;CypressError: Timed out retrying after 4050ms: `cy.click()` failed because this element:\n\n`&lt;li id=\&quot;submenu\&quot; data-v-5e748030=\&quot;\&quot;&gt;...&lt;/li&gt;`\n\nis being covered by another element:\n\n`&lt;input type=\&quot;text\&quot; class=\&quot;header-search-input\&quot; placeholder=\&quot;Search Reddit\&quot; id=\&quot;header-search\&quot; data-v-1524e344=\&quot;\&quot;&gt;`\n\nFix this problem, or use {force: true} to disable error checking.\n\nhttps://on.cypress.io/element-cannot-be-interacted-with\n    at ensureIsDescendent (https://www.read-it.live/__cypress/runner/cypress_runner.js:133130:76)\n    at ensureDescendents (https://www.read-it.live/__cypress/runner/cypress_runner.js:133181:5)\n    at ensureDescendentsAndScroll (https://www.read-it.live/__cypress/runner/cypress_runner.js:133187:14)\n    at ensureElIsNotCovered (https://www.read-it.live/__cypress/runner/cypress_runner.js:133318:5)\n    at runAllChecks (https://www.read-it.live/__cypress/runner/cypress_runner.js:133498:52)\n    at retryActionability (https://www.read-it.live/__cypress/runner/cypress_runner.js:133535:16)\n    at tryCatcher (https://www.read-it.live/__cypress/runner/cypress_runner.js:11327:23)\n    at Promise.attempt.Promise.try (https://www.read-it.live/__cypress/runner/cypress_runner.js:8601:29)\n    at whenStable (https://www.read-it.live/__cypress/runner/cypress_runner.js:149610:65)\n    at &lt;unknown&gt; (https://www.read-it.live/__cypress/runner/cypress_runner.js:149051:14)\n    at tryCatcher (https://www.read-it.live/__cypress/runner/cypress_runner.js:11327:23)\n    at Promise._settlePromiseFromHandler (https://www.read-it.live/__cypress/runner/cypress_runner.js:9262:31)\n    at Promise._settlePromise (https://www.read-it.live/__cypress/runner/cypress_runner.js:9319:18)\n    at Promise._settlePromise0 (https://www.read-it.live/__cypress/runner/cypress_runner.js:9364:10)\n    at Promise._settlePromises (https://www.read-it.live/__cypress/runner/cypress_runner.js:9444:18)\n    at Promise._fulfill (https://www.read-it.live/__cypress/runner/cypress_runner.js:9388:18)\n    at &lt;unknown&gt; (https://www.read-it.live/__cypress/runner/cypress_runner.js:11002:46)\nFrom Your Spec Code:\n    at postActionObjects.firstPostActionsList (webpack:///./cypress/e2e/SWE_PROJECT/PageObjects/CreatePostObjects/postActionObjects.js:210:13)\n    at Context.eval (webpack:///./cypress/e2e/SWE_PROJECT/PostActions/postAction.cy.js:51:12)&quot;},&quot;uuid&quot;:&quot;83a2d3f0-f24b-4fac-89e5-08e6ccc4c3a5&quot;,&quot;parentUUID&quot;:&quot;487e74ed-d6f3-4856-974f-6ae435109dcb&quot;,&quot;isHook&quot;:false,&quot;skipped&quot;:false},{&quot;title&quot;:&quot;Check unsaving arbitrary saved post in (SAVED) page in user profile&quot;,&quot;fullTitle&quot;:&quot;Test some actions on post Check unsaving arbitrary saved post in (SAVED) page in user profile&quot;,&quot;duration&quot;:7296,&quot;state&quot;:&quot;failed&quot;,&quot;pass&quot;:false,&quot;fail&quot;:true,&quot;pending&quot;:false,&quot;code&quot;:&quot;cov_1lzkjwjv49().f[8]++;\nconst postAct = (cov_1lzkjwjv49().s[36]++, new _PageObjects_CreatePostObjects_postActionObjects__WEBPACK_IMPORTED_MODULE_0__[\&quot;default\&quot;]());\nconst userProfile = (cov_1lzkjwjv49().s[37]++, new _PageObjects_UserProfileObjects_userProfileObject__WEBPACK_IMPORTED_MODULE_1__[\&quot;default\&quot;]());\ncov_1lzkjwjv49().s[38]++;\npostAct.firstPostActionsList();\ncov_1lzkjwjv49().s[39]++;\npostAct.savePost();\n//NOTE: wait some time until the message of saving post diappeare\ncov_1lzkjwjv49().s[40]++;\ncy.wait(8000);\ncov_1lzkjwjv49().s[41]++;\npostAct.firstPostActionsList();\ncov_1lzkjwjv49().s[42]++;\npostAct.unsavePost();\ncov_1lzkjwjv49().s[43]++;\npostAct.getFirstPostTitle().then(title =&gt; {\n  cov_1lzkjwjv49().f[9]++;\n  cov_1lzkjwjv49().s[44]++;\n  postAct.showSettingsSubmenu();\n  cov_1lzkjwjv49().s[45]++;\n  postAct.goUserProfile();\n  cov_1lzkjwjv49().s[46]++;\n  userProfile.saved();\n  cov_1lzkjwjv49().s[47]++;\n  userProfile.disappearanceOfPost(title);\n});\n//save a post go to SAVED in your profile and chrck if it is saved or not\n//?Later:how to check for the post that i saved right now not another post?&quot;,&quot;err&quot;:{&quot;message&quot;:&quot;CypressError: Timed out retrying after 4050ms: `cy.click()` failed because this element:\n\n`&lt;li id=\&quot;submenu\&quot; data-v-5e748030=\&quot;\&quot;&gt;...&lt;/li&gt;`\n\nis being covered by another element:\n\n`&lt;input type=\&quot;text\&quot; class=\&quot;header-search-input\&quot; placeholder=\&quot;Search Reddit\&quot; id=\&quot;header-search\&quot; data-v-1524e344=\&quot;\&quot;&gt;`\n\nFix this problem, or use {force: true} to disable error checking.\n\nhttps://on.cypress.io/element-cannot-be-interacted-with&quot;,&quot;estack&quot;:&quot;CypressError: Timed out retrying after 4050ms: `cy.click()` failed because this element:\n\n`&lt;li id=\&quot;submenu\&quot; data-v-5e748030=\&quot;\&quot;&gt;...&lt;/li&gt;`\n\nis being covered by another element:\n\n`&lt;input type=\&quot;text\&quot; class=\&quot;header-search-input\&quot; placeholder=\&quot;Search Reddit\&quot; id=\&quot;header-search\&quot; data-v-1524e344=\&quot;\&quot;&gt;`\n\nFix this problem, or use {force: true} to disable error checking.\n\nhttps://on.cypress.io/element-cannot-be-interacted-with\n    at ensureIsDescendent (https://www.read-it.live/__cypress/runner/cypress_runner.js:133130:76)\n    at ensureDescendents (https://www.read-it.live/__cypress/runner/cypress_runner.js:133181:5)\n    at ensureDescendentsAndScroll (https://www.read-it.live/__cypress/runner/cypress_runner.js:133187:14)\n    at ensureElIsNotCovered (https://www.read-it.live/__cypress/runner/cypress_runner.js:133318:5)\n    at runAllChecks (https://www.read-it.live/__cypress/runner/cypress_runner.js:133498:52)\n    at retryActionability (https://www.read-it.live/__cypress/runner/cypress_runner.js:133535:16)\n    at tryCatcher (https://www.read-it.live/__cypress/runner/cypress_runner.js:11327:23)\n    at Promise.attempt.Promise.try (https://www.read-it.live/__cypress/runner/cypress_runner.js:8601:29)\n    at whenStable (https://www.read-it.live/__cypress/runner/cypress_runner.js:149610:65)\n    at &lt;unknown&gt; (https://www.read-it.live/__cypress/runner/cypress_runner.js:149051:14)\n    at tryCatcher (https://www.read-it.live/__cypress/runner/cypress_runner.js:11327:23)\n    at Promise._settlePromiseFromHandler (https://www.read-it.live/__cypress/runner/cypress_runner.js:9262:31)\n    at Promise._settlePromise (https://www.read-it.live/__cypress/runner/cypress_runner.js:9319:18)\n    at Promise._settlePromise0 (https://www.read-it.live/__cypress/runner/cypress_runner.js:9364:10)\n    at Promise._settlePromises (https://www.read-it.live/__cypress/runner/cypress_runner.js:9444:18)\n    at Promise._fulfill (https://www.read-it.live/__cypress/runner/cypress_runner.js:9388:18)\n    at &lt;unknown&gt; (https://www.read-it.live/__cypress/runner/cypress_runner.js:11002:46)\nFrom Your Spec Code:\n    at postActionObjects.firstPostActionsList (webpack:///./cypress/e2e/SWE_PROJECT/PageObjects/CreatePostObjects/postActionObjects.js:210:13)\n    at Context.eval (webpack:///./cypress/e2e/SWE_PROJECT/PostActions/postAction.cy.js:69:12)&quot;},&quot;uuid&quot;:&quot;083eb62e-da3d-48cf-b60b-4e1b28d739a9&quot;,&quot;parentUUID&quot;:&quot;487e74ed-d6f3-4856-974f-6ae435109dcb&quot;,&quot;isHook&quot;:false,&quot;skipped&quot;:false},{&quot;title&quot;:&quot;Appearance of unsaving post message and its syntax&quot;,&quot;fullTitle&quot;:&quot;Test some actions on post Appearance of unsaving post message and its syntax&quot;,&quot;duration&quot;:7042,&quot;state&quot;:&quot;failed&quot;,&quot;pass&quot;:false,&quot;fail&quot;:true,&quot;pending&quot;:false,&quot;code&quot;:&quot;cov_1lzkjwjv49().f[10]++;\nconst postAct = (cov_1lzkjwjv49().s[49]++, new _PageObjects_CreatePostObjects_postActionObjects__WEBPACK_IMPORTED_MODULE_0__[\&quot;default\&quot;]());\ncov_1lzkjwjv49().s[50]++;\npostAct.firstPostActionsList();\ncov_1lzkjwjv49().s[51]++;\npostAct.savePost();\n//NOTE: wait some time until the message of saving post diappeare\ncov_1lzkjwjv49().s[52]++;\ncy.wait(8000);\ncov_1lzkjwjv49().s[53]++;\npostAct.firstPostActionsList();\ncov_1lzkjwjv49().s[54]++;\npostAct.unsavePost();\ncov_1lzkjwjv49().s[55]++;\npostAct.unsaveMsgSyntax();&quot;,&quot;err&quot;:{&quot;message&quot;:&quot;CypressError: Timed out retrying after 4050ms: `cy.click()` failed because this element:\n\n`&lt;li id=\&quot;submenu\&quot; data-v-5e748030=\&quot;\&quot;&gt;...&lt;/li&gt;`\n\nis being covered by another element:\n\n`&lt;input type=\&quot;text\&quot; class=\&quot;header-search-input\&quot; placeholder=\&quot;Search Reddit\&quot; id=\&quot;header-search\&quot; data-v-1524e344=\&quot;\&quot;&gt;`\n\nFix this problem, or use {force: true} to disable error checking.\n\nhttps://on.cypress.io/element-cannot-be-interacted-with&quot;,&quot;estack&quot;:&quot;CypressError: Timed out retrying after 4050ms: `cy.click()` failed because this element:\n\n`&lt;li id=\&quot;submenu\&quot; data-v-5e748030=\&quot;\&quot;&gt;...&lt;/li&gt;`\n\nis being covered by another element:\n\n`&lt;input type=\&quot;text\&quot; class=\&quot;header-search-input\&quot; placeholder=\&quot;Search Reddit\&quot; id=\&quot;header-search\&quot; data-v-1524e344=\&quot;\&quot;&gt;`\n\nFix this problem, or use {force: true} to disable error checking.\n\nhttps://on.cypress.io/element-cannot-be-interacted-with\n    at ensureIsDescendent (https://www.read-it.live/__cypress/runner/cypress_runner.js:133130:76)\n    at ensureDescendents (https://www.read-it.live/__cypress/runner/cypress_runner.js:133181:5)\n    at ensureDescendentsAndScroll (https://www.read-it.live/__cypress/runner/cypress_runner.js:133187:14)\n    at ensureElIsNotCovered (https://www.read-it.live/__cypress/runner/cypress_runner.js:133318:5)\n    at runAllChecks (https://www.read-it.live/__cypress/runner/cypress_runner.js:133498:52)\n    at retryActionability (https://www.read-it.live/__cypress/runner/cypress_runner.js:133535:16)\n    at tryCatcher (https://www.read-it.live/__cypress/runner/cypress_runner.js:11327:23)\n    at Promise.attempt.Promise.try (https://www.read-it.live/__cypress/runner/cypress_runner.js:8601:29)\n    at whenStable (https://www.read-it.live/__cypress/runner/cypress_runner.js:149610:65)\n    at &lt;unknown&gt; (https://www.read-it.live/__cypress/runner/cypress_runner.js:149051:14)\n    at tryCatcher (https://www.read-it.live/__cypress/runner/cypress_runner.js:11327:23)\n    at Promise._settlePromiseFromHandler (https://www.read-it.live/__cypress/runner/cypress_runner.js:9262:31)\n    at Promise._settlePromise (https://www.read-it.live/__cypress/runner/cypress_runner.js:9319:18)\n    at Promise._settlePromise0 (https://www.read-it.live/__cypress/runner/cypress_runner.js:9364:10)\n    at Promise._settlePromises (https://www.read-it.live/__cypress/runner/cypress_runner.js:9444:18)\n    at Promise._fulfill (https://www.read-it.live/__cypress/runner/cypress_runner.js:9388:18)\n    at &lt;unknown&gt; (https://www.read-it.live/__cypress/runner/cypress_runner.js:11002:46)\nFrom Your Spec Code:\n    at postActionObjects.firstPostActionsList (webpack:///./cypress/e2e/SWE_PROJECT/PageObjects/CreatePostObjects/postActionObjects.js:210:13)\n    at Context.eval (webpack:///./cypress/e2e/SWE_PROJECT/PostActions/postAction.cy.js:88:12)&quot;},&quot;uuid&quot;:&quot;fdb4d925-0a24-4b77-b9a7-db9776d8c174&quot;,&quot;parentUUID&quot;:&quot;487e74ed-d6f3-4856-974f-6ae435109dcb&quot;,&quot;isHook&quot;:false,&quot;skipped&quot;:false},{&quot;title&quot;:&quot;Check message after clicking on (Undo) in unsaving post message&quot;,&quot;fullTitle&quot;:&quot;Test some actions on post Check message after clicking on (Undo) in unsaving post message&quot;,&quot;duration&quot;:8235,&quot;state&quot;:&quot;failed&quot;,&quot;pass&quot;:false,&quot;fail&quot;:true,&quot;pending&quot;:false,&quot;code&quot;:&quot;cov_1lzkjwjv49().f[11]++;\nconst postAct = (cov_1lzkjwjv49().s[57]++, new _PageObjects_CreatePostObjects_postActionObjects__WEBPACK_IMPORTED_MODULE_0__[\&quot;default\&quot;]());\ncov_1lzkjwjv49().s[58]++;\npostAct.firstPostActionsList();\ncov_1lzkjwjv49().s[59]++;\npostAct.savePost();\n//NOTE: wait some time until the message of saving post diappeare\ncov_1lzkjwjv49().s[60]++;\ncy.wait(8000);\ncov_1lzkjwjv49().s[61]++;\npostAct.firstPostActionsList();\ncov_1lzkjwjv49().s[62]++;\npostAct.unsavePost();\ncov_1lzkjwjv49().s[63]++;\npostAct.unsaveUndoByMsg();\ncov_1lzkjwjv49().s[64]++;\npostAct.saveMsgSyntax();&quot;,&quot;err&quot;:{&quot;message&quot;:&quot;CypressError: Timed out retrying after 4050ms: `cy.click()` failed because this element:\n\n`&lt;li id=\&quot;submenu\&quot; data-v-5e748030=\&quot;\&quot;&gt;...&lt;/li&gt;`\n\nis being covered by another element:\n\n`&lt;input type=\&quot;text\&quot; class=\&quot;header-search-input\&quot; placeholder=\&quot;Search Reddit\&quot; id=\&quot;header-search\&quot; data-v-1524e344=\&quot;\&quot;&gt;`\n\nFix this problem, or use {force: true} to disable error checking.\n\nhttps://on.cypress.io/element-cannot-be-interacted-with&quot;,&quot;estack&quot;:&quot;CypressError: Timed out retrying after 4050ms: `cy.click()` failed because this element:\n\n`&lt;li id=\&quot;submenu\&quot; data-v-5e748030=\&quot;\&quot;&gt;...&lt;/li&gt;`\n\nis being covered by another element:\n\n`&lt;input type=\&quot;text\&quot; class=\&quot;header-search-input\&quot; placeholder=\&quot;Search Reddit\&quot; id=\&quot;header-search\&quot; data-v-1524e344=\&quot;\&quot;&gt;`\n\nFix this problem, or use {force: true} to disable error checking.\n\nhttps://on.cypress.io/element-cannot-be-interacted-with\n    at ensureIsDescendent (https://www.read-it.live/__cypress/runner/cypress_runner.js:133130:76)\n    at ensureDescendents (https://www.read-it.live/__cypress/runner/cypress_runner.js:133181:5)\n    at ensureDescendentsAndScroll (https://www.read-it.live/__cypress/runner/cypress_runner.js:133187:14)\n    at ensureElIsNotCovered (https://www.read-it.live/__cypress/runner/cypress_runner.js:133318:5)\n    at runAllChecks (https://www.read-it.live/__cypress/runner/cypress_runner.js:133498:52)\n    at retryActionability (https://www.read-it.live/__cypress/runner/cypress_runner.js:133535:16)\n    at tryCatcher (https://www.read-it.live/__cypress/runner/cypress_runner.js:11327:23)\n    at Promise.attempt.Promise.try (https://www.read-it.live/__cypress/runner/cypress_runner.js:8601:29)\n    at whenStable (https://www.read-it.live/__cypress/runner/cypress_runner.js:149610:65)\n    at &lt;unknown&gt; (https://www.read-it.live/__cypress/runner/cypress_runner.js:149051:14)\n    at tryCatcher (https://www.read-it.live/__cypress/runner/cypress_runner.js:11327:23)\n    at Promise._settlePromiseFromHandler (https://www.read-it.live/__cypress/runner/cypress_runner.js:9262:31)\n    at Promise._settlePromise (https://www.read-it.live/__cypress/runner/cypress_runner.js:9319:18)\n    at Promise._settlePromise0 (https://www.read-it.live/__cypress/runner/cypress_runner.js:9364:10)\n    at Promise._settlePromises (https://www.read-it.live/__cypress/runner/cypress_runner.js:9444:18)\n    at Promise._fulfill (https://www.read-it.live/__cypress/runner/cypress_runner.js:9388:18)\n    at &lt;unknown&gt; (https://www.read-it.live/__cypress/runner/cypress_runner.js:11002:46)\nFrom Your Spec Code:\n    at postActionObjects.firstPostActionsList (webpack:///./cypress/e2e/SWE_PROJECT/PageObjects/CreatePostObjects/postActionObjects.js:210:13)\n    at Context.eval (webpack:///./cypress/e2e/SWE_PROJECT/PostActions/postAction.cy.js:100:12)&quot;},&quot;uuid&quot;:&quot;f64fac7c-29b4-420b-946a-9c5a117f2699&quot;,&quot;parentUUID&quot;:&quot;487e74ed-d6f3-4856-974f-6ae435109dcb&quot;,&quot;isHook&quot;:false,&quot;skipped&quot;:false},{&quot;title&quot;:&quot;Check saving post in (SAVED) page in user profile after click on (Undo) in unsave message&quot;,&quot;fullTitle&quot;:&quot;Test some actions on post Check saving post in (SAVED) page in user profile after click on (Undo) in unsave message&quot;,&quot;duration&quot;:8697,&quot;state&quot;:&quot;failed&quot;,&quot;pass&quot;:false,&quot;fail&quot;:true,&quot;pending&quot;:false,&quot;code&quot;:&quot;cov_1lzkjwjv49().f[12]++;\nconst postAct = (cov_1lzkjwjv49().s[66]++, new _PageObjects_CreatePostObjects_postActionObjects__WEBPACK_IMPORTED_MODULE_0__[\&quot;default\&quot;]());\ncov_1lzkjwjv49().s[67]++;\npostAct.firstPostActionsList();\ncov_1lzkjwjv49().s[68]++;\npostAct.savePost();\n//NOTE: wait some time until the message of saving post diappeare\ncov_1lzkjwjv49().s[69]++;\ncy.wait(8000);\ncov_1lzkjwjv49().s[70]++;\npostAct.firstPostActionsList();\ncov_1lzkjwjv49().s[71]++;\npostAct.unsavePost();\ncov_1lzkjwjv49().s[72]++;\npostAct.unsaveUndoByMsg();\ncov_1lzkjwjv49().s[73]++;\npostAct.getFirstPostTitle().then(title =&gt; {\n  cov_1lzkjwjv49().f[13]++;\n  cov_1lzkjwjv49().s[74]++;\n  postAct.showSettingsSubmenu();\n  cov_1lzkjwjv49().s[75]++;\n  postAct.goUserProfile();\n  cov_1lzkjwjv49().s[76]++;\n  userProfile.saved();\n  cov_1lzkjwjv49().s[77]++;\n  userProfile.findPost(title);\n});&quot;,&quot;err&quot;:{&quot;message&quot;:&quot;CypressError: Timed out retrying after 4050ms: `cy.click()` failed because this element:\n\n`&lt;li id=\&quot;submenu\&quot; data-v-5e748030=\&quot;\&quot;&gt;...&lt;/li&gt;`\n\nis being covered by another element:\n\n`&lt;input type=\&quot;text\&quot; class=\&quot;header-search-input\&quot; placeholder=\&quot;Search Reddit\&quot; id=\&quot;header-search\&quot; data-v-1524e344=\&quot;\&quot;&gt;`\n\nFix this problem, or use {force: true} to disable error checking.\n\nhttps://on.cypress.io/element-cannot-be-interacted-with&quot;,&quot;estack&quot;:&quot;CypressError: Timed out retrying after 4050ms: `cy.click()` failed because this element:\n\n`&lt;li id=\&quot;submenu\&quot; data-v-5e748030=\&quot;\&quot;&gt;...&lt;/li&gt;`\n\nis being covered by another element:\n\n`&lt;input type=\&quot;text\&quot; class=\&quot;header-search-input\&quot; placeholder=\&quot;Search Reddit\&quot; id=\&quot;header-search\&quot; data-v-1524e344=\&quot;\&quot;&gt;`\n\nFix this problem, or use {force: true} to disable error checking.\n\nhttps://on.cypress.io/element-cannot-be-interacted-with\n    at ensureIsDescendent (https://www.read-it.live/__cypress/runner/cypress_runner.js:133130:76)\n    at ensureDescendents (https://www.read-it.live/__cypress/runner/cypress_runner.js:133181:5)\n    at ensureDescendentsAndScroll (https://www.read-it.live/__cypress/runner/cypress_runner.js:133187:14)\n    at ensureElIsNotCovered (https://www.read-it.live/__cypress/runner/cypress_runner.js:133318:5)\n    at runAllChecks (https://www.read-it.live/__cypress/runner/cypress_runner.js:133498:52)\n    at retryActionability (https://www.read-it.live/__cypress/runner/cypress_runner.js:133535:16)\n    at tryCatcher (https://www.read-it.live/__cypress/runner/cypress_runner.js:11327:23)\n    at Promise.attempt.Promise.try (https://www.read-it.live/__cypress/runner/cypress_runner.js:8601:29)\n    at whenStable (https://www.read-it.live/__cypress/runner/cypress_runner.js:149610:65)\n    at &lt;unknown&gt; (https://www.read-it.live/__cypress/runner/cypress_runner.js:149051:14)\n    at tryCatcher (https://www.read-it.live/__cypress/runner/cypress_runner.js:11327:23)\n    at Promise._settlePromiseFromHandler (https://www.read-it.live/__cypress/runner/cypress_runner.js:9262:31)\n    at Promise._settlePromise (https://www.read-it.live/__cypress/runner/cypress_runner.js:9319:18)\n    at Promise._settlePromise0 (https://www.read-it.live/__cypress/runner/cypress_runner.js:9364:10)\n    at Promise._settlePromises (https://www.read-it.live/__cypress/runner/cypress_runner.js:9444:18)\n    at Promise._fulfill (https://www.read-it.live/__cypress/runner/cypress_runner.js:9388:18)\n    at &lt;unknown&gt; (https://www.read-it.live/__cypress/runner/cypress_runner.js:11002:46)\nFrom Your Spec Code:\n    at postActionObjects.firstPostActionsList (webpack:///./cypress/e2e/SWE_PROJECT/PageObjects/CreatePostObjects/postActionObjects.js:210:13)\n    at Context.eval (webpack:///./cypress/e2e/SWE_PROJECT/PostActions/postAction.cy.js:114:12)&quot;},&quot;uuid&quot;:&quot;1877e3f9-4c1c-46d0-83c1-43c423017370&quot;,&quot;parentUUID&quot;:&quot;487e74ed-d6f3-4856-974f-6ae435109dcb&quot;,&quot;isHook&quot;:false,&quot;skipped&quot;:false},{&quot;title&quot;:&quot;Check hiding arbitrary post in (HIDDEN) page in user profile&quot;,&quot;fullTitle&quot;:&quot;Test some actions on post Check hiding arbitrary post in (HIDDEN) page in user profile&quot;,&quot;duration&quot;:6611,&quot;state&quot;:&quot;failed&quot;,&quot;pass&quot;:false,&quot;fail&quot;:true,&quot;pending&quot;:false,&quot;code&quot;:&quot;cov_1lzkjwjv49().f[14]++;\nconst postAct = (cov_1lzkjwjv49().s[79]++, new _PageObjects_CreatePostObjects_postActionObjects__WEBPACK_IMPORTED_MODULE_0__[\&quot;default\&quot;]());\nconst userProfile = (cov_1lzkjwjv49().s[80]++, new _PageObjects_UserProfileObjects_userProfileObject__WEBPACK_IMPORTED_MODULE_1__[\&quot;default\&quot;]());\ncov_1lzkjwjv49().s[81]++;\npostAct.firstPostActionsList();\ncov_1lzkjwjv49().s[82]++;\npostAct.hidePost();\ncov_1lzkjwjv49().s[83]++;\npostAct.getFirstPostTitle().then(title =&gt; {\n  cov_1lzkjwjv49().f[15]++;\n  cov_1lzkjwjv49().s[84]++;\n  postAct.showSettingsSubmenu();\n  cov_1lzkjwjv49().s[85]++;\n  postAct.goUserProfile();\n  cov_1lzkjwjv49().s[86]++;\n  userProfile.hidden();\n  cov_1lzkjwjv49().s[87]++;\n  userProfile.findPost(title);\n});\n//check : Disappearance for the arbitrary hidden post\n//hide a post go to HIDDEN in your profile and chrck if it is hide or not\n//?Later:how to check for the post that i hide right now not another post?&quot;,&quot;err&quot;:{&quot;message&quot;:&quot;CypressError: Timed out retrying after 4050ms: `cy.click()` failed because this element:\n\n`&lt;li id=\&quot;submenu\&quot; data-v-5e748030=\&quot;\&quot;&gt;...&lt;/li&gt;`\n\nis being covered by another element:\n\n`&lt;input type=\&quot;text\&quot; class=\&quot;header-search-input\&quot; placeholder=\&quot;Search Reddit\&quot; id=\&quot;header-search\&quot; data-v-1524e344=\&quot;\&quot;&gt;`\n\nFix this problem, or use {force: true} to disable error checking.\n\nhttps://on.cypress.io/element-cannot-be-interacted-with&quot;,&quot;estack&quot;:&quot;CypressError: Timed out retrying after 4050ms: `cy.click()` failed because this element:\n\n`&lt;li id=\&quot;submenu\&quot; data-v-5e748030=\&quot;\&quot;&gt;...&lt;/li&gt;`\n\nis being covered by another element:\n\n`&lt;input type=\&quot;text\&quot; class=\&quot;header-search-input\&quot; placeholder=\&quot;Search Reddit\&quot; id=\&quot;header-search\&quot; data-v-1524e344=\&quot;\&quot;&gt;`\n\nFix this problem, or use {force: true} to disable error checking.\n\nhttps://on.cypress.io/element-cannot-be-interacted-with\n    at ensureIsDescendent (https://www.read-it.live/__cypress/runner/cypress_runner.js:133130:76)\n    at ensureDescendents (https://www.read-it.live/__cypress/runner/cypress_runner.js:133181:5)\n    at ensureDescendentsAndScroll (https://www.read-it.live/__cypress/runner/cypress_runner.js:133187:14)\n    at ensureElIsNotCovered (https://www.read-it.live/__cypress/runner/cypress_runner.js:133318:5)\n    at runAllChecks (https://www.read-it.live/__cypress/runner/cypress_runner.js:133498:52)\n    at retryActionability (https://www.read-it.live/__cypress/runner/cypress_runner.js:133535:16)\n    at tryCatcher (https://www.read-it.live/__cypress/runner/cypress_runner.js:11327:23)\n    at Promise.attempt.Promise.try (https://www.read-it.live/__cypress/runner/cypress_runner.js:8601:29)\n    at whenStable (https://www.read-it.live/__cypress/runner/cypress_runner.js:149610:65)\n    at &lt;unknown&gt; (https://www.read-it.live/__cypress/runner/cypress_runner.js:149051:14)\n    at tryCatcher (https://www.read-it.live/__cypress/runner/cypress_runner.js:11327:23)\n    at Promise._settlePromiseFromHandler (https://www.read-it.live/__cypress/runner/cypress_runner.js:9262:31)\n    at Promise._settlePromise (https://www.read-it.live/__cypress/runner/cypress_runner.js:9319:18)\n    at Promise._settlePromise0 (https://www.read-it.live/__cypress/runner/cypress_runner.js:9364:10)\n    at Promise._settlePromises (https://www.read-it.live/__cypress/runner/cypress_runner.js:9444:18)\n    at Promise._fulfill (https://www.read-it.live/__cypress/runner/cypress_runner.js:9388:18)\n    at &lt;unknown&gt; (https://www.read-it.live/__cypress/runner/cypress_runner.js:11002:46)\nFrom Your Spec Code:\n    at postActionObjects.firstPostActionsList (webpack:///./cypress/e2e/SWE_PROJECT/PageObjects/CreatePostObjects/postActionObjects.js:210:13)\n    at Context.eval (webpack:///./cypress/e2e/SWE_PROJECT/PostActions/postAction.cy.js:144:12)&quot;},&quot;uuid&quot;:&quot;672ef20d-1491-46cf-8d2d-21e0409cbbe4&quot;,&quot;parentUUID&quot;:&quot;487e74ed-d6f3-4856-974f-6ae435109dcb&quot;,&quot;isHook&quot;:false,&quot;skipped&quot;:false},{&quot;title&quot;:&quot;Appearance of hiding post message and its syntax&quot;,&quot;fullTitle&quot;:&quot;Test some actions on post Appearance of hiding post message and its syntax&quot;,&quot;duration&quot;:6663,&quot;state&quot;:&quot;failed&quot;,&quot;pass&quot;:false,&quot;fail&quot;:true,&quot;pending&quot;:false,&quot;code&quot;:&quot;cov_1lzkjwjv49().f[16]++;\nconst postAct = (cov_1lzkjwjv49().s[89]++, new _PageObjects_CreatePostObjects_postActionObjects__WEBPACK_IMPORTED_MODULE_0__[\&quot;default\&quot;]());\ncov_1lzkjwjv49().s[90]++;\npostAct.firstPostActionsList();\ncov_1lzkjwjv49().s[91]++;\npostAct.hidePost();\ncov_1lzkjwjv49().s[92]++;\npostAct.hideMsgSyntax();&quot;,&quot;err&quot;:{&quot;message&quot;:&quot;CypressError: Timed out retrying after 4050ms: `cy.click()` failed because this element:\n\n`&lt;li id=\&quot;submenu\&quot; data-v-5e748030=\&quot;\&quot;&gt;...&lt;/li&gt;`\n\nis being covered by another element:\n\n`&lt;input type=\&quot;text\&quot; class=\&quot;header-search-input\&quot; placeholder=\&quot;Search Reddit\&quot; id=\&quot;header-search\&quot; data-v-1524e344=\&quot;\&quot;&gt;`\n\nFix this problem, or use {force: true} to disable error checking.\n\nhttps://on.cypress.io/element-cannot-be-interacted-with&quot;,&quot;estack&quot;:&quot;CypressError: Timed out retrying after 4050ms: `cy.click()` failed because this element:\n\n`&lt;li id=\&quot;submenu\&quot; data-v-5e748030=\&quot;\&quot;&gt;...&lt;/li&gt;`\n\nis being covered by another element:\n\n`&lt;input type=\&quot;text\&quot; class=\&quot;header-search-input\&quot; placeholder=\&quot;Search Reddit\&quot; id=\&quot;header-search\&quot; data-v-1524e344=\&quot;\&quot;&gt;`\n\nFix this problem, or use {force: true} to disable error checking.\n\nhttps://on.cypress.io/element-cannot-be-interacted-with\n    at ensureIsDescendent (https://www.read-it.live/__cypress/runner/cypress_runner.js:133130:76)\n    at ensureDescendents (https://www.read-it.live/__cypress/runner/cypress_runner.js:133181:5)\n    at ensureDescendentsAndScroll (https://www.read-it.live/__cypress/runner/cypress_runner.js:133187:14)\n    at ensureElIsNotCovered (https://www.read-it.live/__cypress/runner/cypress_runner.js:133318:5)\n    at runAllChecks (https://www.read-it.live/__cypress/runner/cypress_runner.js:133498:52)\n    at retryActionability (https://www.read-it.live/__cypress/runner/cypress_runner.js:133535:16)\n    at tryCatcher (https://www.read-it.live/__cypress/runner/cypress_runner.js:11327:23)\n    at Promise.attempt.Promise.try (https://www.read-it.live/__cypress/runner/cypress_runner.js:8601:29)\n    at whenStable (https://www.read-it.live/__cypress/runner/cypress_runner.js:149610:65)\n    at &lt;unknown&gt; (https://www.read-it.live/__cypress/runner/cypress_runner.js:149051:14)\n    at tryCatcher (https://www.read-it.live/__cypress/runner/cypress_runner.js:11327:23)\n    at Promise._settlePromiseFromHandler (https://www.read-it.live/__cypress/runner/cypress_runner.js:9262:31)\n    at Promise._settlePromise (https://www.read-it.live/__cypress/runner/cypress_runner.js:9319:18)\n    at Promise._settlePromise0 (https://www.read-it.live/__cypress/runner/cypress_runner.js:9364:10)\n    at Promise._settlePromises (https://www.read-it.live/__cypress/runner/cypress_runner.js:9444:18)\n    at Promise._fulfill (https://www.read-it.live/__cypress/runner/cypress_runner.js:9388:18)\n    at &lt;unknown&gt; (https://www.read-it.live/__cypress/runner/cypress_runner.js:11002:46)\nFrom Your Spec Code:\n    at postActionObjects.firstPostActionsList (webpack:///./cypress/e2e/SWE_PROJECT/PageObjects/CreatePostObjects/postActionObjects.js:210:13)\n    at Context.eval (webpack:///./cypress/e2e/SWE_PROJECT/PostActions/postAction.cy.js:160:12)&quot;},&quot;uuid&quot;:&quot;64c562d5-284a-44c6-82cd-23ef2fcc44a8&quot;,&quot;parentUUID&quot;:&quot;487e74ed-d6f3-4856-974f-6ae435109dcb&quot;,&quot;isHook&quot;:false,&quot;skipped&quot;:false},{&quot;title&quot;:&quot;Check message after clicking on (Undo) in hiding post message &quot;,&quot;fullTitle&quot;:&quot;Test some actions on post Check message after clicking on (Undo) in hiding post message &quot;,&quot;duration&quot;:3913,&quot;state&quot;:&quot;failed&quot;,&quot;pass&quot;:false,&quot;fail&quot;:true,&quot;pending&quot;:false,&quot;code&quot;:&quot;cov_1lzkjwjv49().f[17]++;\nconst postAct = (cov_1lzkjwjv49().s[94]++, new _PageObjects_CreatePostObjects_postActionObjects__WEBPACK_IMPORTED_MODULE_0__[\&quot;default\&quot;]());\ncov_1lzkjwjv49().s[95]++;\npostAct.firstPostActionsList();\ncov_1lzkjwjv49().s[96]++;\npostAct.hidePost();\ncov_1lzkjwjv49().s[97]++;\npostAct.hideUndoByMsg();\ncov_1lzkjwjv49().s[98]++;\npostAct.unhideMsgDisappearance();\n//NOTE: unlike undo of save and save , there is no message appeare after pree undo in hidden msg&quot;,&quot;err&quot;:{&quot;message&quot;:&quot;TypeError: postAct.hideUndoByMsg is not a function&quot;,&quot;estack&quot;:&quot;TypeError: postAct.hideUndoByMsg is not a function\n    at Context.eval (webpack:///./cypress/e2e/SWE_PROJECT/PostActions/postAction.cy.js:169:12)&quot;},&quot;uuid&quot;:&quot;15e6ecb9-5f66-42b2-bebc-c7adea4b843b&quot;,&quot;parentUUID&quot;:&quot;487e74ed-d6f3-4856-974f-6ae435109dcb&quot;,&quot;isHook&quot;:false,&quot;skipped&quot;:false},{&quot;title&quot;:&quot;Disappearance of a hidden home post in home page&quot;,&quot;fullTitle&quot;:&quot;Test some actions on post Disappearance of a hidden home post in home page&quot;,&quot;duration&quot;:4712,&quot;state&quot;:&quot;failed&quot;,&quot;pass&quot;:false,&quot;fail&quot;:true,&quot;pending&quot;:false,&quot;code&quot;:&quot;cov_1lzkjwjv49().f[18]++;\nconst postAct = (cov_1lzkjwjv49().s[100]++, new _PageObjects_CreatePostObjects_postActionObjects__WEBPACK_IMPORTED_MODULE_0__[\&quot;default\&quot;]());\ncov_1lzkjwjv49().s[101]++;\npostAct.getFirstPostTitle().then(title =&gt; {\n  cov_1lzkjwjv49().f[19]++;\n  cov_1lzkjwjv49().s[102]++;\n  postAct.firstPostActionsList();\n  cov_1lzkjwjv49().s[103]++;\n  postAct.hidePost();\n  cov_1lzkjwjv49().s[104]++;\n  postAct.disappHiddenfPost(title);\n});&quot;,&quot;err&quot;:{&quot;message&quot;:&quot;AssertionError: Timed out retrying after 4000ms: Expected to find element: `:nth-child(3) &gt; .post-content &gt; #post-router &gt; .post-title &gt; h3`, but never found it.&quot;,&quot;estack&quot;:&quot;AssertionError: Timed out retrying after 4000ms: Expected to find element: `:nth-child(3) &gt; .post-content &gt; #post-router &gt; .post-title &gt; h3`, but never found it.\n    at postActionObjects.getFirstPostTitle (webpack:///./cypress/e2e/SWE_PROJECT/PageObjects/CreatePostObjects/postActionObjects.js:196:17)\n    at Context.eval (webpack:///./cypress/e2e/SWE_PROJECT/PostActions/postAction.cy.js:177:12)&quot;},&quot;uuid&quot;:&quot;6838b519-c2a5-4a5d-b7cc-ca1658ac058b&quot;,&quot;parentUUID&quot;:&quot;487e74ed-d6f3-4856-974f-6ae435109dcb&quot;,&quot;isHook&quot;:false,&quot;skipped&quot;:false},{&quot;title&quot;:&quot;Disappearance of (Unhide) option in the hiddden home post&quot;,&quot;fullTitle&quot;:&quot;Test some actions on post Disappearance of (Unhide) option in the hiddden home post&quot;,&quot;duration&quot;:5642,&quot;state&quot;:&quot;failed&quot;,&quot;pass&quot;:false,&quot;fail&quot;:true,&quot;pending&quot;:false,&quot;code&quot;:&quot;cov_1lzkjwjv49().f[20]++;\nconst postAct = (cov_1lzkjwjv49().s[106]++, new _PageObjects_CreatePostObjects_postActionObjects__WEBPACK_IMPORTED_MODULE_0__[\&quot;default\&quot;]());\ncov_1lzkjwjv49().s[107]++;\npostAct.firstPostActionsList();\ncov_1lzkjwjv49().s[108]++;\npostAct.hidePost();\ncov_1lzkjwjv49().s[109]++;\npostAct.unhidePostDisappearance();\n//you can not unhide any post from its option, it is just done from (HIDDEN) page in the user page&quot;,&quot;err&quot;:{&quot;message&quot;:&quot;CypressError: Timed out retrying after 4050ms: `cy.click()` failed because this element:\n\n`&lt;li id=\&quot;submenu\&quot; data-v-5e748030=\&quot;\&quot;&gt;...&lt;/li&gt;`\n\nis being covered by another element:\n\n`&lt;input type=\&quot;text\&quot; class=\&quot;header-search-input\&quot; placeholder=\&quot;Search Reddit\&quot; id=\&quot;header-search\&quot; data-v-1524e344=\&quot;\&quot;&gt;`\n\nFix this problem, or use {force: true} to disable error checking.\n\nhttps://on.cypress.io/element-cannot-be-interacted-with&quot;,&quot;estack&quot;:&quot;CypressError: Timed out retrying after 4050ms: `cy.click()` failed because this element:\n\n`&lt;li id=\&quot;submenu\&quot; data-v-5e748030=\&quot;\&quot;&gt;...&lt;/li&gt;`\n\nis being covered by another element:\n\n`&lt;input type=\&quot;text\&quot; class=\&quot;header-search-input\&quot; placeholder=\&quot;Search Reddit\&quot; id=\&quot;header-search\&quot; data-v-1524e344=\&quot;\&quot;&gt;`\n\nFix this problem, or use {force: true} to disable error checking.\n\nhttps://on.cypress.io/element-cannot-be-interacted-with\n    at ensureIsDescendent (https://www.read-it.live/__cypress/runner/cypress_runner.js:133130:76)\n    at ensureDescendents (https://www.read-it.live/__cypress/runner/cypress_runner.js:133181:5)\n    at ensureDescendentsAndScroll (https://www.read-it.live/__cypress/runner/cypress_runner.js:133187:14)\n    at ensureElIsNotCovered (https://www.read-it.live/__cypress/runner/cypress_runner.js:133318:5)\n    at runAllChecks (https://www.read-it.live/__cypress/runner/cypress_runner.js:133498:52)\n    at retryActionability (https://www.read-it.live/__cypress/runner/cypress_runner.js:133535:16)\n    at tryCatcher (https://www.read-it.live/__cypress/runner/cypress_runner.js:11327:23)\n    at Promise.attempt.Promise.try (https://www.read-it.live/__cypress/runner/cypress_runner.js:8601:29)\n    at whenStable (https://www.read-it.live/__cypress/runner/cypress_runner.js:149610:65)\n    at &lt;unknown&gt; (https://www.read-it.live/__cypress/runner/cypress_runner.js:149051:14)\n    at tryCatcher (https://www.read-it.live/__cypress/runner/cypress_runner.js:11327:23)\n    at Promise._settlePromiseFromHandler (https://www.read-it.live/__cypress/runner/cypress_runner.js:9262:31)\n    at Promise._settlePromise (https://www.read-it.live/__cypress/runner/cypress_runner.js:9319:18)\n    at Promise._settlePromise0 (https://www.read-it.live/__cypress/runner/cypress_runner.js:9364:10)\n    at Promise._settlePromises (https://www.read-it.live/__cypress/runner/cypress_runner.js:9444:18)\n    at Promise._fulfill (https://www.read-it.live/__cypress/runner/cypress_runner.js:9388:18)\n    at &lt;unknown&gt; (https://www.read-it.live/__cypress/runner/cypress_runner.js:11002:46)\nFrom Your Spec Code:\n    at postActionObjects.firstPostActionsList (webpack:///./cypress/e2e/SWE_PROJECT/PageObjects/CreatePostObjects/postActionObjects.js:210:13)\n    at Context.eval (webpack:///./cypress/e2e/SWE_PROJECT/PostActions/postAction.cy.js:186:12)&quot;},&quot;uuid&quot;:&quot;102a42bc-1b2e-4bad-b6f9-7057c62c173b&quot;,&quot;parentUUID&quot;:&quot;487e74ed-d6f3-4856-974f-6ae435109dcb&quot;,&quot;isHook&quot;:false,&quot;skipped&quot;:false},{&quot;title&quot;:&quot;Disappearance of edit option of a post that dose not belong to the user&quot;,&quot;fullTitle&quot;:&quot;Test some actions on post Disappearance of edit option of a post that dose not belong to the user&quot;,&quot;duration&quot;:6098,&quot;state&quot;:&quot;failed&quot;,&quot;pass&quot;:false,&quot;fail&quot;:true,&quot;pending&quot;:false,&quot;code&quot;:&quot;cov_1lzkjwjv49().f[21]++;\nconst postAct = (cov_1lzkjwjv49().s[111]++, new _PageObjects_CreatePostObjects_postActionObjects__WEBPACK_IMPORTED_MODULE_0__[\&quot;default\&quot;]());\ncov_1lzkjwjv49().s[112]++;\npostAct.firstPostActionsList();\ncov_1lzkjwjv49().s[113]++;\npostAct.editPostDisappearance();\n//?:check the ability to edit a post which is not mine (even if i share it in my profile &lt;= m.s )&quot;,&quot;err&quot;:{&quot;message&quot;:&quot;CypressError: Timed out retrying after 4050ms: `cy.click()` failed because this element:\n\n`&lt;li id=\&quot;submenu\&quot; data-v-5e748030=\&quot;\&quot;&gt;...&lt;/li&gt;`\n\nis being covered by another element:\n\n`&lt;input type=\&quot;text\&quot; class=\&quot;header-search-input\&quot; placeholder=\&quot;Search Reddit\&quot; id=\&quot;header-search\&quot; data-v-1524e344=\&quot;\&quot;&gt;`\n\nFix this problem, or use {force: true} to disable error checking.\n\nhttps://on.cypress.io/element-cannot-be-interacted-with&quot;,&quot;estack&quot;:&quot;CypressError: Timed out retrying after 4050ms: `cy.click()` failed because this element:\n\n`&lt;li id=\&quot;submenu\&quot; data-v-5e748030=\&quot;\&quot;&gt;...&lt;/li&gt;`\n\nis being covered by another element:\n\n`&lt;input type=\&quot;text\&quot; class=\&quot;header-search-input\&quot; placeholder=\&quot;Search Reddit\&quot; id=\&quot;header-search\&quot; data-v-1524e344=\&quot;\&quot;&gt;`\n\nFix this problem, or use {force: true} to disable error checking.\n\nhttps://on.cypress.io/element-cannot-be-interacted-with\n    at ensureIsDescendent (https://www.read-it.live/__cypress/runner/cypress_runner.js:133130:76)\n    at ensureDescendents (https://www.read-it.live/__cypress/runner/cypress_runner.js:133181:5)\n    at ensureDescendentsAndScroll (https://www.read-it.live/__cypress/runner/cypress_runner.js:133187:14)\n    at ensureElIsNotCovered (https://www.read-it.live/__cypress/runner/cypress_runner.js:133318:5)\n    at runAllChecks (https://www.read-it.live/__cypress/runner/cypress_runner.js:133498:52)\n    at retryActionability (https://www.read-it.live/__cypress/runner/cypress_runner.js:133535:16)\n    at tryCatcher (https://www.read-it.live/__cypress/runner/cypress_runner.js:11327:23)\n    at Promise.attempt.Promise.try (https://www.read-it.live/__cypress/runner/cypress_runner.js:8601:29)\n    at whenStable (https://www.read-it.live/__cypress/runner/cypress_runner.js:149610:65)\n    at &lt;unknown&gt; (https://www.read-it.live/__cypress/runner/cypress_runner.js:149051:14)\n    at tryCatcher (https://www.read-it.live/__cypress/runner/cypress_runner.js:11327:23)\n    at Promise._settlePromiseFromHandler (https://www.read-it.live/__cypress/runner/cypress_runner.js:9262:31)\n    at Promise._settlePromise (https://www.read-it.live/__cypress/runner/cypress_runner.js:9319:18)\n    at Promise._settlePromise0 (https://www.read-it.live/__cypress/runner/cypress_runner.js:9364:10)\n    at Promise._settlePromises (https://www.read-it.live/__cypress/runner/cypress_runner.js:9444:18)\n    at Promise._fulfill (https://www.read-it.live/__cypress/runner/cypress_runner.js:9388:18)\n    at &lt;unknown&gt; (https://www.read-it.live/__cypress/runner/cypress_runner.js:11002:46)\nFrom Your Spec Code:\n    at postActionObjects.firstPostActionsList (webpack:///./cypress/e2e/SWE_PROJECT/PageObjects/CreatePostObjects/postActionObjects.js:210:13)\n    at Context.eval (webpack:///./cypress/e2e/SWE_PROJECT/PostActions/postAction.cy.js:197:12)&quot;},&quot;uuid&quot;:&quot;01fb9488-ff1f-4838-ae1d-b68e8243514f&quot;,&quot;parentUUID&quot;:&quot;487e74ed-d6f3-4856-974f-6ae435109dcb&quot;,&quot;isHook&quot;:false,&quot;skipped&quot;:false},{&quot;title&quot;:&quot;Check numbers of votes after upvote&quot;,&quot;fullTitle&quot;:&quot;Test some actions on post Check numbers of votes after upvote&quot;,&quot;duration&quot;:5858,&quot;state&quot;:&quot;failed&quot;,&quot;pass&quot;:false,&quot;fail&quot;:true,&quot;pending&quot;:false,&quot;code&quot;:&quot;cov_1lzkjwjv49().f[22]++;\nconst postAct = (cov_1lzkjwjv49().s[115]++, new _PageObjects_CreatePostObjects_postActionObjects__WEBPACK_IMPORTED_MODULE_0__[\&quot;default\&quot;]());\n//?later: how to check thousand vote numbers?\ncov_1lzkjwjv49().s[116]++;\npostAct.votesNum().then(num_str =&gt; {\n  cov_1lzkjwjv49().f[23]++;\n  let num = (cov_1lzkjwjv49().s[117]++, parseInt(num_str));\n  cov_1lzkjwjv49().s[118]++;\n  postAct.upvotePost();\n  cov_1lzkjwjv49().s[119]++;\n  num = num + 1;\n  let string = (cov_1lzkjwjv49().s[120]++, `${num}`);\n  cov_1lzkjwjv49().s[121]++;\n  postAct.checkVotesNum(string);\n});&quot;,&quot;err&quot;:{&quot;message&quot;:&quot;CypressError: Timed out retrying after 4050ms: `cy.click()` failed because this element:\n\n`&lt;div class=\&quot;upvote\&quot; id=\&quot;upvote\&quot; data-v-5e748030=\&quot;\&quot;&gt;...&lt;/div&gt;`\n\nis being covered by another element:\n\n`&lt;input type=\&quot;text\&quot; class=\&quot;header-search-input\&quot; placeholder=\&quot;Search Reddit\&quot; id=\&quot;header-search\&quot; data-v-1524e344=\&quot;\&quot;&gt;`\n\nFix this problem, or use {force: true} to disable error checking.\n\nhttps://on.cypress.io/element-cannot-be-interacted-with&quot;,&quot;estack&quot;:&quot;CypressError: Timed out retrying after 4050ms: `cy.click()` failed because this element:\n\n`&lt;div class=\&quot;upvote\&quot; id=\&quot;upvote\&quot; data-v-5e748030=\&quot;\&quot;&gt;...&lt;/div&gt;`\n\nis being covered by another element:\n\n`&lt;input type=\&quot;text\&quot; class=\&quot;header-search-input\&quot; placeholder=\&quot;Search Reddit\&quot; id=\&quot;header-search\&quot; data-v-1524e344=\&quot;\&quot;&gt;`\n\nFix this problem, or use {force: true} to disable error checking.\n\nhttps://on.cypress.io/element-cannot-be-interacted-with\n    at ensureIsDescendent (https://www.read-it.live/__cypress/runner/cypress_runner.js:133130:76)\n    at ensureDescendents (https://www.read-it.live/__cypress/runner/cypress_runner.js:133181:5)\n    at ensureDescendentsAndScroll (https://www.read-it.live/__cypress/runner/cypress_runner.js:133187:14)\n    at ensureElIsNotCovered (https://www.read-it.live/__cypress/runner/cypress_runner.js:133318:5)\n    at runAllChecks (https://www.read-it.live/__cypress/runner/cypress_runner.js:133498:52)\n    at retryActionability (https://www.read-it.live/__cypress/runner/cypress_runner.js:133535:16)\n    at tryCatcher (https://www.read-it.live/__cypress/runner/cypress_runner.js:11327:23)\n    at Promise.attempt.Promise.try (https://www.read-it.live/__cypress/runner/cypress_runner.js:8601:29)\n    at whenStable (https://www.read-it.live/__cypress/runner/cypress_runner.js:149610:65)\n    at &lt;unknown&gt; (https://www.read-it.live/__cypress/runner/cypress_runner.js:149051:14)\n    at tryCatcher (https://www.read-it.live/__cypress/runner/cypress_runner.js:11327:23)\n    at Promise._settlePromiseFromHandler (https://www.read-it.live/__cypress/runner/cypress_runner.js:9262:31)\n    at Promise._settlePromise (https://www.read-it.live/__cypress/runner/cypress_runner.js:9319:18)\n    at Promise._settlePromise0 (https://www.read-it.live/__cypress/runner/cypress_runner.js:9364:10)\n    at Promise._settlePromises (https://www.read-it.live/__cypress/runner/cypress_runner.js:9444:18)\n    at Promise._fulfill (https://www.read-it.live/__cypress/runner/cypress_runner.js:9388:18)\n    at &lt;unknown&gt; (https://www.read-it.live/__cypress/runner/cypress_runner.js:11002:46)\nFrom Your Spec Code:\n    at postActionObjects.upvotePost (webpack:///./cypress/e2e/SWE_PROJECT/PageObjects/CreatePostObjects/postActionObjects.js:103:13)\n    at Context.eval (webpack:///./cypress/e2e/SWE_PROJECT/PostActions/postAction.cy.js:209:14)&quot;},&quot;uuid&quot;:&quot;c5134f13-a6c4-46dd-a1eb-1875a935b50f&quot;,&quot;parentUUID&quot;:&quot;487e74ed-d6f3-4856-974f-6ae435109dcb&quot;,&quot;isHook&quot;:false,&quot;skipped&quot;:false},{&quot;title&quot;:&quot;Downvoting after upvoting the same post&quot;,&quot;fullTitle&quot;:&quot;Test some actions on post Downvoting after upvoting the same post&quot;,&quot;duration&quot;:7304,&quot;state&quot;:&quot;failed&quot;,&quot;pass&quot;:false,&quot;fail&quot;:true,&quot;pending&quot;:false,&quot;code&quot;:&quot;cov_1lzkjwjv49().f[24]++;\nconst postAct = (cov_1lzkjwjv49().s[123]++, new _PageObjects_CreatePostObjects_postActionObjects__WEBPACK_IMPORTED_MODULE_0__[\&quot;default\&quot;]());\ncov_1lzkjwjv49().s[124]++;\npostAct.votesNum().then(num_str =&gt; {\n  cov_1lzkjwjv49().f[25]++;\n  let num = (cov_1lzkjwjv49().s[125]++, parseInt(num_str));\n  cov_1lzkjwjv49().s[126]++;\n  postAct.upvotePost();\n  cov_1lzkjwjv49().s[127]++;\n  postAct.downvotePost();\n  cov_1lzkjwjv49().s[128]++;\n  num = num - 1;\n  let string = (cov_1lzkjwjv49().s[129]++, `${num}`);\n  cov_1lzkjwjv49().s[130]++;\n  postAct.checkVotesNum(string);\n});&quot;,&quot;err&quot;:{&quot;message&quot;:&quot;CypressError: Timed out retrying after 4050ms: `cy.click()` failed because this element:\n\n`&lt;div class=\&quot;upvote\&quot; id=\&quot;upvote\&quot; data-v-5e748030=\&quot;\&quot;&gt;...&lt;/div&gt;`\n\nis being covered by another element:\n\n`&lt;input type=\&quot;text\&quot; class=\&quot;header-search-input\&quot; placeholder=\&quot;Search Reddit\&quot; id=\&quot;header-search\&quot; data-v-1524e344=\&quot;\&quot;&gt;`\n\nFix this problem, or use {force: true} to disable error checking.\n\nhttps://on.cypress.io/element-cannot-be-interacted-with&quot;,&quot;estack&quot;:&quot;CypressError: Timed out retrying after 4050ms: `cy.click()` failed because this element:\n\n`&lt;div class=\&quot;upvote\&quot; id=\&quot;upvote\&quot; data-v-5e748030=\&quot;\&quot;&gt;...&lt;/div&gt;`\n\nis being covered by another element:\n\n`&lt;input type=\&quot;text\&quot; class=\&quot;header-search-input\&quot; placeholder=\&quot;Search Reddit\&quot; id=\&quot;header-search\&quot; data-v-1524e344=\&quot;\&quot;&gt;`\n\nFix this problem, or use {force: true} to disable error checking.\n\nhttps://on.cypress.io/element-cannot-be-interacted-with\n    at ensureIsDescendent (https://www.read-it.live/__cypress/runner/cypress_runner.js:133130:76)\n    at ensureDescendents (https://www.read-it.live/__cypress/runner/cypress_runner.js:133181:5)\n    at ensureDescendentsAndScroll (https://www.read-it.live/__cypress/runner/cypress_runner.js:133187:14)\n    at ensureElIsNotCovered (https://www.read-it.live/__cypress/runner/cypress_runner.js:133318:5)\n    at runAllChecks (https://www.read-it.live/__cypress/runner/cypress_runner.js:133498:52)\n    at retryActionability (https://www.read-it.live/__cypress/runner/cypress_runner.js:133535:16)\n    at tryCatcher (https://www.read-it.live/__cypress/runner/cypress_runner.js:11327:23)\n    at Promise.attempt.Promise.try (https://www.read-it.live/__cypress/runner/cypress_runner.js:8601:29)\n    at whenStable (https://www.read-it.live/__cypress/runner/cypress_runner.js:149610:65)\n    at &lt;unknown&gt; (https://www.read-it.live/__cypress/runner/cypress_runner.js:149051:14)\n    at tryCatcher (https://www.read-it.live/__cypress/runner/cypress_runner.js:11327:23)\n    at Promise._settlePromiseFromHandler (https://www.read-it.live/__cypress/runner/cypress_runner.js:9262:31)\n    at Promise._settlePromise (https://www.read-it.live/__cypress/runner/cypress_runner.js:9319:18)\n    at Promise._settlePromise0 (https://www.read-it.live/__cypress/runner/cypress_runner.js:9364:10)\n    at Promise._settlePromises (https://www.read-it.live/__cypress/runner/cypress_runner.js:9444:18)\n    at Promise._fulfill (https://www.read-it.live/__cypress/runner/cypress_runner.js:9388:18)\n    at &lt;unknown&gt; (https://www.read-it.live/__cypress/runner/cypress_runner.js:11002:46)\nFrom Your Spec Code:\n    at postActionObjects.upvotePost (webpack:///./cypress/e2e/SWE_PROJECT/PageObjects/CreatePostObjects/postActionObjects.js:103:13)\n    at Context.eval (webpack:///./cypress/e2e/SWE_PROJECT/PostActions/postAction.cy.js:238:14)&quot;},&quot;uuid&quot;:&quot;322bd649-0590-48b2-9e86-ea049647d13c&quot;,&quot;parentUUID&quot;:&quot;487e74ed-d6f3-4856-974f-6ae435109dcb&quot;,&quot;isHook&quot;:false,&quot;skipped&quot;:false},{&quot;title&quot;:&quot;Upvoting after downvoting the same post&quot;,&quot;fullTitle&quot;:&quot;Test some actions on post Upvoting after downvoting the same post&quot;,&quot;duration&quot;:7964,&quot;state&quot;:&quot;failed&quot;,&quot;pass&quot;:false,&quot;fail&quot;:true,&quot;pending&quot;:false,&quot;code&quot;:&quot;cov_1lzkjwjv49().f[26]++;\nconst postAct = (cov_1lzkjwjv49().s[132]++, new _PageObjects_CreatePostObjects_postActionObjects__WEBPACK_IMPORTED_MODULE_0__[\&quot;default\&quot;]());\ncov_1lzkjwjv49().s[133]++;\npostAct.votesNum().then(num_str =&gt; {\n  cov_1lzkjwjv49().f[27]++;\n  let num = (cov_1lzkjwjv49().s[134]++, parseInt(num_str));\n  cov_1lzkjwjv49().s[135]++;\n  postAct.downvotePost();\n  cov_1lzkjwjv49().s[136]++;\n  postAct.upvotePost();\n  cov_1lzkjwjv49().s[137]++;\n  num = num + 1;\n  let string = (cov_1lzkjwjv49().s[138]++, `${num}`);\n  cov_1lzkjwjv49().s[139]++;\n  postAct.checkVotesNum(string);\n});&quot;,&quot;err&quot;:{&quot;message&quot;:&quot;CypressError: Timed out retrying after 4050ms: `cy.click()` failed because this element:\n\n`&lt;div class=\&quot;downvote\&quot; id=\&quot;downvote\&quot; data-v-5e748030=\&quot;\&quot;&gt;...&lt;/div&gt;`\n\nis being covered by another element:\n\n`&lt;input type=\&quot;text\&quot; class=\&quot;header-search-input\&quot; placeholder=\&quot;Search Reddit\&quot; id=\&quot;header-search\&quot; data-v-1524e344=\&quot;\&quot;&gt;`\n\nFix this problem, or use {force: true} to disable error checking.\n\nhttps://on.cypress.io/element-cannot-be-interacted-with&quot;,&quot;estack&quot;:&quot;CypressError: Timed out retrying after 4050ms: `cy.click()` failed because this element:\n\n`&lt;div class=\&quot;downvote\&quot; id=\&quot;downvote\&quot; data-v-5e748030=\&quot;\&quot;&gt;...&lt;/div&gt;`\n\nis being covered by another element:\n\n`&lt;input type=\&quot;text\&quot; class=\&quot;header-search-input\&quot; placeholder=\&quot;Search Reddit\&quot; id=\&quot;header-search\&quot; data-v-1524e344=\&quot;\&quot;&gt;`\n\nFix this problem, or use {force: true} to disable error checking.\n\nhttps://on.cypress.io/element-cannot-be-interacted-with\n    at ensureIsDescendent (https://www.read-it.live/__cypress/runner/cypress_runner.js:133130:76)\n    at ensureDescendents (https://www.read-it.live/__cypress/runner/cypress_runner.js:133181:5)\n    at ensureDescendentsAndScroll (https://www.read-it.live/__cypress/runner/cypress_runner.js:133187:14)\n    at ensureElIsNotCovered (https://www.read-it.live/__cypress/runner/cypress_runner.js:133318:5)\n    at runAllChecks (https://www.read-it.live/__cypress/runner/cypress_runner.js:133498:52)\n    at retryActionability (https://www.read-it.live/__cypress/runner/cypress_runner.js:133535:16)\n    at tryCatcher (https://www.read-it.live/__cypress/runner/cypress_runner.js:11327:23)\n    at Promise.attempt.Promise.try (https://www.read-it.live/__cypress/runner/cypress_runner.js:8601:29)\n    at whenStable (https://www.read-it.live/__cypress/runner/cypress_runner.js:149610:65)\n    at &lt;unknown&gt; (https://www.read-it.live/__cypress/runner/cypress_runner.js:149051:14)\n    at tryCatcher (https://www.read-it.live/__cypress/runner/cypress_runner.js:11327:23)\n    at Promise._settlePromiseFromHandler (https://www.read-it.live/__cypress/runner/cypress_runner.js:9262:31)\n    at Promise._settlePromise (https://www.read-it.live/__cypress/runner/cypress_runner.js:9319:18)\n    at Promise._settlePromise0 (https://www.read-it.live/__cypress/runner/cypress_runner.js:9364:10)\n    at Promise._settlePromises (https://www.read-it.live/__cypress/runner/cypress_runner.js:9444:18)\n    at Promise._fulfill (https://www.read-it.live/__cypress/runner/cypress_runner.js:9388:18)\n    at &lt;unknown&gt; (https://www.read-it.live/__cypress/runner/cypress_runner.js:11002:46)\nFrom Your Spec Code:\n    at postActionObjects.downvotePost (webpack:///./cypress/e2e/SWE_PROJECT/PageObjects/CreatePostObjects/postActionObjects.js:111:13)\n    at Context.eval (webpack:///./cypress/e2e/SWE_PROJECT/PostActions/postAction.cy.js:250:14)&quot;},&quot;uuid&quot;:&quot;bad0ff4c-ceca-41f5-b8c0-c7dd86936a74&quot;,&quot;parentUUID&quot;:&quot;487e74ed-d6f3-4856-974f-6ae435109dcb&quot;,&quot;isHook&quot;:false,&quot;skipped&quot;:false},{&quot;title&quot;:&quot;Cancel upvoting by clicking on upvote button even numbers of time&quot;,&quot;fullTitle&quot;:&quot;Test some actions on post Cancel upvoting by clicking on upvote button even numbers of time&quot;,&quot;duration&quot;:7543,&quot;state&quot;:&quot;failed&quot;,&quot;pass&quot;:false,&quot;fail&quot;:true,&quot;pending&quot;:false,&quot;code&quot;:&quot;cov_1lzkjwjv49().f[28]++;\nconst postAct = (cov_1lzkjwjv49().s[141]++, new _PageObjects_CreatePostObjects_postActionObjects__WEBPACK_IMPORTED_MODULE_0__[\&quot;default\&quot;]());\ncov_1lzkjwjv49().s[142]++;\npostAct.votesNum().then(num_str =&gt; {\n  cov_1lzkjwjv49().f[29]++;\n  cov_1lzkjwjv49().s[143]++;\n  postAct.upvotePost();\n  cov_1lzkjwjv49().s[144]++;\n  postAct.upvotePost();\n  cov_1lzkjwjv49().s[145]++;\n  postAct.checkVotesNum(num_str);\n  //same old number num_str not num_str+2\n});&quot;,&quot;err&quot;:{&quot;message&quot;:&quot;CypressError: Timed out retrying after 4050ms: `cy.click()` failed because this element:\n\n`&lt;div class=\&quot;upvote\&quot; id=\&quot;upvote\&quot; data-v-5e748030=\&quot;\&quot;&gt;...&lt;/div&gt;`\n\nis being covered by another element:\n\n`&lt;input type=\&quot;text\&quot; class=\&quot;header-search-input\&quot; placeholder=\&quot;Search Reddit\&quot; id=\&quot;header-search\&quot; data-v-1524e344=\&quot;\&quot;&gt;`\n\nFix this problem, or use {force: true} to disable error checking.\n\nhttps://on.cypress.io/element-cannot-be-interacted-with&quot;,&quot;estack&quot;:&quot;CypressError: Timed out retrying after 4050ms: `cy.click()` failed because this element:\n\n`&lt;div class=\&quot;upvote\&quot; id=\&quot;upvote\&quot; data-v-5e748030=\&quot;\&quot;&gt;...&lt;/div&gt;`\n\nis being covered by another element:\n\n`&lt;input type=\&quot;text\&quot; class=\&quot;header-search-input\&quot; placeholder=\&quot;Search Reddit\&quot; id=\&quot;header-search\&quot; data-v-1524e344=\&quot;\&quot;&gt;`\n\nFix this problem, or use {force: true} to disable error checking.\n\nhttps://on.cypress.io/element-cannot-be-interacted-with\n    at ensureIsDescendent (https://www.read-it.live/__cypress/runner/cypress_runner.js:133130:76)\n    at ensureDescendents (https://www.read-it.live/__cypress/runner/cypress_runner.js:133181:5)\n    at ensureDescendentsAndScroll (https://www.read-it.live/__cypress/runner/cypress_runner.js:133187:14)\n    at ensureElIsNotCovered (https://www.read-it.live/__cypress/runner/cypress_runner.js:133318:5)\n    at runAllChecks (https://www.read-it.live/__cypress/runner/cypress_runner.js:133498:52)\n    at retryActionability (https://www.read-it.live/__cypress/runner/cypress_runner.js:133535:16)\n    at tryCatcher (https://www.read-it.live/__cypress/runner/cypress_runner.js:11327:23)\n    at Promise.attempt.Promise.try (https://www.read-it.live/__cypress/runner/cypress_runner.js:8601:29)\n    at whenStable (https://www.read-it.live/__cypress/runner/cypress_runner.js:149610:65)\n    at &lt;unknown&gt; (https://www.read-it.live/__cypress/runner/cypress_runner.js:149051:14)\n    at tryCatcher (https://www.read-it.live/__cypress/runner/cypress_runner.js:11327:23)\n    at Promise._settlePromiseFromHandler (https://www.read-it.live/__cypress/runner/cypress_runner.js:9262:31)\n    at Promise._settlePromise (https://www.read-it.live/__cypress/runner/cypress_runner.js:9319:18)\n    at Promise._settlePromise0 (https://www.read-it.live/__cypress/runner/cypress_runner.js:9364:10)\n    at Promise._settlePromises (https://www.read-it.live/__cypress/runner/cypress_runner.js:9444:18)\n    at Promise._fulfill (https://www.read-it.live/__cypress/runner/cypress_runner.js:9388:18)\n    at &lt;unknown&gt; (https://www.read-it.live/__cypress/runner/cypress_runner.js:11002:46)\nFrom Your Spec Code:\n    at postActionObjects.upvotePost (webpack:///./cypress/e2e/SWE_PROJECT/PageObjects/CreatePostObjects/postActionObjects.js:103:13)\n    at Context.eval (webpack:///./cypress/e2e/SWE_PROJECT/PostActions/postAction.cy.js:261:14)&quot;},&quot;uuid&quot;:&quot;b5e8aa4e-34d7-4cf0-bc7d-98174c8c5b12&quot;,&quot;parentUUID&quot;:&quot;487e74ed-d6f3-4856-974f-6ae435109dcb&quot;,&quot;isHook&quot;:false,&quot;skipped&quot;:false},{&quot;title&quot;:&quot;Click on upvote button odd numbers of time&quot;,&quot;fullTitle&quot;:&quot;Test some actions on post Click on upvote button odd numbers of time&quot;,&quot;duration&quot;:5908,&quot;state&quot;:&quot;failed&quot;,&quot;pass&quot;:false,&quot;fail&quot;:true,&quot;pending&quot;:false,&quot;code&quot;:&quot;cov_1lzkjwjv49().f[30]++;\nconst postAct = (cov_1lzkjwjv49().s[147]++, new _PageObjects_CreatePostObjects_postActionObjects__WEBPACK_IMPORTED_MODULE_0__[\&quot;default\&quot;]());\ncov_1lzkjwjv49().s[148]++;\npostAct.votesNum().then(num_str =&gt; {\n  cov_1lzkjwjv49().f[31]++;\n  let num = (cov_1lzkjwjv49().s[149]++, parseInt(num_str));\n  cov_1lzkjwjv49().s[150]++;\n  postAct.upvotePost();\n  cov_1lzkjwjv49().s[151]++;\n  postAct.upvotePost();\n  cov_1lzkjwjv49().s[152]++;\n  postAct.upvotePost();\n  cov_1lzkjwjv49().s[153]++;\n  num = num + 1;\n  let string = (cov_1lzkjwjv49().s[154]++, `${num}`);\n  cov_1lzkjwjv49().s[155]++;\n  postAct.checkVotesNum(string);\n  //num_str+1 not num_str+3\n});\n//it should be counted as one upvote&quot;,&quot;err&quot;:{&quot;message&quot;:&quot;CypressError: Timed out retrying after 4050ms: `cy.click()` failed because this element:\n\n`&lt;div class=\&quot;upvote\&quot; id=\&quot;upvote\&quot; data-v-5e748030=\&quot;\&quot;&gt;...&lt;/div&gt;`\n\nis being covered by another element:\n\n`&lt;input type=\&quot;text\&quot; class=\&quot;header-search-input\&quot; placeholder=\&quot;Search Reddit\&quot; id=\&quot;header-search\&quot; data-v-1524e344=\&quot;\&quot;&gt;`\n\nFix this problem, or use {force: true} to disable error checking.\n\nhttps://on.cypress.io/element-cannot-be-interacted-with&quot;,&quot;estack&quot;:&quot;CypressError: Timed out retrying after 4050ms: `cy.click()` failed because this element:\n\n`&lt;div class=\&quot;upvote\&quot; id=\&quot;upvote\&quot; data-v-5e748030=\&quot;\&quot;&gt;...&lt;/div&gt;`\n\nis being covered by another element:\n\n`&lt;input type=\&quot;text\&quot; class=\&quot;header-search-input\&quot; placeholder=\&quot;Search Reddit\&quot; id=\&quot;header-search\&quot; data-v-1524e344=\&quot;\&quot;&gt;`\n\nFix this problem, or use {force: true} to disable error checking.\n\nhttps://on.cypress.io/element-cannot-be-interacted-with\n    at ensureIsDescendent (https://www.read-it.live/__cypress/runner/cypress_runner.js:133130:76)\n    at ensureDescendents (https://www.read-it.live/__cypress/runner/cypress_runner.js:133181:5)\n    at ensureDescendentsAndScroll (https://www.read-it.live/__cypress/runner/cypress_runner.js:133187:14)\n    at ensureElIsNotCovered (https://www.read-it.live/__cypress/runner/cypress_runner.js:133318:5)\n    at runAllChecks (https://www.read-it.live/__cypress/runner/cypress_runner.js:133498:52)\n    at retryActionability (https://www.read-it.live/__cypress/runner/cypress_runner.js:133535:16)\n    at tryCatcher (https://www.read-it.live/__cypress/runner/cypress_runner.js:11327:23)\n    at Promise.attempt.Promise.try (https://www.read-it.live/__cypress/runner/cypress_runner.js:8601:29)\n    at whenStable (https://www.read-it.live/__cypress/runner/cypress_runner.js:149610:65)\n    at &lt;unknown&gt; (https://www.read-it.live/__cypress/runner/cypress_runner.js:149051:14)\n    at tryCatcher (https://www.read-it.live/__cypress/runner/cypress_runner.js:11327:23)\n    at Promise._settlePromiseFromHandler (https://www.read-it.live/__cypress/runner/cypress_runner.js:9262:31)\n    at Promise._settlePromise (https://www.read-it.live/__cypress/runner/cypress_runner.js:9319:18)\n    at Promise._settlePromise0 (https://www.read-it.live/__cypress/runner/cypress_runner.js:9364:10)\n    at Promise._settlePromises (https://www.read-it.live/__cypress/runner/cypress_runner.js:9444:18)\n    at Promise._fulfill (https://www.read-it.live/__cypress/runner/cypress_runner.js:9388:18)\n    at &lt;unknown&gt; (https://www.read-it.live/__cypress/runner/cypress_runner.js:11002:46)\nFrom Your Spec Code:\n    at postActionObjects.upvotePost (webpack:///./cypress/e2e/SWE_PROJECT/PageObjects/CreatePostObjects/postActionObjects.js:103:13)\n    at Context.eval (webpack:///./cypress/e2e/SWE_PROJECT/PostActions/postAction.cy.js:272:14)&quot;},&quot;uuid&quot;:&quot;1030ed39-0c92-466f-ab97-64190c525adc&quot;,&quot;parentUUID&quot;:&quot;487e74ed-d6f3-4856-974f-6ae435109dcb&quot;,&quot;isHook&quot;:false,&quot;skipped&quot;:false},{&quot;title&quot;:&quot;Click on downvote button odd numbers of time&quot;,&quot;fullTitle&quot;:&quot;Test some actions on post Click on downvote button odd numbers of time&quot;,&quot;duration&quot;:6139,&quot;state&quot;:&quot;failed&quot;,&quot;pass&quot;:false,&quot;fail&quot;:true,&quot;pending&quot;:false,&quot;code&quot;:&quot;cov_1lzkjwjv49().f[32]++;\nconst postAct = (cov_1lzkjwjv49().s[157]++, new _PageObjects_CreatePostObjects_postActionObjects__WEBPACK_IMPORTED_MODULE_0__[\&quot;default\&quot;]());\ncov_1lzkjwjv49().s[158]++;\npostAct.votesNum().then(num_str =&gt; {\n  cov_1lzkjwjv49().f[33]++;\n  let num = (cov_1lzkjwjv49().s[159]++, parseInt(num_str));\n  cov_1lzkjwjv49().s[160]++;\n  postAct.downvotePost();\n  cov_1lzkjwjv49().s[161]++;\n  postAct.downvotePost();\n  cov_1lzkjwjv49().s[162]++;\n  postAct.downvotePost();\n  cov_1lzkjwjv49().s[163]++;\n  num = num - 1;\n  let string = (cov_1lzkjwjv49().s[164]++, `${num}`);\n  cov_1lzkjwjv49().s[165]++;\n  postAct.checkVotesNum(string);\n  //num_str-1 not num_str-3\n});&quot;,&quot;err&quot;:{&quot;message&quot;:&quot;CypressError: Timed out retrying after 4050ms: `cy.click()` failed because this element:\n\n`&lt;div class=\&quot;downvote\&quot; id=\&quot;downvote\&quot; data-v-5e748030=\&quot;\&quot;&gt;...&lt;/div&gt;`\n\nis being covered by another element:\n\n`&lt;input type=\&quot;text\&quot; class=\&quot;header-search-input\&quot; placeholder=\&quot;Search Reddit\&quot; id=\&quot;header-search\&quot; data-v-1524e344=\&quot;\&quot;&gt;`\n\nFix this problem, or use {force: true} to disable error checking.\n\nhttps://on.cypress.io/element-cannot-be-interacted-with&quot;,&quot;estack&quot;:&quot;CypressError: Timed out retrying after 4050ms: `cy.click()` failed because this element:\n\n`&lt;div class=\&quot;downvote\&quot; id=\&quot;downvote\&quot; data-v-5e748030=\&quot;\&quot;&gt;...&lt;/div&gt;`\n\nis being covered by another element:\n\n`&lt;input type=\&quot;text\&quot; class=\&quot;header-search-input\&quot; placeholder=\&quot;Search Reddit\&quot; id=\&quot;header-search\&quot; data-v-1524e344=\&quot;\&quot;&gt;`\n\nFix this problem, or use {force: true} to disable error checking.\n\nhttps://on.cypress.io/element-cannot-be-interacted-with\n    at ensureIsDescendent (https://www.read-it.live/__cypress/runner/cypress_runner.js:133130:76)\n    at ensureDescendents (https://www.read-it.live/__cypress/runner/cypress_runner.js:133181:5)\n    at ensureDescendentsAndScroll (https://www.read-it.live/__cypress/runner/cypress_runner.js:133187:14)\n    at ensureElIsNotCovered (https://www.read-it.live/__cypress/runner/cypress_runner.js:133318:5)\n    at runAllChecks (https://www.read-it.live/__cypress/runner/cypress_runner.js:133498:52)\n    at retryActionability (https://www.read-it.live/__cypress/runner/cypress_runner.js:133535:16)\n    at tryCatcher (https://www.read-it.live/__cypress/runner/cypress_runner.js:11327:23)\n    at Promise.attempt.Promise.try (https://www.read-it.live/__cypress/runner/cypress_runner.js:8601:29)\n    at whenStable (https://www.read-it.live/__cypress/runner/cypress_runner.js:149610:65)\n    at &lt;unknown&gt; (https://www.read-it.live/__cypress/runner/cypress_runner.js:149051:14)\n    at tryCatcher (https://www.read-it.live/__cypress/runner/cypress_runner.js:11327:23)\n    at Promise._settlePromiseFromHandler (https://www.read-it.live/__cypress/runner/cypress_runner.js:9262:31)\n    at Promise._settlePromise (https://www.read-it.live/__cypress/runner/cypress_runner.js:9319:18)\n    at Promise._settlePromise0 (https://www.read-it.live/__cypress/runner/cypress_runner.js:9364:10)\n    at Promise._settlePromises (https://www.read-it.live/__cypress/runner/cypress_runner.js:9444:18)\n    at Promise._fulfill (https://www.read-it.live/__cypress/runner/cypress_runner.js:9388:18)\n    at &lt;unknown&gt; (https://www.read-it.live/__cypress/runner/cypress_runner.js:11002:46)\nFrom Your Spec Code:\n    at postActionObjects.downvotePost (webpack:///./cypress/e2e/SWE_PROJECT/PageObjects/CreatePostObjects/postActionObjects.js:111:13)\n    at Context.eval (webpack:///./cypress/e2e/SWE_PROJECT/PostActions/postAction.cy.js:288:14)&quot;},&quot;uuid&quot;:&quot;0fc6fb3f-a618-445a-bf5d-6add0f0bac2f&quot;,&quot;parentUUID&quot;:&quot;487e74ed-d6f3-4856-974f-6ae435109dcb&quot;,&quot;isHook&quot;:false,&quot;skipped&quot;:false},{&quot;title&quot;:&quot;Cancel downvoting by clicking on downvote button even numbers of time&quot;,&quot;fullTitle&quot;:&quot;Test some actions on post Cancel downvoting by clicking on downvote button even numbers of time&quot;,&quot;duration&quot;:7048,&quot;state&quot;:&quot;failed&quot;,&quot;pass&quot;:false,&quot;fail&quot;:true,&quot;pending&quot;:false,&quot;code&quot;:&quot;cov_1lzkjwjv49().f[34]++;\nconst postAct = (cov_1lzkjwjv49().s[167]++, new _PageObjects_CreatePostObjects_postActionObjects__WEBPACK_IMPORTED_MODULE_0__[\&quot;default\&quot;]());\ncov_1lzkjwjv49().s[168]++;\npostAct.votesNum().then(num_str =&gt; {\n  cov_1lzkjwjv49().f[35]++;\n  cov_1lzkjwjv49().s[169]++;\n  postAct.downvotePost();\n  cov_1lzkjwjv49().s[170]++;\n  postAct.downvotePost();\n  cov_1lzkjwjv49().s[171]++;\n  postAct.checkVotesNum(num_str);\n  //same old number num_str not num_str-2\n});&quot;,&quot;err&quot;:{&quot;message&quot;:&quot;CypressError: Timed out retrying after 4050ms: `cy.click()` failed because this element:\n\n`&lt;div class=\&quot;downvote\&quot; id=\&quot;downvote\&quot; data-v-5e748030=\&quot;\&quot;&gt;...&lt;/div&gt;`\n\nis being covered by another element:\n\n`&lt;input type=\&quot;text\&quot; class=\&quot;header-search-input\&quot; placeholder=\&quot;Search Reddit\&quot; id=\&quot;header-search\&quot; data-v-1524e344=\&quot;\&quot;&gt;`\n\nFix this problem, or use {force: true} to disable error checking.\n\nhttps://on.cypress.io/element-cannot-be-interacted-with&quot;,&quot;estack&quot;:&quot;CypressError: Timed out retrying after 4050ms: `cy.click()` failed because this element:\n\n`&lt;div class=\&quot;downvote\&quot; id=\&quot;downvote\&quot; data-v-5e748030=\&quot;\&quot;&gt;...&lt;/div&gt;`\n\nis being covered by another element:\n\n`&lt;input type=\&quot;text\&quot; class=\&quot;header-search-input\&quot; placeholder=\&quot;Search Reddit\&quot; id=\&quot;header-search\&quot; data-v-1524e344=\&quot;\&quot;&gt;`\n\nFix this problem, or use {force: true} to disable error checking.\n\nhttps://on.cypress.io/element-cannot-be-interacted-with\n    at ensureIsDescendent (https://www.read-it.live/__cypress/runner/cypress_runner.js:133130:76)\n    at ensureDescendents (https://www.read-it.live/__cypress/runner/cypress_runner.js:133181:5)\n    at ensureDescendentsAndScroll (https://www.read-it.live/__cypress/runner/cypress_runner.js:133187:14)\n    at ensureElIsNotCovered (https://www.read-it.live/__cypress/runner/cypress_runner.js:133318:5)\n    at runAllChecks (https://www.read-it.live/__cypress/runner/cypress_runner.js:133498:52)\n    at retryActionability (https://www.read-it.live/__cypress/runner/cypress_runner.js:133535:16)\n    at tryCatcher (https://www.read-it.live/__cypress/runner/cypress_runner.js:11327:23)\n    at Promise.attempt.Promise.try (https://www.read-it.live/__cypress/runner/cypress_runner.js:8601:29)\n    at whenStable (https://www.read-it.live/__cypress/runner/cypress_runner.js:149610:65)\n    at &lt;unknown&gt; (https://www.read-it.live/__cypress/runner/cypress_runner.js:149051:14)\n    at tryCatcher (https://www.read-it.live/__cypress/runner/cypress_runner.js:11327:23)\n    at Promise._settlePromiseFromHandler (https://www.read-it.live/__cypress/runner/cypress_runner.js:9262:31)\n    at Promise._settlePromise (https://www.read-it.live/__cypress/runner/cypress_runner.js:9319:18)\n    at Promise._settlePromise0 (https://www.read-it.live/__cypress/runner/cypress_runner.js:9364:10)\n    at Promise._settlePromises (https://www.read-it.live/__cypress/runner/cypress_runner.js:9444:18)\n    at Promise._fulfill (https://www.read-it.live/__cypress/runner/cypress_runner.js:9388:18)\n    at &lt;unknown&gt; (https://www.read-it.live/__cypress/runner/cypress_runner.js:11002:46)\nFrom Your Spec Code:\n    at postActionObjects.downvotePost (webpack:///./cypress/e2e/SWE_PROJECT/PageObjects/CreatePostObjects/postActionObjects.js:111:13)\n    at Context.eval (webpack:///./cypress/e2e/SWE_PROJECT/PostActions/postAction.cy.js:302:14)&quot;},&quot;uuid&quot;:&quot;bd0c8171-eec2-460c-8016-92873b60d9a9&quot;,&quot;parentUUID&quot;:&quot;487e74ed-d6f3-4856-974f-6ae435109dcb&quot;,&quot;isHook&quot;:false,&quot;skipped&quot;:false},{&quot;title&quot;:&quot;Check upvoted post in UPVOTE page in user profile&quot;,&quot;fullTitle&quot;:&quot;Test some actions on post Check upvoted post in UPVOTE page in user profile&quot;,&quot;duration&quot;:7006,&quot;state&quot;:&quot;failed&quot;,&quot;pass&quot;:false,&quot;fail&quot;:true,&quot;pending&quot;:false,&quot;code&quot;:&quot;cov_1lzkjwjv49().f[36]++;\nconst postAct = (cov_1lzkjwjv49().s[173]++, new _PageObjects_CreatePostObjects_postActionObjects__WEBPACK_IMPORTED_MODULE_0__[\&quot;default\&quot;]());\nconst userProfile = (cov_1lzkjwjv49().s[174]++, new _PageObjects_UserProfileObjects_userProfileObject__WEBPACK_IMPORTED_MODULE_1__[\&quot;default\&quot;]());\ncov_1lzkjwjv49().s[175]++;\npostAct.upvotePost();\ncov_1lzkjwjv49().s[176]++;\npostAct.getFirstPostTitle().then(title =&gt; {\n  cov_1lzkjwjv49().f[37]++;\n  cov_1lzkjwjv49().s[177]++;\n  postAct.showSettingsSubmenu();\n  cov_1lzkjwjv49().s[178]++;\n  postAct.goUserProfile();\n  cov_1lzkjwjv49().s[179]++;\n  userProfile.upvoted();\n  cov_1lzkjwjv49().s[180]++;\n  userProfile.findPost(title);\n});&quot;,&quot;err&quot;:{&quot;message&quot;:&quot;CypressError: Timed out retrying after 4050ms: `cy.click()` failed because this element:\n\n`&lt;div class=\&quot;upvote\&quot; id=\&quot;upvote\&quot; data-v-5e748030=\&quot;\&quot;&gt;...&lt;/div&gt;`\n\nis being covered by another element:\n\n`&lt;input type=\&quot;text\&quot; class=\&quot;header-search-input\&quot; placeholder=\&quot;Search Reddit\&quot; id=\&quot;header-search\&quot; data-v-1524e344=\&quot;\&quot;&gt;`\n\nFix this problem, or use {force: true} to disable error checking.\n\nhttps://on.cypress.io/element-cannot-be-interacted-with&quot;,&quot;estack&quot;:&quot;CypressError: Timed out retrying after 4050ms: `cy.click()` failed because this element:\n\n`&lt;div class=\&quot;upvote\&quot; id=\&quot;upvote\&quot; data-v-5e748030=\&quot;\&quot;&gt;...&lt;/div&gt;`\n\nis being covered by another element:\n\n`&lt;input type=\&quot;text\&quot; class=\&quot;header-search-input\&quot; placeholder=\&quot;Search Reddit\&quot; id=\&quot;header-search\&quot; data-v-1524e344=\&quot;\&quot;&gt;`\n\nFix this problem, or use {force: true} to disable error checking.\n\nhttps://on.cypress.io/element-cannot-be-interacted-with\n    at ensureIsDescendent (https://www.read-it.live/__cypress/runner/cypress_runner.js:133130:76)\n    at ensureDescendents (https://www.read-it.live/__cypress/runner/cypress_runner.js:133181:5)\n    at ensureDescendentsAndScroll (https://www.read-it.live/__cypress/runner/cypress_runner.js:133187:14)\n    at ensureElIsNotCovered (https://www.read-it.live/__cypress/runner/cypress_runner.js:133318:5)\n    at runAllChecks (https://www.read-it.live/__cypress/runner/cypress_runner.js:133498:52)\n    at retryActionability (https://www.read-it.live/__cypress/runner/cypress_runner.js:133535:16)\n    at tryCatcher (https://www.read-it.live/__cypress/runner/cypress_runner.js:11327:23)\n    at Promise.attempt.Promise.try (https://www.read-it.live/__cypress/runner/cypress_runner.js:8601:29)\n    at whenStable (https://www.read-it.live/__cypress/runner/cypress_runner.js:149610:65)\n    at &lt;unknown&gt; (https://www.read-it.live/__cypress/runner/cypress_runner.js:149051:14)\n    at tryCatcher (https://www.read-it.live/__cypress/runner/cypress_runner.js:11327:23)\n    at Promise._settlePromiseFromHandler (https://www.read-it.live/__cypress/runner/cypress_runner.js:9262:31)\n    at Promise._settlePromise (https://www.read-it.live/__cypress/runner/cypress_runner.js:9319:18)\n    at Promise._settlePromise0 (https://www.read-it.live/__cypress/runner/cypress_runner.js:9364:10)\n    at Promise._settlePromises (https://www.read-it.live/__cypress/runner/cypress_runner.js:9444:18)\n    at Promise._fulfill (https://www.read-it.live/__cypress/runner/cypress_runner.js:9388:18)\n    at &lt;unknown&gt; (https://www.read-it.live/__cypress/runner/cypress_runner.js:11002:46)\nFrom Your Spec Code:\n    at postActionObjects.upvotePost (webpack:///./cypress/e2e/SWE_PROJECT/PageObjects/CreatePostObjects/postActionObjects.js:103:13)\n    at Context.eval (webpack:///./cypress/e2e/SWE_PROJECT/PostActions/postAction.cy.js:312:12)&quot;},&quot;uuid&quot;:&quot;784bbff9-77a5-4dbf-933d-9aa515aae67e&quot;,&quot;parentUUID&quot;:&quot;487e74ed-d6f3-4856-974f-6ae435109dcb&quot;,&quot;isHook&quot;:false,&quot;skipped&quot;:false},{&quot;title&quot;:&quot;Check downvoted post in DOWNVOTE page in user profile&quot;,&quot;fullTitle&quot;:&quot;Test some actions on post Check downvoted post in DOWNVOTE page in user profile&quot;,&quot;duration&quot;:6519,&quot;state&quot;:&quot;failed&quot;,&quot;pass&quot;:false,&quot;fail&quot;:true,&quot;pending&quot;:false,&quot;code&quot;:&quot;cov_1lzkjwjv49().f[38]++;\nconst postAct = (cov_1lzkjwjv49().s[182]++, new _PageObjects_CreatePostObjects_postActionObjects__WEBPACK_IMPORTED_MODULE_0__[\&quot;default\&quot;]());\nconst userProfile = (cov_1lzkjwjv49().s[183]++, new _PageObjects_UserProfileObjects_userProfileObject__WEBPACK_IMPORTED_MODULE_1__[\&quot;default\&quot;]());\ncov_1lzkjwjv49().s[184]++;\npostAct.downvotePost();\ncov_1lzkjwjv49().s[185]++;\npostAct.getFirstPostTitle().then(title =&gt; {\n  cov_1lzkjwjv49().f[39]++;\n  cov_1lzkjwjv49().s[186]++;\n  postAct.showSettingsSubmenu();\n  cov_1lzkjwjv49().s[187]++;\n  postAct.goUserProfile();\n  cov_1lzkjwjv49().s[188]++;\n  userProfile.downvoted();\n  cov_1lzkjwjv49().s[189]++;\n  userProfile.findPost(title);\n});&quot;,&quot;err&quot;:{&quot;message&quot;:&quot;CypressError: Timed out retrying after 4050ms: `cy.click()` failed because this element:\n\n`&lt;div class=\&quot;downvote\&quot; id=\&quot;downvote\&quot; data-v-5e748030=\&quot;\&quot;&gt;...&lt;/div&gt;`\n\nis being covered by another element:\n\n`&lt;input type=\&quot;text\&quot; class=\&quot;header-search-input\&quot; placeholder=\&quot;Search Reddit\&quot; id=\&quot;header-search\&quot; data-v-1524e344=\&quot;\&quot;&gt;`\n\nFix this problem, or use {force: true} to disable error checking.\n\nhttps://on.cypress.io/element-cannot-be-interacted-with&quot;,&quot;estack&quot;:&quot;CypressError: Timed out retrying after 4050ms: `cy.click()` failed because this element:\n\n`&lt;div class=\&quot;downvote\&quot; id=\&quot;downvote\&quot; data-v-5e748030=\&quot;\&quot;&gt;...&lt;/div&gt;`\n\nis being covered by another element:\n\n`&lt;input type=\&quot;text\&quot; class=\&quot;header-search-input\&quot; placeholder=\&quot;Search Reddit\&quot; id=\&quot;header-search\&quot; data-v-1524e344=\&quot;\&quot;&gt;`\n\nFix this problem, or use {force: true} to disable error checking.\n\nhttps://on.cypress.io/element-cannot-be-interacted-with\n    at ensureIsDescendent (https://www.read-it.live/__cypress/runner/cypress_runner.js:133130:76)\n    at ensureDescendents (https://www.read-it.live/__cypress/runner/cypress_runner.js:133181:5)\n    at ensureDescendentsAndScroll (https://www.read-it.live/__cypress/runner/cypress_runner.js:133187:14)\n    at ensureElIsNotCovered (https://www.read-it.live/__cypress/runner/cypress_runner.js:133318:5)\n    at runAllChecks (https://www.read-it.live/__cypress/runner/cypress_runner.js:133498:52)\n    at retryActionability (https://www.read-it.live/__cypress/runner/cypress_runner.js:133535:16)\n    at tryCatcher (https://www.read-it.live/__cypress/runner/cypress_runner.js:11327:23)\n    at Promise.attempt.Promise.try (https://www.read-it.live/__cypress/runner/cypress_runner.js:8601:29)\n    at whenStable (https://www.read-it.live/__cypress/runner/cypress_runner.js:149610:65)\n    at &lt;unknown&gt; (https://www.read-it.live/__cypress/runner/cypress_runner.js:149051:14)\n    at tryCatcher (https://www.read-it.live/__cypress/runner/cypress_runner.js:11327:23)\n    at Promise._settlePromiseFromHandler (https://www.read-it.live/__cypress/runner/cypress_runner.js:9262:31)\n    at Promise._settlePromise (https://www.read-it.live/__cypress/runner/cypress_runner.js:9319:18)\n    at Promise._settlePromise0 (https://www.read-it.live/__cypress/runner/cypress_runner.js:9364:10)\n    at Promise._settlePromises (https://www.read-it.live/__cypress/runner/cypress_runner.js:9444:18)\n    at Promise._fulfill (https://www.read-it.live/__cypress/runner/cypress_runner.js:9388:18)\n    at &lt;unknown&gt; (https://www.read-it.live/__cypress/runner/cypress_runner.js:11002:46)\nFrom Your Spec Code:\n    at postActionObjects.downvotePost (webpack:///./cypress/e2e/SWE_PROJECT/PageObjects/CreatePostObjects/postActionObjects.js:111:13)\n    at Context.eval (webpack:///./cypress/e2e/SWE_PROJECT/PostActions/postAction.cy.js:324:12)&quot;},&quot;uuid&quot;:&quot;aab7b347-8a7e-4836-ae17-482ca6bea6ee&quot;,&quot;parentUUID&quot;:&quot;487e74ed-d6f3-4856-974f-6ae435109dcb&quot;,&quot;isHook&quot;:false,&quot;skipped&quot;:false},{&quot;title&quot;:&quot;Disappearance of delete option of a post that dose not belong to the user&quot;,&quot;fullTitle&quot;:&quot;Test some actions on post Disappearance of delete option of a post that dose not belong to the user&quot;,&quot;duration&quot;:6320,&quot;state&quot;:&quot;failed&quot;,&quot;pass&quot;:false,&quot;fail&quot;:true,&quot;pending&quot;:false,&quot;code&quot;:&quot;cov_1lzkjwjv49().f[40]++;\nconst postAct = (cov_1lzkjwjv49().s[191]++, new _PageObjects_CreatePostObjects_postActionObjects__WEBPACK_IMPORTED_MODULE_0__[\&quot;default\&quot;]());\ncov_1lzkjwjv49().s[192]++;\npostAct.firstPostActionsList();\ncov_1lzkjwjv49().s[193]++;\npostAct.deleteDisappearance();&quot;,&quot;err&quot;:{&quot;message&quot;:&quot;CypressError: Timed out retrying after 4050ms: `cy.click()` failed because this element:\n\n`&lt;li id=\&quot;submenu\&quot; data-v-5e748030=\&quot;\&quot;&gt;...&lt;/li&gt;`\n\nis being covered by another element:\n\n`&lt;input type=\&quot;text\&quot; class=\&quot;header-search-input\&quot; placeholder=\&quot;Search Reddit\&quot; id=\&quot;header-search\&quot; data-v-1524e344=\&quot;\&quot;&gt;`\n\nFix this problem, or use {force: true} to disable error checking.\n\nhttps://on.cypress.io/element-cannot-be-interacted-with&quot;,&quot;estack&quot;:&quot;CypressError: Timed out retrying after 4050ms: `cy.click()` failed because this element:\n\n`&lt;li id=\&quot;submenu\&quot; data-v-5e748030=\&quot;\&quot;&gt;...&lt;/li&gt;`\n\nis being covered by another element:\n\n`&lt;input type=\&quot;text\&quot; class=\&quot;header-search-input\&quot; placeholder=\&quot;Search Reddit\&quot; id=\&quot;header-search\&quot; data-v-1524e344=\&quot;\&quot;&gt;`\n\nFix this problem, or use {force: true} to disable error checking.\n\nhttps://on.cypress.io/element-cannot-be-interacted-with\n    at ensureIsDescendent (https://www.read-it.live/__cypress/runner/cypress_runner.js:133130:76)\n    at ensureDescendents (https://www.read-it.live/__cypress/runner/cypress_runner.js:133181:5)\n    at ensureDescendentsAndScroll (https://www.read-it.live/__cypress/runner/cypress_runner.js:133187:14)\n    at ensureElIsNotCovered (https://www.read-it.live/__cypress/runner/cypress_runner.js:133318:5)\n    at runAllChecks (https://www.read-it.live/__cypress/runner/cypress_runner.js:133498:52)\n    at retryActionability (https://www.read-it.live/__cypress/runner/cypress_runner.js:133535:16)\n    at tryCatcher (https://www.read-it.live/__cypress/runner/cypress_runner.js:11327:23)\n    at Promise.attempt.Promise.try (https://www.read-it.live/__cypress/runner/cypress_runner.js:8601:29)\n    at whenStable (https://www.read-it.live/__cypress/runner/cypress_runner.js:149610:65)\n    at &lt;unknown&gt; (https://www.read-it.live/__cypress/runner/cypress_runner.js:149051:14)\n    at tryCatcher (https://www.read-it.live/__cypress/runner/cypress_runner.js:11327:23)\n    at Promise._settlePromiseFromHandler (https://www.read-it.live/__cypress/runner/cypress_runner.js:9262:31)\n    at Promise._settlePromise (https://www.read-it.live/__cypress/runner/cypress_runner.js:9319:18)\n    at Promise._settlePromise0 (https://www.read-it.live/__cypress/runner/cypress_runner.js:9364:10)\n    at Promise._settlePromises (https://www.read-it.live/__cypress/runner/cypress_runner.js:9444:18)\n    at Promise._fulfill (https://www.read-it.live/__cypress/runner/cypress_runner.js:9388:18)\n    at &lt;unknown&gt; (https://www.read-it.live/__cypress/runner/cypress_runner.js:11002:46)\nFrom Your Spec Code:\n    at postActionObjects.firstPostActionsList (webpack:///./cypress/e2e/SWE_PROJECT/PageObjects/CreatePostObjects/postActionObjects.js:210:13)\n    at Context.eval (webpack:///./cypress/e2e/SWE_PROJECT/PostActions/postAction.cy.js:336:12)&quot;},&quot;uuid&quot;:&quot;63dbd09b-87fd-47bb-b0a3-0e63024355c5&quot;,&quot;parentUUID&quot;:&quot;487e74ed-d6f3-4856-974f-6ae435109dcb&quot;,&quot;isHook&quot;:false,&quot;skipped&quot;:false},{&quot;title&quot;:&quot;Exsitance of any post&quot;,&quot;fullTitle&quot;:&quot;Test some actions on post Exsitance of any post&quot;,&quot;duration&quot;:5474,&quot;state&quot;:&quot;failed&quot;,&quot;pass&quot;:false,&quot;fail&quot;:true,&quot;pending&quot;:false,&quot;code&quot;:&quot;cov_1lzkjwjv49().f[41]++;\nconst postAct = (cov_1lzkjwjv49().s[195]++, new _PageObjects_CreatePostObjects_postActionObjects__WEBPACK_IMPORTED_MODULE_0__[\&quot;default\&quot;]());\ncov_1lzkjwjv49().s[196]++;\npostAct.getFirstPostTitle();&quot;,&quot;err&quot;:{&quot;message&quot;:&quot;AssertionError: Timed out retrying after 4000ms: Expected to find element: `:nth-child(3) &gt; .post-content &gt; #post-router &gt; .post-title &gt; h3`, but never found it.&quot;,&quot;estack&quot;:&quot;AssertionError: Timed out retrying after 4000ms: Expected to find element: `:nth-child(3) &gt; .post-content &gt; #post-router &gt; .post-title &gt; h3`, but never found it.\n    at postActionObjects.getFirstPostTitle (webpack:///./cypress/e2e/SWE_PROJECT/PageObjects/CreatePostObjects/postActionObjects.js:196:17)\n    at Context.eval (webpack:///./cypress/e2e/SWE_PROJECT/PostActions/postAction.cy.js:344:12)&quot;},&quot;uuid&quot;:&quot;4de4a982-69eb-4c8b-9796-95ddb4212ced&quot;,&quot;parentUUID&quot;:&quot;487e74ed-d6f3-4856-974f-6ae435109dcb&quot;,&quot;isHook&quot;:false,&quot;skipped&quot;:false},{&quot;title&quot;:&quot;check if (Comments)button will go to the comments page of the post&quot;,&quot;fullTitle&quot;:&quot;Test some actions on post check if (Comments)button will go to the comments page of the post&quot;,&quot;duration&quot;:6235,&quot;state&quot;:&quot;failed&quot;,&quot;pass&quot;:false,&quot;fail&quot;:true,&quot;pending&quot;:false,&quot;code&quot;:&quot;cov_1lzkjwjv49().f[42]++;\nconst postAct = (cov_1lzkjwjv49().s[198]++, new _PageObjects_CreatePostObjects_postActionObjects__WEBPACK_IMPORTED_MODULE_0__[\&quot;default\&quot;]());\ncov_1lzkjwjv49().s[199]++;\npostAct.comments();\ncov_1lzkjwjv49().s[200]++;\npostAct.checkCommmentPage();&quot;,&quot;err&quot;:{&quot;message&quot;:&quot;CypressError: Timed out retrying after 4050ms: `cy.click()` failed because this element:\n\n`&lt;li data-v-5e748030=\&quot;\&quot;&gt;...&lt;/li&gt;`\n\nis being covered by another element:\n\n`&lt;input type=\&quot;text\&quot; class=\&quot;header-search-input\&quot; placeholder=\&quot;Search Reddit\&quot; id=\&quot;header-search\&quot; data-v-1524e344=\&quot;\&quot;&gt;`\n\nFix this problem, or use {force: true} to disable error checking.\n\nhttps://on.cypress.io/element-cannot-be-interacted-with&quot;,&quot;estack&quot;:&quot;CypressError: Timed out retrying after 4050ms: `cy.click()` failed because this element:\n\n`&lt;li data-v-5e748030=\&quot;\&quot;&gt;...&lt;/li&gt;`\n\nis being covered by another element:\n\n`&lt;input type=\&quot;text\&quot; class=\&quot;header-search-input\&quot; placeholder=\&quot;Search Reddit\&quot; id=\&quot;header-search\&quot; data-v-1524e344=\&quot;\&quot;&gt;`\n\nFix this problem, or use {force: true} to disable error checking.\n\nhttps://on.cypress.io/element-cannot-be-interacted-with\n    at ensureIsDescendent (https://www.read-it.live/__cypress/runner/cypress_runner.js:133130:76)\n    at ensureDescendents (https://www.read-it.live/__cypress/runner/cypress_runner.js:133181:5)\n    at ensureDescendentsAndScroll (https://www.read-it.live/__cypress/runner/cypress_runner.js:133187:14)\n    at ensureElIsNotCovered (https://www.read-it.live/__cypress/runner/cypress_runner.js:133318:5)\n    at runAllChecks (https://www.read-it.live/__cypress/runner/cypress_runner.js:133498:52)\n    at retryActionability (https://www.read-it.live/__cypress/runner/cypress_runner.js:133535:16)\n    at tryCatcher (https://www.read-it.live/__cypress/runner/cypress_runner.js:11327:23)\n    at Promise.attempt.Promise.try (https://www.read-it.live/__cypress/runner/cypress_runner.js:8601:29)\n    at whenStable (https://www.read-it.live/__cypress/runner/cypress_runner.js:149610:65)\n    at &lt;unknown&gt; (https://www.read-it.live/__cypress/runner/cypress_runner.js:149051:14)\n    at tryCatcher (https://www.read-it.live/__cypress/runner/cypress_runner.js:11327:23)\n    at Promise._settlePromiseFromHandler (https://www.read-it.live/__cypress/runner/cypress_runner.js:9262:31)\n    at Promise._settlePromise (https://www.read-it.live/__cypress/runner/cypress_runner.js:9319:18)\n    at Promise._settlePromise0 (https://www.read-it.live/__cypress/runner/cypress_runner.js:9364:10)\n    at Promise._settlePromises (https://www.read-it.live/__cypress/runner/cypress_runner.js:9444:18)\n    at Promise._fulfill (https://www.read-it.live/__cypress/runner/cypress_runner.js:9388:18)\n    at &lt;unknown&gt; (https://www.read-it.live/__cypress/runner/cypress_runner.js:11002:46)\nFrom Your Spec Code:\n    at postActionObjects.comments (webpack:///./cypress/e2e/SWE_PROJECT/PageObjects/CreatePostObjects/postActionObjects.js:180:13)\n    at Context.eval (webpack:///./cypress/e2e/SWE_PROJECT/PostActions/postAction.cy.js:360:12)&quot;},&quot;uuid&quot;:&quot;f2a6e6b7-50d6-4316-b4f3-bdce8420e54e&quot;,&quot;parentUUID&quot;:&quot;487e74ed-d6f3-4856-974f-6ae435109dcb&quot;,&quot;isHook&quot;:false,&quot;skipped&quot;:false}],&quot;suites&quot;:[],&quot;passes&quot;:[],&quot;failures&quot;:[&quot;b79ebfbc-fe8b-4c88-b1f2-ac1c7a13f7e5&quot;,&quot;741a6aef-2c6a-4dfd-888e-ab1de1a14f3a&quot;,&quot;135c829d-5534-4120-bf44-fac9932d263d&quot;,&quot;83a2d3f0-f24b-4fac-89e5-08e6ccc4c3a5&quot;,&quot;083eb62e-da3d-48cf-b60b-4e1b28d739a9&quot;,&quot;fdb4d925-0a24-4b77-b9a7-db9776d8c174&quot;,&quot;f64fac7c-29b4-420b-946a-9c5a117f2699&quot;,&quot;1877e3f9-4c1c-46d0-83c1-43c423017370&quot;,&quot;672ef20d-1491-46cf-8d2d-21e0409cbbe4&quot;,&quot;64c562d5-284a-44c6-82cd-23ef2fcc44a8&quot;,&quot;15e6ecb9-5f66-42b2-bebc-c7adea4b843b&quot;,&quot;6838b519-c2a5-4a5d-b7cc-ca1658ac058b&quot;,&quot;102a42bc-1b2e-4bad-b6f9-7057c62c173b&quot;,&quot;01fb9488-ff1f-4838-ae1d-b68e8243514f&quot;,&quot;c5134f13-a6c4-46dd-a1eb-1875a935b50f&quot;,&quot;322bd649-0590-48b2-9e86-ea049647d13c&quot;,&quot;bad0ff4c-ceca-41f5-b8c0-c7dd86936a74&quot;,&quot;b5e8aa4e-34d7-4cf0-bc7d-98174c8c5b12&quot;,&quot;1030ed39-0c92-466f-ab97-64190c525adc&quot;,&quot;0fc6fb3f-a618-445a-bf5d-6add0f0bac2f&quot;,&quot;bd0c8171-eec2-460c-8016-92873b60d9a9&quot;,&quot;784bbff9-77a5-4dbf-933d-9aa515aae67e&quot;,&quot;aab7b347-8a7e-4836-ae17-482ca6bea6ee&quot;,&quot;63dbd09b-87fd-47bb-b0a3-0e63024355c5&quot;,&quot;4de4a982-69eb-4c8b-9796-95ddb4212ced&quot;,&quot;f2a6e6b7-50d6-4316-b4f3-bdce8420e54e&quot;],&quot;pending&quot;:[],&quot;skipped&quot;:[],&quot;duration&quot;:172147,&quot;root&quot;:false,&quot;rootEmpty&quot;:false,&quot;_timeout&quot;:2000}],&quot;passes&quot;:[],&quot;failures&quot;:[],&quot;pending&quot;:[],&quot;skipped&quot;:[],&quot;duration&quot;:0,&quot;root&quot;:true,&quot;rootEmpty&quot;:true,&quot;_timeout&quot;:2000}],&quot;meta&quot;:{&quot;mocha&quot;:{&quot;version&quot;:&quot;7.0.1&quot;},&quot;mochawesome&quot;:{&quot;options&quot;:{&quot;quiet&quot;:false,&quot;reportFilename&quot;:&quot;mochawesome&quot;,&quot;saveHtml&quot;:true,&quot;saveJson&quot;:false,&quot;consoleReporter&quot;:&quot;spec&quot;,&quot;useInlineDiffs&quot;:false,&quot;code&quot;:true},&quot;version&quot;:&quot;7.1.3&quot;},&quot;marge&quot;:{&quot;options&quot;:{&quot;charts&quot;:true,&quot;overwrite&quot;:true,&quot;html&quot;:true,&quot;json&quot;:false,&quot;timestamp&quot;:&quot;mmddyyyy_HHMMss&quot;,&quot;reportDir&quot;:&quot;cypress/report/SWE_Reports_number_Success_fail&quot;},&quot;version&quot;:&quot;6.2.0&quot;}}}" data-config="{&quot;reportFilename&quot;:&quot;mochawesome&quot;,&quot;reportDir&quot;:&quot;cypress/report/SWE_Reports_number_Success_fail&quot;,&quot;reportTitle&quot;:&quot;CypressAutomation&quot;,&quot;reportPageTitle&quot;:&quot;Mochawesome Report&quot;,&quot;inline&quot;:false,&quot;inlineAssets&quot;:false,&quot;cdn&quot;:false,&quot;charts&quot;:true,&quot;enableCharts&quot;:true,&quot;code&quot;:true,&quot;enableCode&quot;:true,&quot;autoOpen&quot;:false,&quot;overwrite&quot;:true,&quot;timestamp&quot;:&quot;mmddyyyy_HHMMss&quot;,&quot;ts&quot;:&quot;mmddyyyy_HHMMss&quot;,&quot;showPassed&quot;:true,&quot;showFailed&quot;:true,&quot;showPending&quot;:true,&quot;showSkipped&quot;:false,&quot;showHooks&quot;:&quot;failed&quot;,&quot;saveJson&quot;:false,&quot;saveHtml&quot;:true,&quot;dev&quot;:false,&quot;assetsDir&quot;:&quot;cypress/report/SWE_Reports_number_Success_fail/assets&quot;,&quot;htmlFile&quot;:&quot;/home/karimmahmoud/Desktop/CypressAutomation/cypress/report/SWE_Reports_number_Success_fail/mochawesome_12242022_170506.html&quot;}"><div id="report"></div><script src="assets/app.js"></script></body></html>