<!doctype html>
<html lang="en"><head><meta charSet="utf-8"/><meta http-equiv="X-UA-Compatible" content="IE=edge"/><meta name="viewport" content="width=device-width, initial-scale=1"/><title>Mochawesome Report</title><link rel="stylesheet" href="assets/app.css"/></head><body data-raw="{&quot;stats&quot;:{&quot;suites&quot;:1,&quot;tests&quot;:27,&quot;passes&quot;:0,&quot;pending&quot;:0,&quot;failures&quot;:27,&quot;start&quot;:&quot;2022-12-24T15:13:17.200Z&quot;,&quot;end&quot;:&quot;2022-12-24T15:16:21.014Z&quot;,&quot;duration&quot;:183814,&quot;testsRegistered&quot;:27,&quot;passPercent&quot;:0,&quot;pendingPercent&quot;:0,&quot;other&quot;:0,&quot;hasOther&quot;:false,&quot;skipped&quot;:0,&quot;hasSkipped&quot;:false},&quot;results&quot;:[{&quot;uuid&quot;:&quot;633a0c6e-dcba-41c2-8af7-29ab34cc07a6&quot;,&quot;title&quot;:&quot;&quot;,&quot;fullFile&quot;:&quot;cypress/e2e/SWE_PROJECT/UserProfileActions/userProfile.cy.js&quot;,&quot;file&quot;:&quot;cypress/e2e/SWE_PROJECT/UserProfileActions/userProfile.cy.js&quot;,&quot;beforeHooks&quot;:[],&quot;afterHooks&quot;:[],&quot;tests&quot;:[],&quot;suites&quot;:[{&quot;uuid&quot;:&quot;0db545ea-0f36-459d-b1bd-6dc4c998494f&quot;,&quot;title&quot;:&quot;Test user profile page&quot;,&quot;fullFile&quot;:&quot;&quot;,&quot;file&quot;:&quot;&quot;,&quot;beforeHooks&quot;:[],&quot;afterHooks&quot;:[],&quot;tests&quot;:[{&quot;title&quot;:&quot;Check opening (OVERVIEW) page&quot;,&quot;fullTitle&quot;:&quot;Test user profile page Check opening (OVERVIEW) page&quot;,&quot;duration&quot;:7776,&quot;state&quot;:&quot;failed&quot;,&quot;pass&quot;:false,&quot;fail&quot;:true,&quot;pending&quot;:false,&quot;code&quot;:&quot;cov_2334rj487x().f[2]++;\nconst userProfile = (cov_2334rj487x().s[5]++, new _PageObjects_UserProfileObjects_userProfileObject__WEBPACK_IMPORTED_MODULE_0__[\&quot;default\&quot;]());\ncov_2334rj487x().s[6]++;\nuserProfile.overview();\ncov_2334rj487x().s[7]++;\nuserProfile.overviewPage();&quot;,&quot;err&quot;:{&quot;message&quot;:&quot;AssertionError: Timed out retrying after 4000ms: Expected to find element: `#viewed-profile-link-overview`, but never found it.&quot;,&quot;estack&quot;:&quot;AssertionError: Timed out retrying after 4000ms: Expected to find element: `#viewed-profile-link-overview`, but never found it.\n    at userProfileObject.overview (webpack:///./cypress/e2e/SWE_PROJECT/PageObjects/UserProfileObjects/userProfileObject.js:9:11)\n    at Context.eval (webpack:///./cypress/e2e/SWE_PROJECT/UserProfileActions/userProfile.cy.js:18:16)&quot;},&quot;uuid&quot;:&quot;bbbfb38b-f7ef-4dd3-9a8e-226f50d5a72e&quot;,&quot;parentUUID&quot;:&quot;0db545ea-0f36-459d-b1bd-6dc4c998494f&quot;,&quot;isHook&quot;:false,&quot;skipped&quot;:false},{&quot;title&quot;:&quot;Check opening (POSTS) page&quot;,&quot;fullTitle&quot;:&quot;Test user profile page Check opening (POSTS) page&quot;,&quot;duration&quot;:8036,&quot;state&quot;:&quot;failed&quot;,&quot;pass&quot;:false,&quot;fail&quot;:true,&quot;pending&quot;:false,&quot;code&quot;:&quot;cov_2334rj487x().f[3]++;\nconst userProfile = (cov_2334rj487x().s[9]++, new _PageObjects_UserProfileObjects_userProfileObject__WEBPACK_IMPORTED_MODULE_0__[\&quot;default\&quot;]());\ncov_2334rj487x().s[10]++;\nuserProfile.posts();\ncov_2334rj487x().s[11]++;\nuserProfile.postsPage();&quot;,&quot;err&quot;:{&quot;message&quot;:&quot;AssertionError: Timed out retrying after 4000ms: Expected to find element: `#viewed-profile-link-Posts`, but never found it.&quot;,&quot;estack&quot;:&quot;AssertionError: Timed out retrying after 4000ms: Expected to find element: `#viewed-profile-link-Posts`, but never found it.\n    at userProfileObject.posts (webpack:///./cypress/e2e/SWE_PROJECT/PageObjects/UserProfileObjects/userProfileObject.js:16:11)\n    at Context.eval (webpack:///./cypress/e2e/SWE_PROJECT/UserProfileActions/userProfile.cy.js:24:16)&quot;},&quot;uuid&quot;:&quot;18689ce0-d620-4e62-96cc-95f3d130fc11&quot;,&quot;parentUUID&quot;:&quot;0db545ea-0f36-459d-b1bd-6dc4c998494f&quot;,&quot;isHook&quot;:false,&quot;skipped&quot;:false},{&quot;title&quot;:&quot;Check opening (COMMENTS) page&quot;,&quot;fullTitle&quot;:&quot;Test user profile page Check opening (COMMENTS) page&quot;,&quot;duration&quot;:8160,&quot;state&quot;:&quot;failed&quot;,&quot;pass&quot;:false,&quot;fail&quot;:true,&quot;pending&quot;:false,&quot;code&quot;:&quot;cov_2334rj487x().f[4]++;\nconst userProfile = (cov_2334rj487x().s[13]++, new _PageObjects_UserProfileObjects_userProfileObject__WEBPACK_IMPORTED_MODULE_0__[\&quot;default\&quot;]());\ncov_2334rj487x().s[14]++;\nuserProfile.comments();\ncov_2334rj487x().s[15]++;\nuserProfile.commentsPage();&quot;,&quot;err&quot;:{&quot;message&quot;:&quot;AssertionError: Timed out retrying after 4000ms: Expected to find element: `#viewed-profile-link-Comments`, but never found it.&quot;,&quot;estack&quot;:&quot;AssertionError: Timed out retrying after 4000ms: Expected to find element: `#viewed-profile-link-Comments`, but never found it.\n    at userProfileObject.comments (webpack:///./cypress/e2e/SWE_PROJECT/PageObjects/UserProfileObjects/userProfileObject.js:22:11)\n    at Context.eval (webpack:///./cypress/e2e/SWE_PROJECT/UserProfileActions/userProfile.cy.js:30:16)&quot;},&quot;uuid&quot;:&quot;13bcf9a9-8edb-42fe-8f46-2578de730dcd&quot;,&quot;parentUUID&quot;:&quot;0db545ea-0f36-459d-b1bd-6dc4c998494f&quot;,&quot;isHook&quot;:false,&quot;skipped&quot;:false},{&quot;title&quot;:&quot;Check opening (HISTORY) page&quot;,&quot;fullTitle&quot;:&quot;Test user profile page Check opening (HISTORY) page&quot;,&quot;duration&quot;:6452,&quot;state&quot;:&quot;failed&quot;,&quot;pass&quot;:false,&quot;fail&quot;:true,&quot;pending&quot;:false,&quot;code&quot;:&quot;cov_2334rj487x().f[5]++;\nconst userProfile = (cov_2334rj487x().s[17]++, new _PageObjects_UserProfileObjects_userProfileObject__WEBPACK_IMPORTED_MODULE_0__[\&quot;default\&quot;]());\ncov_2334rj487x().s[18]++;\nuserProfile.history();\ncov_2334rj487x().s[19]++;\nuserProfile.historyPage();&quot;,&quot;err&quot;:{&quot;message&quot;:&quot;AssertionError: Timed out retrying after 4000ms: Expected to find element: `#viewed-profile-link-history`, but never found it.&quot;,&quot;estack&quot;:&quot;AssertionError: Timed out retrying after 4000ms: Expected to find element: `#viewed-profile-link-history`, but never found it.\n    at userProfileObject.history (webpack:///./cypress/e2e/SWE_PROJECT/PageObjects/UserProfileObjects/userProfileObject.js:28:11)\n    at Context.eval (webpack:///./cypress/e2e/SWE_PROJECT/UserProfileActions/userProfile.cy.js:36:16)&quot;},&quot;uuid&quot;:&quot;67ff2e29-3f0d-4478-8eea-2c77a5605336&quot;,&quot;parentUUID&quot;:&quot;0db545ea-0f36-459d-b1bd-6dc4c998494f&quot;,&quot;isHook&quot;:false,&quot;skipped&quot;:false},{&quot;title&quot;:&quot;Check opening (HIDDEN) page&quot;,&quot;fullTitle&quot;:&quot;Test user profile page Check opening (HIDDEN) page&quot;,&quot;duration&quot;:6041,&quot;state&quot;:&quot;failed&quot;,&quot;pass&quot;:false,&quot;fail&quot;:true,&quot;pending&quot;:false,&quot;code&quot;:&quot;cov_2334rj487x().f[6]++;\nconst userProfile = (cov_2334rj487x().s[21]++, new _PageObjects_UserProfileObjects_userProfileObject__WEBPACK_IMPORTED_MODULE_0__[\&quot;default\&quot;]());\ncov_2334rj487x().s[22]++;\nuserProfile.hidden();\ncov_2334rj487x().s[23]++;\nuserProfile.hiddenPage();&quot;,&quot;err&quot;:{&quot;message&quot;:&quot;AssertionError: Timed out retrying after 4000ms: Expected to find element: `#viewed-profile-link-hidden`, but never found it.&quot;,&quot;estack&quot;:&quot;AssertionError: Timed out retrying after 4000ms: Expected to find element: `#viewed-profile-link-hidden`, but never found it.\n    at userProfileObject.hidden (webpack:///./cypress/e2e/SWE_PROJECT/PageObjects/UserProfileObjects/userProfileObject.js:34:11)\n    at Context.eval (webpack:///./cypress/e2e/SWE_PROJECT/UserProfileActions/userProfile.cy.js:42:16)&quot;},&quot;uuid&quot;:&quot;3efd79c8-7d3f-459e-99b5-378ec2846094&quot;,&quot;parentUUID&quot;:&quot;0db545ea-0f36-459d-b1bd-6dc4c998494f&quot;,&quot;isHook&quot;:false,&quot;skipped&quot;:false},{&quot;title&quot;:&quot;Check opening (SAVED) page&quot;,&quot;fullTitle&quot;:&quot;Test user profile page Check opening (SAVED) page&quot;,&quot;duration&quot;:7927,&quot;state&quot;:&quot;failed&quot;,&quot;pass&quot;:false,&quot;fail&quot;:true,&quot;pending&quot;:false,&quot;code&quot;:&quot;cov_2334rj487x().f[7]++;\nconst userProfile = (cov_2334rj487x().s[25]++, new _PageObjects_UserProfileObjects_userProfileObject__WEBPACK_IMPORTED_MODULE_0__[\&quot;default\&quot;]());\ncov_2334rj487x().s[26]++;\nuserProfile.saved();\ncov_2334rj487x().s[27]++;\nuserProfile.savedPage();&quot;,&quot;err&quot;:{&quot;message&quot;:&quot;AssertionError: Timed out retrying after 4000ms: Expected to find element: `#viewed-profile-link-saved`, but never found it.&quot;,&quot;estack&quot;:&quot;AssertionError: Timed out retrying after 4000ms: Expected to find element: `#viewed-profile-link-saved`, but never found it.\n    at userProfileObject.saved (webpack:///./cypress/e2e/SWE_PROJECT/PageObjects/UserProfileObjects/userProfileObject.js:40:11)\n    at Context.eval (webpack:///./cypress/e2e/SWE_PROJECT/UserProfileActions/userProfile.cy.js:48:16)&quot;},&quot;uuid&quot;:&quot;d9600fdb-4bdc-4e67-827e-8915277addf3&quot;,&quot;parentUUID&quot;:&quot;0db545ea-0f36-459d-b1bd-6dc4c998494f&quot;,&quot;isHook&quot;:false,&quot;skipped&quot;:false},{&quot;title&quot;:&quot;Check opening (UPvoted) page&quot;,&quot;fullTitle&quot;:&quot;Test user profile page Check opening (UPvoted) page&quot;,&quot;duration&quot;:6249,&quot;state&quot;:&quot;failed&quot;,&quot;pass&quot;:false,&quot;fail&quot;:true,&quot;pending&quot;:false,&quot;code&quot;:&quot;cov_2334rj487x().f[8]++;\nconst userProfile = (cov_2334rj487x().s[29]++, new _PageObjects_UserProfileObjects_userProfileObject__WEBPACK_IMPORTED_MODULE_0__[\&quot;default\&quot;]());\ncov_2334rj487x().s[30]++;\nuserProfile.upvoted();\ncov_2334rj487x().s[31]++;\nuserProfile.upvotedPage();&quot;,&quot;err&quot;:{&quot;message&quot;:&quot;AssertionError: Timed out retrying after 4000ms: Expected to find element: `#viewed-profile-link-upvoted`, but never found it.&quot;,&quot;estack&quot;:&quot;AssertionError: Timed out retrying after 4000ms: Expected to find element: `#viewed-profile-link-upvoted`, but never found it.\n    at userProfileObject.upvoted (webpack:///./cypress/e2e/SWE_PROJECT/PageObjects/UserProfileObjects/userProfileObject.js:46:11)\n    at Context.eval (webpack:///./cypress/e2e/SWE_PROJECT/UserProfileActions/userProfile.cy.js:54:16)&quot;},&quot;uuid&quot;:&quot;c6a675bb-6d1c-46e9-bdff-022fa5e01958&quot;,&quot;parentUUID&quot;:&quot;0db545ea-0f36-459d-b1bd-6dc4c998494f&quot;,&quot;isHook&quot;:false,&quot;skipped&quot;:false},{&quot;title&quot;:&quot;Check opening (DOWNVOTED) page&quot;,&quot;fullTitle&quot;:&quot;Test user profile page Check opening (DOWNVOTED) page&quot;,&quot;duration&quot;:7589,&quot;state&quot;:&quot;failed&quot;,&quot;pass&quot;:false,&quot;fail&quot;:true,&quot;pending&quot;:false,&quot;code&quot;:&quot;cov_2334rj487x().f[9]++;\nconst userProfile = (cov_2334rj487x().s[33]++, new _PageObjects_UserProfileObjects_userProfileObject__WEBPACK_IMPORTED_MODULE_0__[\&quot;default\&quot;]());\ncov_2334rj487x().s[34]++;\nuserProfile.downvoted();\ncov_2334rj487x().s[35]++;\nuserProfile.downvotedPage();&quot;,&quot;err&quot;:{&quot;message&quot;:&quot;AssertionError: Timed out retrying after 4000ms: Expected to find element: `#viewed-profile-link-Down voted`, but never found it.&quot;,&quot;estack&quot;:&quot;AssertionError: Timed out retrying after 4000ms: Expected to find element: `#viewed-profile-link-Down voted`, but never found it.\n    at userProfileObject.downvoted (webpack:///./cypress/e2e/SWE_PROJECT/PageObjects/UserProfileObjects/userProfileObject.js:52:11)\n    at Context.eval (webpack:///./cypress/e2e/SWE_PROJECT/UserProfileActions/userProfile.cy.js:60:16)&quot;},&quot;uuid&quot;:&quot;e9847bb0-724c-4a8e-bcc6-0242d38a7350&quot;,&quot;parentUUID&quot;:&quot;0db545ea-0f36-459d-b1bd-6dc4c998494f&quot;,&quot;isHook&quot;:false,&quot;skipped&quot;:false},{&quot;title&quot;:&quot;Check opening (AWARDS RECEIVED) page&quot;,&quot;fullTitle&quot;:&quot;Test user profile page Check opening (AWARDS RECEIVED) page&quot;,&quot;duration&quot;:9288,&quot;state&quot;:&quot;failed&quot;,&quot;pass&quot;:false,&quot;fail&quot;:true,&quot;pending&quot;:false,&quot;code&quot;:&quot;cov_2334rj487x().f[10]++;\nconst userProfile = (cov_2334rj487x().s[37]++, new _PageObjects_UserProfileObjects_userProfileObject__WEBPACK_IMPORTED_MODULE_0__[\&quot;default\&quot;]());\ncov_2334rj487x().s[38]++;\nuserProfile.awardsReceived();\ncov_2334rj487x().s[39]++;\nuserProfile.awardsReceivedPage();&quot;,&quot;err&quot;:{&quot;message&quot;:&quot;AssertionError: Timed out retrying after 4000ms: Expected to find element: `#viewed-profile-link-awards received`, but never found it.&quot;,&quot;estack&quot;:&quot;AssertionError: Timed out retrying after 4000ms: Expected to find element: `#viewed-profile-link-awards received`, but never found it.\n    at userProfileObject.awardsReceived (webpack:///./cypress/e2e/SWE_PROJECT/PageObjects/UserProfileObjects/userProfileObject.js:58:11)\n    at Context.eval (webpack:///./cypress/e2e/SWE_PROJECT/UserProfileActions/userProfile.cy.js:66:16)&quot;},&quot;uuid&quot;:&quot;b12d65c7-9a8e-46db-83ce-37682e06122b&quot;,&quot;parentUUID&quot;:&quot;0db545ea-0f36-459d-b1bd-6dc4c998494f&quot;,&quot;isHook&quot;:false,&quot;skipped&quot;:false},{&quot;title&quot;:&quot;Check opening (AWARDS GIVEN) page&quot;,&quot;fullTitle&quot;:&quot;Test user profile page Check opening (AWARDS GIVEN) page&quot;,&quot;duration&quot;:6247,&quot;state&quot;:&quot;failed&quot;,&quot;pass&quot;:false,&quot;fail&quot;:true,&quot;pending&quot;:false,&quot;code&quot;:&quot;cov_2334rj487x().f[11]++;\nconst userProfile = (cov_2334rj487x().s[41]++, new _PageObjects_UserProfileObjects_userProfileObject__WEBPACK_IMPORTED_MODULE_0__[\&quot;default\&quot;]());\ncov_2334rj487x().s[42]++;\nuserProfile.awardsGiven();\ncov_2334rj487x().s[43]++;\nuserProfile.awardsGivenPage();&quot;,&quot;err&quot;:{&quot;message&quot;:&quot;AssertionError: Timed out retrying after 4000ms: Expected to find element: `#viewed-profile-link-awards given`, but never found it.&quot;,&quot;estack&quot;:&quot;AssertionError: Timed out retrying after 4000ms: Expected to find element: `#viewed-profile-link-awards given`, but never found it.\n    at userProfileObject.awardsGiven (webpack:///./cypress/e2e/SWE_PROJECT/PageObjects/UserProfileObjects/userProfileObject.js:64:11)\n    at Context.eval (webpack:///./cypress/e2e/SWE_PROJECT/UserProfileActions/userProfile.cy.js:72:16)&quot;},&quot;uuid&quot;:&quot;aff0e6cd-66f2-4146-80ed-797030413baf&quot;,&quot;parentUUID&quot;:&quot;0db545ea-0f36-459d-b1bd-6dc4c998494f&quot;,&quot;isHook&quot;:false,&quot;skipped&quot;:false},{&quot;title&quot;:&quot;Check opening (create post) page&quot;,&quot;fullTitle&quot;:&quot;Test user profile page Check opening (create post) page&quot;,&quot;duration&quot;:5631,&quot;state&quot;:&quot;failed&quot;,&quot;pass&quot;:false,&quot;fail&quot;:true,&quot;pending&quot;:false,&quot;code&quot;:&quot;cov_2334rj487x().f[12]++;\nconst userProfile = (cov_2334rj487x().s[45]++, new _PageObjects_UserProfileObjects_userProfileObject__WEBPACK_IMPORTED_MODULE_0__[\&quot;default\&quot;]());\ncov_2334rj487x().s[46]++;\nuserProfile.newPost();\ncov_2334rj487x().s[47]++;\nuserProfile.createPostPage();&quot;,&quot;err&quot;:{&quot;message&quot;:&quot;AssertionError: Timed out retrying after 4000ms: Expected to find element: `#profile-new-post`, but never found it.&quot;,&quot;estack&quot;:&quot;AssertionError: Timed out retrying after 4000ms: Expected to find element: `#profile-new-post`, but never found it.\n    at userProfileObject.newPost (webpack:///./cypress/e2e/SWE_PROJECT/PageObjects/UserProfileObjects/userProfileObject.js:127:11)\n    at Context.eval (webpack:///./cypress/e2e/SWE_PROJECT/UserProfileActions/userProfile.cy.js:78:16)&quot;},&quot;uuid&quot;:&quot;f0700d69-bfc2-451e-b714-66b405d03439&quot;,&quot;parentUUID&quot;:&quot;0db545ea-0f36-459d-b1bd-6dc4c998494f&quot;,&quot;isHook&quot;:false,&quot;skipped&quot;:false},{&quot;title&quot;:&quot;Check opening (settings) page&quot;,&quot;fullTitle&quot;:&quot;Test user profile page Check opening (settings) page&quot;,&quot;duration&quot;:5681,&quot;state&quot;:&quot;failed&quot;,&quot;pass&quot;:false,&quot;fail&quot;:true,&quot;pending&quot;:false,&quot;code&quot;:&quot;cov_2334rj487x().f[13]++;\nconst userProfile = (cov_2334rj487x().s[49]++, new _PageObjects_UserProfileObjects_userProfileObject__WEBPACK_IMPORTED_MODULE_0__[\&quot;default\&quot;]());\ncov_2334rj487x().s[50]++;\nuserProfile.goSettings();\ncov_2334rj487x().s[51]++;\nuserProfile.settingsPage();&quot;,&quot;err&quot;:{&quot;message&quot;:&quot;AssertionError: Timed out retrying after 4000ms: Expected to find element: `#profile-settings-icon-card`, but never found it.&quot;,&quot;estack&quot;:&quot;AssertionError: Timed out retrying after 4000ms: Expected to find element: `#profile-settings-icon-card`, but never found it.\n    at userProfileObject.goSettings (webpack:///./cypress/e2e/SWE_PROJECT/PageObjects/UserProfileObjects/userProfileObject.js:138:11)\n    at Context.eval (webpack:///./cypress/e2e/SWE_PROJECT/UserProfileActions/userProfile.cy.js:84:16)&quot;},&quot;uuid&quot;:&quot;a904ea0b-2775-40de-8383-deef51ed58ac&quot;,&quot;parentUUID&quot;:&quot;0db545ea-0f36-459d-b1bd-6dc4c998494f&quot;,&quot;isHook&quot;:false,&quot;skipped&quot;:false},{&quot;title&quot;:&quot;Check opening (Home) page&quot;,&quot;fullTitle&quot;:&quot;Test user profile page Check opening (Home) page&quot;,&quot;duration&quot;:6142,&quot;state&quot;:&quot;failed&quot;,&quot;pass&quot;:false,&quot;fail&quot;:true,&quot;pending&quot;:false,&quot;code&quot;:&quot;cov_2334rj487x().f[14]++;\nconst userProfile = (cov_2334rj487x().s[53]++, new _PageObjects_UserProfileObjects_userProfileObject__WEBPACK_IMPORTED_MODULE_0__[\&quot;default\&quot;]());\ncov_2334rj487x().s[54]++;\nuserProfile.goHome();\ncov_2334rj487x().s[55]++;\nuserProfile.HomePage();&quot;,&quot;err&quot;:{&quot;message&quot;:&quot;AssertionError: Timed out retrying after 4000ms: expected &#x27;https://www.read-it.live/main&#x27; to equal &#x27;http://localhost/main&#x27;&quot;,&quot;estack&quot;:&quot;AssertionError: Timed out retrying after 4000ms: expected &#x27;https://www.read-it.live/main&#x27; to equal &#x27;http://localhost/main&#x27;\n    at userProfileObject.HomePage (webpack:///./cypress/e2e/SWE_PROJECT/PageObjects/UserProfileObjects/userProfileObject.js:154:9)\n    at Context.eval (webpack:///./cypress/e2e/SWE_PROJECT/UserProfileActions/userProfile.cy.js:91:16)&quot;,&quot;diff&quot;:&quot;- &#x27;https://www.read-it.live/main&#x27;\n+ &#x27;http://localhost/main&#x27;\n&quot;},&quot;uuid&quot;:&quot;fc730d1e-179a-4e45-adb9-9040bf47186c&quot;,&quot;parentUUID&quot;:&quot;0db545ea-0f36-459d-b1bd-6dc4c998494f&quot;,&quot;isHook&quot;:false,&quot;skipped&quot;:false},{&quot;title&quot;:&quot;View more options in right side bar&quot;,&quot;fullTitle&quot;:&quot;Test user profile page View more options in right side bar&quot;,&quot;duration&quot;:5613,&quot;state&quot;:&quot;failed&quot;,&quot;pass&quot;:false,&quot;fail&quot;:true,&quot;pending&quot;:false,&quot;code&quot;:&quot;cov_2334rj487x().f[15]++;\nconst userProfile = (cov_2334rj487x().s[57]++, new _PageObjects_UserProfileObjects_userProfileObject__WEBPACK_IMPORTED_MODULE_0__[\&quot;default\&quot;]());\ncov_2334rj487x().s[58]++;\nuserProfile.moreOptions();\n//?later: how to check that the options appeared?&quot;,&quot;err&quot;:{&quot;message&quot;:&quot;AssertionError: Timed out retrying after 4000ms: Expected to find element: `#more-options-button`, but never found it.&quot;,&quot;estack&quot;:&quot;AssertionError: Timed out retrying after 4000ms: Expected to find element: `#more-options-button`, but never found it.\n    at userProfileObject.moreOptions (webpack:///./cypress/e2e/SWE_PROJECT/PageObjects/UserProfileObjects/userProfileObject.js:193:11)\n    at Context.eval (webpack:///./cypress/e2e/SWE_PROJECT/UserProfileActions/userProfile.cy.js:98:16)&quot;},&quot;uuid&quot;:&quot;674f82b9-de4b-4efb-82db-c74f0f8df770&quot;,&quot;parentUUID&quot;:&quot;0db545ea-0f36-459d-b1bd-6dc4c998494f&quot;,&quot;isHook&quot;:false,&quot;skipped&quot;:false},{&quot;title&quot;:&quot;View more options in right side bar&quot;,&quot;fullTitle&quot;:&quot;Test user profile page View more options in right side bar&quot;,&quot;duration&quot;:5953,&quot;state&quot;:&quot;failed&quot;,&quot;pass&quot;:false,&quot;fail&quot;:true,&quot;pending&quot;:false,&quot;code&quot;:&quot;cov_2334rj487x().f[16]++;\nconst userProfile = (cov_2334rj487x().s[60]++, new _PageObjects_UserProfileObjects_userProfileObject__WEBPACK_IMPORTED_MODULE_0__[\&quot;default\&quot;]());\n//NOTE: to test (fewer options) you have to click on more options first\ncov_2334rj487x().s[61]++;\nuserProfile.moreOptions();\n//?later: how to check that the options appeared?\ncov_2334rj487x().s[62]++;\nuserProfile.fewerOptions();&quot;,&quot;err&quot;:{&quot;message&quot;:&quot;AssertionError: Timed out retrying after 4000ms: Expected to find element: `#more-options-button`, but never found it.&quot;,&quot;estack&quot;:&quot;AssertionError: Timed out retrying after 4000ms: Expected to find element: `#more-options-button`, but never found it.\n    at userProfileObject.moreOptions (webpack:///./cypress/e2e/SWE_PROJECT/PageObjects/UserProfileObjects/userProfileObject.js:193:11)\n    at Context.eval (webpack:///./cypress/e2e/SWE_PROJECT/UserProfileActions/userProfile.cy.js:105:16)&quot;},&quot;uuid&quot;:&quot;c9102ad6-af44-4895-865a-432c2891156d&quot;,&quot;parentUUID&quot;:&quot;0db545ea-0f36-459d-b1bd-6dc4c998494f&quot;,&quot;isHook&quot;:false,&quot;skipped&quot;:false},{&quot;title&quot;:&quot;Ability to find profile moderation option&quot;,&quot;fullTitle&quot;:&quot;Test user profile page Ability to find profile moderation option&quot;,&quot;duration&quot;:6025,&quot;state&quot;:&quot;failed&quot;,&quot;pass&quot;:false,&quot;fail&quot;:true,&quot;pending&quot;:false,&quot;code&quot;:&quot;cov_2334rj487x().f[17]++;\nconst userProfile = (cov_2334rj487x().s[64]++, new _PageObjects_UserProfileObjects_userProfileObject__WEBPACK_IMPORTED_MODULE_0__[\&quot;default\&quot;]());\ncov_2334rj487x().s[65]++;\nuserProfile.moreOptions();\ncov_2334rj487x().s[66]++;\nuserProfile.profileModeration();&quot;,&quot;err&quot;:{&quot;message&quot;:&quot;AssertionError: Timed out retrying after 4000ms: Expected to find element: `#more-options-button`, but never found it.&quot;,&quot;estack&quot;:&quot;AssertionError: Timed out retrying after 4000ms: Expected to find element: `#more-options-button`, but never found it.\n    at userProfileObject.moreOptions (webpack:///./cypress/e2e/SWE_PROJECT/PageObjects/UserProfileObjects/userProfileObject.js:193:11)\n    at Context.eval (webpack:///./cypress/e2e/SWE_PROJECT/UserProfileActions/userProfile.cy.js:112:16)&quot;},&quot;uuid&quot;:&quot;eb829471-a8cb-4768-b3a2-db000b81d675&quot;,&quot;parentUUID&quot;:&quot;0db545ea-0f36-459d-b1bd-6dc4c998494f&quot;,&quot;isHook&quot;:false,&quot;skipped&quot;:false},{&quot;title&quot;:&quot;Ability to find  add to custom feed option&quot;,&quot;fullTitle&quot;:&quot;Test user profile page Ability to find  add to custom feed option&quot;,&quot;duration&quot;:6299,&quot;state&quot;:&quot;failed&quot;,&quot;pass&quot;:false,&quot;fail&quot;:true,&quot;pending&quot;:false,&quot;code&quot;:&quot;cov_2334rj487x().f[18]++;\nconst userProfile = (cov_2334rj487x().s[68]++, new _PageObjects_UserProfileObjects_userProfileObject__WEBPACK_IMPORTED_MODULE_0__[\&quot;default\&quot;]());\ncov_2334rj487x().s[69]++;\nuserProfile.moreOptions();\ncov_2334rj487x().s[70]++;\nuserProfile.addCustomFeed();&quot;,&quot;err&quot;:{&quot;message&quot;:&quot;AssertionError: Timed out retrying after 4000ms: Expected to find element: `#more-options-button`, but never found it.&quot;,&quot;estack&quot;:&quot;AssertionError: Timed out retrying after 4000ms: Expected to find element: `#more-options-button`, but never found it.\n    at userProfileObject.moreOptions (webpack:///./cypress/e2e/SWE_PROJECT/PageObjects/UserProfileObjects/userProfileObject.js:193:11)\n    at Context.eval (webpack:///./cypress/e2e/SWE_PROJECT/UserProfileActions/userProfile.cy.js:118:16)&quot;},&quot;uuid&quot;:&quot;e3cf4eea-30ba-4d38-8068-6a4540a3f04e&quot;,&quot;parentUUID&quot;:&quot;0db545ea-0f36-459d-b1bd-6dc4c998494f&quot;,&quot;isHook&quot;:false,&quot;skipped&quot;:false},{&quot;title&quot;:&quot;Ability to find  invite someone to chat option&quot;,&quot;fullTitle&quot;:&quot;Test user profile page Ability to find  invite someone to chat option&quot;,&quot;duration&quot;:7488,&quot;state&quot;:&quot;failed&quot;,&quot;pass&quot;:false,&quot;fail&quot;:true,&quot;pending&quot;:false,&quot;code&quot;:&quot;cov_2334rj487x().f[19]++;\nconst userProfile = (cov_2334rj487x().s[72]++, new _PageObjects_UserProfileObjects_userProfileObject__WEBPACK_IMPORTED_MODULE_0__[\&quot;default\&quot;]());\ncov_2334rj487x().s[73]++;\nuserProfile.moreOptions();\ncov_2334rj487x().s[74]++;\nuserProfile.inviteSomeoneToChat();&quot;,&quot;err&quot;:{&quot;message&quot;:&quot;AssertionError: Timed out retrying after 4000ms: Expected to find element: `#more-options-button`, but never found it.&quot;,&quot;estack&quot;:&quot;AssertionError: Timed out retrying after 4000ms: Expected to find element: `#more-options-button`, but never found it.\n    at userProfileObject.moreOptions (webpack:///./cypress/e2e/SWE_PROJECT/PageObjects/UserProfileObjects/userProfileObject.js:193:11)\n    at Context.eval (webpack:///./cypress/e2e/SWE_PROJECT/UserProfileActions/userProfile.cy.js:124:16)&quot;},&quot;uuid&quot;:&quot;07b8353b-9f42-4af4-b7e8-2896b06f38a6&quot;,&quot;parentUUID&quot;:&quot;0db545ea-0f36-459d-b1bd-6dc4c998494f&quot;,&quot;isHook&quot;:false,&quot;skipped&quot;:false},{&quot;title&quot;:&quot;Check profile moderation option&quot;,&quot;fullTitle&quot;:&quot;Test user profile page Check profile moderation option&quot;,&quot;duration&quot;:6463,&quot;state&quot;:&quot;failed&quot;,&quot;pass&quot;:false,&quot;fail&quot;:true,&quot;pending&quot;:false,&quot;code&quot;:&quot;cov_2334rj487x().f[20]++;\nconst userProfile = (cov_2334rj487x().s[76]++, new _PageObjects_UserProfileObjects_userProfileObject__WEBPACK_IMPORTED_MODULE_0__[\&quot;default\&quot;]());\ncov_2334rj487x().s[77]++;\nuserProfile.moreOptions();\ncov_2334rj487x().s[78]++;\nuserProfile.profileModeration();\ncov_2334rj487x().s[79]++;\nuserProfile.profileModerationPage();&quot;,&quot;err&quot;:{&quot;message&quot;:&quot;AssertionError: Timed out retrying after 4000ms: Expected to find element: `#more-options-button`, but never found it.&quot;,&quot;estack&quot;:&quot;AssertionError: Timed out retrying after 4000ms: Expected to find element: `#more-options-button`, but never found it.\n    at userProfileObject.moreOptions (webpack:///./cypress/e2e/SWE_PROJECT/PageObjects/UserProfileObjects/userProfileObject.js:193:11)\n    at Context.eval (webpack:///./cypress/e2e/SWE_PROJECT/UserProfileActions/userProfile.cy.js:130:16)&quot;},&quot;uuid&quot;:&quot;39d6d80a-1869-49a4-b40c-fde06e15c7a2&quot;,&quot;parentUUID&quot;:&quot;0db545ea-0f36-459d-b1bd-6dc4c998494f&quot;,&quot;isHook&quot;:false,&quot;skipped&quot;:false},{&quot;title&quot;:&quot;Check add to custom feed option&quot;,&quot;fullTitle&quot;:&quot;Test user profile page Check add to custom feed option&quot;,&quot;duration&quot;:6000,&quot;state&quot;:&quot;failed&quot;,&quot;pass&quot;:false,&quot;fail&quot;:true,&quot;pending&quot;:false,&quot;code&quot;:&quot;cov_2334rj487x().f[21]++;\nconst userProfile = (cov_2334rj487x().s[81]++, new _PageObjects_UserProfileObjects_userProfileObject__WEBPACK_IMPORTED_MODULE_0__[\&quot;default\&quot;]());\ncov_2334rj487x().s[82]++;\nuserProfile.moreOptions();\ncov_2334rj487x().s[83]++;\nuserProfile.addCustomFeed();\n//?later: check the responce after click on addToCustomFeed&quot;,&quot;err&quot;:{&quot;message&quot;:&quot;AssertionError: Timed out retrying after 4000ms: Expected to find element: `#more-options-button`, but never found it.&quot;,&quot;estack&quot;:&quot;AssertionError: Timed out retrying after 4000ms: Expected to find element: `#more-options-button`, but never found it.\n    at userProfileObject.moreOptions (webpack:///./cypress/e2e/SWE_PROJECT/PageObjects/UserProfileObjects/userProfileObject.js:193:11)\n    at Context.eval (webpack:///./cypress/e2e/SWE_PROJECT/UserProfileActions/userProfile.cy.js:137:16)&quot;},&quot;uuid&quot;:&quot;8667ec34-06b5-4941-9c74-7203a8bd10e9&quot;,&quot;parentUUID&quot;:&quot;0db545ea-0f36-459d-b1bd-6dc4c998494f&quot;,&quot;isHook&quot;:false,&quot;skipped&quot;:false},{&quot;title&quot;:&quot;Check invite someone to chat option&quot;,&quot;fullTitle&quot;:&quot;Test user profile page Check invite someone to chat option&quot;,&quot;duration&quot;:7507,&quot;state&quot;:&quot;failed&quot;,&quot;pass&quot;:false,&quot;fail&quot;:true,&quot;pending&quot;:false,&quot;code&quot;:&quot;cov_2334rj487x().f[22]++;\nconst userProfile = (cov_2334rj487x().s[85]++, new _PageObjects_UserProfileObjects_userProfileObject__WEBPACK_IMPORTED_MODULE_0__[\&quot;default\&quot;]());\ncov_2334rj487x().s[86]++;\nuserProfile.moreOptions();\ncov_2334rj487x().s[87]++;\nuserProfile.inviteSomeoneToChat();\ncov_2334rj487x().s[88]++;\nuserProfile.inviteSomeoneMsgSyntax();&quot;,&quot;err&quot;:{&quot;message&quot;:&quot;AssertionError: Timed out retrying after 4000ms: Expected to find element: `#more-options-button`, but never found it.&quot;,&quot;estack&quot;:&quot;AssertionError: Timed out retrying after 4000ms: Expected to find element: `#more-options-button`, but never found it.\n    at userProfileObject.moreOptions (webpack:///./cypress/e2e/SWE_PROJECT/PageObjects/UserProfileObjects/userProfileObject.js:193:11)\n    at Context.eval (webpack:///./cypress/e2e/SWE_PROJECT/UserProfileActions/userProfile.cy.js:144:16)&quot;},&quot;uuid&quot;:&quot;2c937044-1323-47d0-a564-01302e751a91&quot;,&quot;parentUUID&quot;:&quot;0db545ea-0f36-459d-b1bd-6dc4c998494f&quot;,&quot;isHook&quot;:false,&quot;skipped&quot;:false},{&quot;title&quot;:&quot;Check (x) in the message of invite someone to chat&quot;,&quot;fullTitle&quot;:&quot;Test user profile page Check (x) in the message of invite someone to chat&quot;,&quot;duration&quot;:5347,&quot;state&quot;:&quot;failed&quot;,&quot;pass&quot;:false,&quot;fail&quot;:true,&quot;pending&quot;:false,&quot;code&quot;:&quot;cov_2334rj487x().f[23]++;\nconst userProfile = (cov_2334rj487x().s[90]++, new _PageObjects_UserProfileObjects_userProfileObject__WEBPACK_IMPORTED_MODULE_0__[\&quot;default\&quot;]());\ncov_2334rj487x().s[91]++;\nuserProfile.moreOptions();\ncov_2334rj487x().s[92]++;\nuserProfile.inviteSomeoneToChat();\ncov_2334rj487x().s[93]++;\nuserProfile.inviteSomeoneMsgSyntax();\ncov_2334rj487x().s[94]++;\nuserProfile.msgCancelbyX();&quot;,&quot;err&quot;:{&quot;message&quot;:&quot;AssertionError: Timed out retrying after 4000ms: Expected to find element: `#more-options-button`, but never found it.&quot;,&quot;estack&quot;:&quot;AssertionError: Timed out retrying after 4000ms: Expected to find element: `#more-options-button`, but never found it.\n    at userProfileObject.moreOptions (webpack:///./cypress/e2e/SWE_PROJECT/PageObjects/UserProfileObjects/userProfileObject.js:193:11)\n    at Context.eval (webpack:///./cypress/e2e/SWE_PROJECT/UserProfileActions/userProfile.cy.js:151:16)&quot;},&quot;uuid&quot;:&quot;a7d7eac2-0edf-4bc9-a4a8-1d2404df65c5&quot;,&quot;parentUUID&quot;:&quot;0db545ea-0f36-459d-b1bd-6dc4c998494f&quot;,&quot;isHook&quot;:false,&quot;skipped&quot;:false},{&quot;title&quot;:&quot;Check syntax of (profile moderation) option&quot;,&quot;fullTitle&quot;:&quot;Test user profile page Check syntax of (profile moderation) option&quot;,&quot;duration&quot;:5328,&quot;state&quot;:&quot;failed&quot;,&quot;pass&quot;:false,&quot;fail&quot;:true,&quot;pending&quot;:false,&quot;code&quot;:&quot;cov_2334rj487x().f[24]++;\nconst userProfile = (cov_2334rj487x().s[96]++, new _PageObjects_UserProfileObjects_userProfileObject__WEBPACK_IMPORTED_MODULE_0__[\&quot;default\&quot;]());\ncov_2334rj487x().s[97]++;\nuserProfile.moreOptions();\ncov_2334rj487x().s[98]++;\nuserProfile.profileModerationSyntax();&quot;,&quot;err&quot;:{&quot;message&quot;:&quot;AssertionError: Timed out retrying after 4000ms: Expected to find element: `#more-options-button`, but never found it.&quot;,&quot;estack&quot;:&quot;AssertionError: Timed out retrying after 4000ms: Expected to find element: `#more-options-button`, but never found it.\n    at userProfileObject.moreOptions (webpack:///./cypress/e2e/SWE_PROJECT/PageObjects/UserProfileObjects/userProfileObject.js:193:11)\n    at Context.eval (webpack:///./cypress/e2e/SWE_PROJECT/UserProfileActions/userProfile.cy.js:159:16)&quot;},&quot;uuid&quot;:&quot;cb1e538f-0de2-48e4-8e1f-bb7f74b1781f&quot;,&quot;parentUUID&quot;:&quot;0db545ea-0f36-459d-b1bd-6dc4c998494f&quot;,&quot;isHook&quot;:false,&quot;skipped&quot;:false},{&quot;title&quot;:&quot;Check syntax of (add to custom feed) option&quot;,&quot;fullTitle&quot;:&quot;Test user profile page Check syntax of (add to custom feed) option&quot;,&quot;duration&quot;:7632,&quot;state&quot;:&quot;failed&quot;,&quot;pass&quot;:false,&quot;fail&quot;:true,&quot;pending&quot;:false,&quot;code&quot;:&quot;cov_2334rj487x().f[25]++;\nconst userProfile = (cov_2334rj487x().s[100]++, new _PageObjects_UserProfileObjects_userProfileObject__WEBPACK_IMPORTED_MODULE_0__[\&quot;default\&quot;]());\ncov_2334rj487x().s[101]++;\nuserProfile.moreOptions();\ncov_2334rj487x().s[102]++;\nuserProfile.addCustomFeedSyntax();&quot;,&quot;err&quot;:{&quot;message&quot;:&quot;AssertionError: Timed out retrying after 4000ms: Expected to find element: `#more-options-button`, but never found it.&quot;,&quot;estack&quot;:&quot;AssertionError: Timed out retrying after 4000ms: Expected to find element: `#more-options-button`, but never found it.\n    at userProfileObject.moreOptions (webpack:///./cypress/e2e/SWE_PROJECT/PageObjects/UserProfileObjects/userProfileObject.js:193:11)\n    at Context.eval (webpack:///./cypress/e2e/SWE_PROJECT/UserProfileActions/userProfile.cy.js:165:16)&quot;},&quot;uuid&quot;:&quot;7707dd63-5ab3-4899-8dfa-7f4c75d2500e&quot;,&quot;parentUUID&quot;:&quot;0db545ea-0f36-459d-b1bd-6dc4c998494f&quot;,&quot;isHook&quot;:false,&quot;skipped&quot;:false},{&quot;title&quot;:&quot;Check syntax of (invite someone to chat) option&quot;,&quot;fullTitle&quot;:&quot;Test user profile page Check syntax of (invite someone to chat) option&quot;,&quot;duration&quot;:7375,&quot;state&quot;:&quot;failed&quot;,&quot;pass&quot;:false,&quot;fail&quot;:true,&quot;pending&quot;:false,&quot;code&quot;:&quot;cov_2334rj487x().f[26]++;\nconst userProfile = (cov_2334rj487x().s[104]++, new _PageObjects_UserProfileObjects_userProfileObject__WEBPACK_IMPORTED_MODULE_0__[\&quot;default\&quot;]());\ncov_2334rj487x().s[105]++;\nuserProfile.moreOptions();\ncov_2334rj487x().s[106]++;\nuserProfile.inviteSomeoneToChatSyntax();&quot;,&quot;err&quot;:{&quot;message&quot;:&quot;AssertionError: Timed out retrying after 4000ms: Expected to find element: `#more-options-button`, but never found it.&quot;,&quot;estack&quot;:&quot;AssertionError: Timed out retrying after 4000ms: Expected to find element: `#more-options-button`, but never found it.\n    at userProfileObject.moreOptions (webpack:///./cypress/e2e/SWE_PROJECT/PageObjects/UserProfileObjects/userProfileObject.js:193:11)\n    at Context.eval (webpack:///./cypress/e2e/SWE_PROJECT/UserProfileActions/userProfile.cy.js:171:16)&quot;},&quot;uuid&quot;:&quot;6c1d197c-0169-4802-9e41-5ff4b5f40264&quot;,&quot;parentUUID&quot;:&quot;0db545ea-0f36-459d-b1bd-6dc4c998494f&quot;,&quot;isHook&quot;:false,&quot;skipped&quot;:false},{&quot;title&quot;:&quot;Join a community by pewssing (join) button&quot;,&quot;fullTitle&quot;:&quot;Test user profile page Join a community by pewssing (join) button&quot;,&quot;duration&quot;:5956,&quot;state&quot;:&quot;failed&quot;,&quot;pass&quot;:false,&quot;fail&quot;:true,&quot;pending&quot;:false,&quot;code&quot;:&quot;cov_2334rj487x().f[27]++;\nconst userProfile = (cov_2334rj487x().s[108]++, new _PageObjects_UserProfileObjects_userProfileObject__WEBPACK_IMPORTED_MODULE_0__[\&quot;default\&quot;]());\ncov_2334rj487x().s[109]++;\nuserProfile.joinAndUnjoin();\n//?later:how to check that we are joined the community?&quot;,&quot;err&quot;:{&quot;message&quot;:&quot;AssertionError: Timed out retrying after 4000ms: Expected to find element: `#moderator-join-button-`, but never found it.&quot;,&quot;estack&quot;:&quot;AssertionError: Timed out retrying after 4000ms: Expected to find element: `#moderator-join-button-`, but never found it.\n    at userProfileObject.joinAndUnjoin (webpack:///./cypress/e2e/SWE_PROJECT/PageObjects/UserProfileObjects/userProfileObject.js:264:11)\n    at Context.eval (webpack:///./cypress/e2e/SWE_PROJECT/UserProfileActions/userProfile.cy.js:179:16)&quot;},&quot;uuid&quot;:&quot;37bbea2e-a6e1-4f5b-a066-e9c1a6934476&quot;,&quot;parentUUID&quot;:&quot;0db545ea-0f36-459d-b1bd-6dc4c998494f&quot;,&quot;isHook&quot;:false,&quot;skipped&quot;:false},{&quot;title&quot;:&quot;Check loading the main user profile page when clicking on his url under his profile name&quot;,&quot;fullTitle&quot;:&quot;Test user profile page Check loading the main user profile page when clicking on his url under his profile name&quot;,&quot;duration&quot;:5253,&quot;state&quot;:&quot;failed&quot;,&quot;pass&quot;:false,&quot;fail&quot;:true,&quot;pending&quot;:false,&quot;code&quot;:&quot;cov_2334rj487x().f[28]++;\nconst userProfile = (cov_2334rj487x().s[111]++, new _PageObjects_UserProfileObjects_userProfileObject__WEBPACK_IMPORTED_MODULE_0__[\&quot;default\&quot;]());\ncov_2334rj487x().s[112]++;\nuserProfile.usernameUrl();\ncov_2334rj487x().s[113]++;\nuserProfile.overviewPage();&quot;,&quot;err&quot;:{&quot;message&quot;:&quot;AssertionError: Timed out retrying after 4000ms: Expected to find element: `#profile-pic-user-name`, but never found it.&quot;,&quot;estack&quot;:&quot;AssertionError: Timed out retrying after 4000ms: Expected to find element: `#profile-pic-user-name`, but never found it.\n    at userProfileObject.usernameUrl (webpack:///./cypress/e2e/SWE_PROJECT/PageObjects/UserProfileObjects/userProfileObject.js:184:11)\n    at Context.eval (webpack:///./cypress/e2e/SWE_PROJECT/UserProfileActions/userProfile.cy.js:192:16)&quot;},&quot;uuid&quot;:&quot;7f2291c0-91bb-4d77-b926-e4e6964a99d5&quot;,&quot;parentUUID&quot;:&quot;0db545ea-0f36-459d-b1bd-6dc4c998494f&quot;,&quot;isHook&quot;:false,&quot;skipped&quot;:false}],&quot;suites&quot;:[],&quot;passes&quot;:[],&quot;failures&quot;:[&quot;bbbfb38b-f7ef-4dd3-9a8e-226f50d5a72e&quot;,&quot;18689ce0-d620-4e62-96cc-95f3d130fc11&quot;,&quot;13bcf9a9-8edb-42fe-8f46-2578de730dcd&quot;,&quot;67ff2e29-3f0d-4478-8eea-2c77a5605336&quot;,&quot;3efd79c8-7d3f-459e-99b5-378ec2846094&quot;,&quot;d9600fdb-4bdc-4e67-827e-8915277addf3&quot;,&quot;c6a675bb-6d1c-46e9-bdff-022fa5e01958&quot;,&quot;e9847bb0-724c-4a8e-bcc6-0242d38a7350&quot;,&quot;b12d65c7-9a8e-46db-83ce-37682e06122b&quot;,&quot;aff0e6cd-66f2-4146-80ed-797030413baf&quot;,&quot;f0700d69-bfc2-451e-b714-66b405d03439&quot;,&quot;a904ea0b-2775-40de-8383-deef51ed58ac&quot;,&quot;fc730d1e-179a-4e45-adb9-9040bf47186c&quot;,&quot;674f82b9-de4b-4efb-82db-c74f0f8df770&quot;,&quot;c9102ad6-af44-4895-865a-432c2891156d&quot;,&quot;eb829471-a8cb-4768-b3a2-db000b81d675&quot;,&quot;e3cf4eea-30ba-4d38-8068-6a4540a3f04e&quot;,&quot;07b8353b-9f42-4af4-b7e8-2896b06f38a6&quot;,&quot;39d6d80a-1869-49a4-b40c-fde06e15c7a2&quot;,&quot;8667ec34-06b5-4941-9c74-7203a8bd10e9&quot;,&quot;2c937044-1323-47d0-a564-01302e751a91&quot;,&quot;a7d7eac2-0edf-4bc9-a4a8-1d2404df65c5&quot;,&quot;cb1e538f-0de2-48e4-8e1f-bb7f74b1781f&quot;,&quot;7707dd63-5ab3-4899-8dfa-7f4c75d2500e&quot;,&quot;6c1d197c-0169-4802-9e41-5ff4b5f40264&quot;,&quot;37bbea2e-a6e1-4f5b-a066-e9c1a6934476&quot;,&quot;7f2291c0-91bb-4d77-b926-e4e6964a99d5&quot;],&quot;pending&quot;:[],&quot;skipped&quot;:[],&quot;duration&quot;:179458,&quot;root&quot;:false,&quot;rootEmpty&quot;:false,&quot;_timeout&quot;:2000}],&quot;passes&quot;:[],&quot;failures&quot;:[],&quot;pending&quot;:[],&quot;skipped&quot;:[],&quot;duration&quot;:0,&quot;root&quot;:true,&quot;rootEmpty&quot;:true,&quot;_timeout&quot;:2000}],&quot;meta&quot;:{&quot;mocha&quot;:{&quot;version&quot;:&quot;7.0.1&quot;},&quot;mochawesome&quot;:{&quot;options&quot;:{&quot;quiet&quot;:false,&quot;reportFilename&quot;:&quot;mochawesome&quot;,&quot;saveHtml&quot;:true,&quot;saveJson&quot;:false,&quot;consoleReporter&quot;:&quot;spec&quot;,&quot;useInlineDiffs&quot;:false,&quot;code&quot;:true},&quot;version&quot;:&quot;7.1.3&quot;},&quot;marge&quot;:{&quot;options&quot;:{&quot;charts&quot;:true,&quot;overwrite&quot;:true,&quot;html&quot;:true,&quot;json&quot;:false,&quot;timestamp&quot;:&quot;mmddyyyy_HHMMss&quot;,&quot;reportDir&quot;:&quot;cypress/report/SWE_Reports_number_Success_fail&quot;},&quot;version&quot;:&quot;6.2.0&quot;}}}" data-config="{&quot;reportFilename&quot;:&quot;mochawesome&quot;,&quot;reportDir&quot;:&quot;cypress/report/SWE_Reports_number_Success_fail&quot;,&quot;reportTitle&quot;:&quot;CypressAutomation&quot;,&quot;reportPageTitle&quot;:&quot;Mochawesome Report&quot;,&quot;inline&quot;:false,&quot;inlineAssets&quot;:false,&quot;cdn&quot;:false,&quot;charts&quot;:true,&quot;enableCharts&quot;:true,&quot;code&quot;:true,&quot;enableCode&quot;:true,&quot;autoOpen&quot;:false,&quot;overwrite&quot;:true,&quot;timestamp&quot;:&quot;mmddyyyy_HHMMss&quot;,&quot;ts&quot;:&quot;mmddyyyy_HHMMss&quot;,&quot;showPassed&quot;:true,&quot;showFailed&quot;:true,&quot;showPending&quot;:true,&quot;showSkipped&quot;:false,&quot;showHooks&quot;:&quot;failed&quot;,&quot;saveJson&quot;:false,&quot;saveHtml&quot;:true,&quot;dev&quot;:false,&quot;assetsDir&quot;:&quot;cypress/report/SWE_Reports_number_Success_fail/assets&quot;,&quot;htmlFile&quot;:&quot;/home/karimmahmoud/Desktop/CypressAutomation/cypress/report/SWE_Reports_number_Success_fail/mochawesome_12242022_171621.html&quot;}"><div id="report"></div><script src="assets/app.js"></script></body></html>